<?xml version="1.0" encoding="UTF-8"?>
<coverage generated="1764211293688" clover="3.2.0">
  <project timestamp="1764211293688" name="All files">
    <metrics statements="473" coveredstatements="431" conditionals="239" coveredconditionals="200" methods="41" coveredmethods="38" elements="753" coveredelements="669" complexity="0" loc="473" ncloc="473" packages="4" files="9" classes="9"/>
    <package name="config">
      <metrics statements="6" coveredstatements="5" conditionals="2" coveredconditionals="1" methods="1" coveredmethods="0"/>
      <file name="database.js" path="C:\test\todotodotodo\backend\src\config\database.js">
        <metrics statements="6" coveredstatements="5" conditionals="2" coveredconditionals="1" methods="1" coveredmethods="0"/>
        <line num="2" count="4" type="stmt"/>
        <line num="3" count="4" type="stmt"/>
        <line num="5" count="4" type="stmt"/>
        <line num="10" count="4" type="stmt"/>
        <line num="11" count="0" type="stmt"/>
        <line num="14" count="4" type="stmt"/>
      </file>
    </package>
    <package name="middleware">
      <metrics statements="16" coveredstatements="15" conditionals="6" coveredconditionals="6" methods="1" coveredmethods="1"/>
      <file name="authMiddleware.js" path="C:\test\todotodotodo\backend\src\middleware\authMiddleware.js">
        <metrics statements="16" coveredstatements="15" conditionals="6" coveredconditionals="6" methods="1" coveredmethods="1"/>
        <line num="2" count="4" type="stmt"/>
        <line num="4" count="4" type="stmt"/>
        <line num="5" count="94" type="stmt"/>
        <line num="6" count="94" type="stmt"/>
        <line num="8" count="94" type="cond" truecount="2" falsecount="0"/>
        <line num="9" count="11" type="stmt"/>
        <line num="16" count="83" type="stmt"/>
        <line num="18" count="83" type="cond" truecount="2" falsecount="0"/>
        <line num="19" count="2" type="stmt"/>
        <line num="26" count="81" type="stmt"/>
        <line num="28" count="81" type="cond" truecount="2" falsecount="0"/>
        <line num="29" count="11" type="stmt"/>
        <line num="37" count="70" type="stmt"/>
        <line num="38" count="70" type="stmt"/>
        <line num="40" count="0" type="stmt"/>
        <line num="48" count="4" type="stmt"/>
      </file>
    </package>
    <package name="routes">
      <metrics statements="338" coveredstatements="313" conditionals="159" coveredconditionals="139" methods="18" coveredmethods="17"/>
      <file name="authRoutes.js" path="C:\test\todotodotodo\backend\src\routes\authRoutes.js">
        <metrics statements="50" coveredstatements="48" conditionals="27" coveredconditionals="25" methods="2" coveredmethods="2"/>
        <line num="2" count="4" type="stmt"/>
        <line num="3" count="4" type="stmt"/>
        <line num="4" count="4" type="stmt"/>
        <line num="5" count="4" type="stmt"/>
        <line num="6" count="4" type="stmt"/>
        <line num="11" count="4" type="stmt"/>
        <line num="16" count="4" type="stmt"/>
        <line num="19" count="4" type="stmt"/>
        <line num="22" count="4" type="stmt"/>
        <line num="23" count="40" type="stmt"/>
        <line num="24" count="40" type="stmt"/>
        <line num="27" count="40" type="cond" truecount="5" falsecount="0"/>
        <line num="28" count="9" type="stmt"/>
        <line num="32" count="31" type="cond" truecount="2" falsecount="0"/>
        <line num="33" count="5" type="stmt"/>
        <line num="37" count="26" type="stmt"/>
        <line num="38" count="26" type="cond" truecount="2" falsecount="0"/>
        <line num="39" count="5" type="stmt"/>
        <line num="43" count="21" type="stmt"/>
        <line num="44" count="21" type="cond" truecount="2" falsecount="0"/>
        <line num="45" count="3" type="stmt"/>
        <line num="49" count="18" type="stmt"/>
        <line num="54" count="17" type="cond" truecount="2" falsecount="0"/>
        <line num="55" count="2" type="stmt"/>
        <line num="59" count="15" type="stmt"/>
        <line num="62" count="15" type="stmt"/>
        <line num="67" count="15" type="stmt"/>
        <line num="70" count="15" type="stmt"/>
        <line num="82" count="25" type="cond" truecount="1" falsecount="1"/>
        <line num="83" count="0" type="stmt"/>
        <line num="91" count="25" type="stmt"/>
        <line num="96" count="4" type="stmt"/>
        <line num="97" count="23" type="stmt"/>
        <line num="98" count="23" type="stmt"/>
        <line num="101" count="23" type="cond" truecount="4" falsecount="0"/>
        <line num="102" count="6" type="stmt"/>
        <line num="106" count="17" type="cond" truecount="1" falsecount="1"/>
        <line num="107" count="0" type="stmt"/>
        <line num="111" count="17" type="stmt"/>
        <line num="116" count="17" type="stmt"/>
        <line num="117" count="16" type="stmt"/>
        <line num="119" count="16" type="cond" truecount="2" falsecount="0"/>
        <line num="121" count="11" type="stmt"/>
        <line num="124" count="5" type="stmt"/>
        <line num="128" count="16" type="cond" truecount="4" falsecount="0"/>
        <line num="129" count="9" type="stmt"/>
        <line num="133" count="7" type="stmt"/>
        <line num="136" count="7" type="stmt"/>
        <line num="150" count="16" type="stmt"/>
        <line num="154" count="4" type="stmt"/>
      </file>
      <file name="todoRoutes.js" path="C:\test\todotodotodo\backend\src\routes\todoRoutes.js">
        <metrics statements="288" coveredstatements="265" conditionals="132" coveredconditionals="114" methods="16" coveredmethods="15"/>
        <line num="2" count="4" type="stmt"/>
        <line num="3" count="4" type="stmt"/>
        <line num="4" count="4" type="stmt"/>
        <line num="5" count="4" type="stmt"/>
        <line num="6" count="4" type="stmt"/>
        <line num="13" count="4" type="stmt"/>
        <line num="16" count="4" type="stmt"/>
        <line num="17" count="15" type="stmt"/>
        <line num="18" count="15" type="stmt"/>
        <line num="19" count="15" type="stmt"/>
        <line num="22" count="15" type="stmt"/>
        <line num="23" count="15" type="cond" truecount="4" falsecount="0"/>
        <line num="24" count="2" type="stmt"/>
        <line num="28" count="13" type="stmt"/>
        <line num="29" count="13" type="stmt"/>
        <line num="31" count="13" type="cond" truecount="2" falsecount="0"/>
        <line num="33" count="1" type="stmt"/>
        <line num="34" count="1" type="stmt"/>
        <line num="35" count="12" type="cond" truecount="2" falsecount="0"/>
        <line num="37" count="1" type="stmt"/>
        <line num="38" count="1" type="stmt"/>
        <line num="39" count="11" type="cond" truecount="2" falsecount="0"/>
        <line num="41" count="2" type="stmt"/>
        <line num="44" count="9" type="stmt"/>
        <line num="47" count="13" type="stmt"/>
        <line num="48" count="13" type="stmt"/>
        <line num="67" count="13" type="stmt"/>
        <line num="70" count="27" type="stmt"/>
        <line num="85" count="13" type="stmt"/>
        <line num="94" count="2" type="stmt"/>
        <line num="99" count="4" type="stmt"/>
        <line num="100" count="16" type="stmt"/>
        <line num="102" count="16" type="stmt"/>
        <line num="105" count="16" type="stmt"/>
        <line num="108" count="16" type="cond" truecount="8" falsecount="0"/>
        <line num="109" count="4" type="stmt"/>
        <line num="113" count="12" type="stmt"/>
        <line num="114" count="12" type="cond" truecount="2" falsecount="0"/>
        <line num="115" count="3" type="stmt"/>
        <line num="119" count="9" type="stmt"/>
        <line num="120" count="9" type="cond" truecount="2" falsecount="0"/>
        <line num="121" count="2" type="stmt"/>
        <line num="124" count="7" type="stmt"/>
        <line num="125" count="7" type="cond" truecount="1" falsecount="1"/>
        <line num="126" count="0" type="stmt"/>
        <line num="130" count="7" type="stmt"/>
        <line num="131" count="7" type="cond" truecount="2" falsecount="0"/>
        <line num="132" count="2" type="stmt"/>
        <line num="136" count="5" type="stmt"/>
        <line num="141" count="5" type="stmt"/>
        <line num="142" count="5" type="stmt"/>
        <line num="145" count="5" type="cond" truecount="2" falsecount="0"/>
        <line num="148" count="5" type="stmt"/>
        <line num="176" count="5" type="stmt"/>
        <line num="186" count="5" type="stmt"/>
        <line num="189" count="5" type="stmt"/>
        <line num="190" count="10" type="cond" truecount="1" falsecount="1"/>
        <line num="191" count="10" type="stmt"/>
        <line num="192" count="10" type="stmt"/>
        <line num="193" count="10" type="stmt"/>
        <line num="194" count="10" type="stmt"/>
        <line num="195" count="10" type="stmt"/>
        <line num="198" count="5" type="stmt"/>
        <line num="213" count="5" type="stmt"/>
        <line num="220" count="11" type="stmt"/>
        <line num="225" count="4" type="stmt"/>
        <line num="226" count="11" type="stmt"/>
        <line num="227" count="11" type="stmt"/>
        <line num="228" count="11" type="stmt"/>
        <line num="229" count="11" type="stmt"/>
        <line num="232" count="11" type="stmt"/>
        <line num="248" count="11" type="stmt"/>
        <line num="250" count="11" type="cond" truecount="2" falsecount="0"/>
        <line num="251" count="1" type="stmt"/>
        <line num="254" count="10" type="stmt"/>
        <line num="257" count="10" type="cond" truecount="2" falsecount="0"/>
        <line num="258" count="2" type="stmt"/>
        <line num="262" count="8" type="cond" truecount="2" falsecount="0"/>
        <line num="263" count="1" type="stmt"/>
        <line num="267" count="7" type="cond" truecount="2" falsecount="0"/>
        <line num="268" count="7" type="cond" truecount="2" falsecount="0"/>
        <line num="269" count="7" type="cond" truecount="2" falsecount="0"/>
        <line num="271" count="7" type="cond" truecount="2" falsecount="0"/>
        <line num="272" count="4" type="stmt"/>
        <line num="273" count="4" type="cond" truecount="2" falsecount="0"/>
        <line num="274" count="1" type="stmt"/>
        <line num="278" count="6" type="cond" truecount="2" falsecount="0"/>
        <line num="279" count="4" type="stmt"/>
        <line num="280" count="4" type="cond" truecount="2" falsecount="0"/>
        <line num="281" count="1" type="stmt"/>
        <line num="285" count="5" type="cond" truecount="2" falsecount="0"/>
        <line num="286" count="4" type="stmt"/>
        <line num="287" count="4" type="cond" truecount="1" falsecount="1"/>
        <line num="288" count="0" type="stmt"/>
        <line num="293" count="5" type="cond" truecount="2" falsecount="0"/>
        <line num="294" count="5" type="cond" truecount="2" falsecount="0"/>
        <line num="296" count="5" type="cond" truecount="4" falsecount="0"/>
        <line num="297" count="4" type="stmt"/>
        <line num="298" count="4" type="cond" truecount="2" falsecount="0"/>
        <line num="299" count="1" type="stmt"/>
        <line num="304" count="4" type="stmt"/>
        <line num="305" count="4" type="stmt"/>
        <line num="306" count="4" type="stmt"/>
        <line num="308" count="4" type="cond" truecount="2" falsecount="0"/>
        <line num="309" count="3" type="stmt"/>
        <line num="310" count="3" type="stmt"/>
        <line num="311" count="3" type="stmt"/>
        <line num="314" count="4" type="cond" truecount="2" falsecount="0"/>
        <line num="315" count="2" type="stmt"/>
        <line num="316" count="2" type="stmt"/>
        <line num="317" count="2" type="stmt"/>
        <line num="320" count="4" type="cond" truecount="2" falsecount="0"/>
        <line num="321" count="3" type="stmt"/>
        <line num="322" count="3" type="stmt"/>
        <line num="323" count="3" type="stmt"/>
        <line num="326" count="4" type="stmt"/>
        <line num="327" count="4" type="stmt"/>
        <line num="328" count="4" type="stmt"/>
        <line num="330" count="4" type="stmt"/>
        <line num="333" count="4" type="stmt"/>
        <line num="334" count="4" type="stmt"/>
        <line num="335" count="8" type="cond" truecount="1" falsecount="1"/>
        <line num="336" count="8" type="stmt"/>
        <line num="337" count="8" type="stmt"/>
        <line num="338" count="8" type="stmt"/>
        <line num="339" count="8" type="stmt"/>
        <line num="340" count="8" type="stmt"/>
        <line num="343" count="4" type="stmt"/>
        <line num="358" count="4" type="stmt"/>
        <line num="365" count="7" type="stmt"/>
        <line num="370" count="4" type="stmt"/>
        <line num="371" count="5" type="stmt"/>
        <line num="372" count="5" type="stmt"/>
        <line num="373" count="5" type="stmt"/>
        <line num="376" count="5" type="stmt"/>
        <line num="383" count="5" type="stmt"/>
        <line num="385" count="5" type="cond" truecount="2" falsecount="0"/>
        <line num="386" count="1" type="stmt"/>
        <line num="389" count="4" type="stmt"/>
        <line num="392" count="4" type="cond" truecount="2" falsecount="0"/>
        <line num="393" count="2" type="stmt"/>
        <line num="397" count="2" type="stmt"/>
        <line num="418" count="2" type="stmt"/>
        <line num="421" count="2" type="stmt"/>
        <line num="422" count="2" type="stmt"/>
        <line num="423" count="4" type="cond" truecount="1" falsecount="1"/>
        <line num="424" count="4" type="stmt"/>
        <line num="425" count="4" type="stmt"/>
        <line num="426" count="4" type="stmt"/>
        <line num="427" count="4" type="stmt"/>
        <line num="428" count="4" type="stmt"/>
        <line num="431" count="2" type="stmt"/>
        <line num="446" count="2" type="stmt"/>
        <line num="453" count="3" type="stmt"/>
        <line num="458" count="4" type="stmt"/>
        <line num="459" count="5" type="stmt"/>
        <line num="460" count="5" type="stmt"/>
        <line num="461" count="5" type="stmt"/>
        <line num="464" count="5" type="stmt"/>
        <line num="472" count="5" type="stmt"/>
        <line num="474" count="5" type="cond" truecount="2" falsecount="0"/>
        <line num="475" count="1" type="stmt"/>
        <line num="478" count="4" type="stmt"/>
        <line num="481" count="4" type="cond" truecount="2" falsecount="0"/>
        <line num="482" count="1" type="stmt"/>
        <line num="486" count="3" type="cond" truecount="2" falsecount="0"/>
        <line num="487" count="1" type="stmt"/>
        <line num="491" count="2" type="stmt"/>
        <line num="512" count="2" type="stmt"/>
        <line num="515" count="2" type="stmt"/>
        <line num="516" count="2" type="stmt"/>
        <line num="517" count="4" type="cond" truecount="1" falsecount="1"/>
        <line num="518" count="4" type="stmt"/>
        <line num="519" count="4" type="stmt"/>
        <line num="520" count="4" type="stmt"/>
        <line num="521" count="4" type="stmt"/>
        <line num="522" count="4" type="stmt"/>
        <line num="525" count="2" type="stmt"/>
        <line num="540" count="2" type="stmt"/>
        <line num="547" count="3" type="stmt"/>
        <line num="552" count="4" type="stmt"/>
        <line num="553" count="6" type="stmt"/>
        <line num="554" count="6" type="stmt"/>
        <line num="555" count="6" type="stmt"/>
        <line num="558" count="6" type="stmt"/>
        <line num="567" count="6" type="stmt"/>
        <line num="569" count="6" type="cond" truecount="2" falsecount="0"/>
        <line num="570" count="1" type="stmt"/>
        <line num="573" count="5" type="stmt"/>
        <line num="576" count="5" type="cond" truecount="2" falsecount="0"/>
        <line num="577" count="1" type="stmt"/>
        <line num="581" count="4" type="cond" truecount="2" falsecount="0"/>
        <line num="582" count="1" type="stmt"/>
        <line num="586" count="3" type="stmt"/>
        <line num="587" count="3" type="stmt"/>
        <line num="607" count="3" type="stmt"/>
        <line num="610" count="3" type="stmt"/>
        <line num="611" count="3" type="stmt"/>
        <line num="612" count="6" type="cond" truecount="1" falsecount="1"/>
        <line num="613" count="6" type="stmt"/>
        <line num="614" count="6" type="stmt"/>
        <line num="615" count="6" type="stmt"/>
        <line num="616" count="6" type="stmt"/>
        <line num="617" count="6" type="stmt"/>
        <line num="620" count="3" type="stmt"/>
        <line num="635" count="3" type="stmt"/>
        <line num="642" count="3" type="stmt"/>
        <line num="647" count="4" type="stmt"/>
        <line num="648" count="8" type="stmt"/>
        <line num="649" count="8" type="stmt"/>
        <line num="650" count="8" type="stmt"/>
        <line num="653" count="8" type="stmt"/>
        <line num="661" count="8" type="stmt"/>
        <line num="663" count="8" type="cond" truecount="2" falsecount="0"/>
        <line num="664" count="2" type="stmt"/>
        <line num="667" count="6" type="stmt"/>
        <line num="670" count="6" type="cond" truecount="2" falsecount="0"/>
        <line num="671" count="2" type="stmt"/>
        <line num="675" count="4" type="cond" truecount="2" falsecount="0"/>
        <line num="676" count="1" type="stmt"/>
        <line num="680" count="3" type="stmt"/>
        <line num="685" count="3" type="stmt"/>
        <line num="687" count="3" type="cond" truecount="1" falsecount="1"/>
        <line num="689" count="0" type="stmt"/>
        <line num="693" count="3" type="stmt"/>
        <line num="699" count="5" type="stmt"/>
        <line num="704" count="4" type="stmt"/>
        <line num="705" count="10" type="stmt"/>
        <line num="706" count="10" type="stmt"/>
        <line num="707" count="10" type="stmt"/>
        <line num="708" count="10" type="stmt"/>
        <line num="711" count="10" type="cond" truecount="4" falsecount="0"/>
        <line num="712" count="2" type="stmt"/>
        <line num="716" count="8" type="cond" truecount="4" falsecount="0"/>
        <line num="717" count="2" type="stmt"/>
        <line num="720" count="6" type="cond" truecount="2" falsecount="0"/>
        <line num="721" count="1" type="stmt"/>
        <line num="725" count="5" type="stmt"/>
        <line num="734" count="5" type="stmt"/>
        <line num="736" count="5" type="cond" truecount="2" falsecount="0"/>
        <line num="737" count="1" type="stmt"/>
        <line num="740" count="4" type="stmt"/>
        <line num="743" count="4" type="cond" truecount="2" falsecount="0"/>
        <line num="744" count="1" type="stmt"/>
        <line num="748" count="3" type="stmt"/>
        <line num="750" count="3" type="stmt"/>
        <line num="751" count="3" type="stmt"/>
        <line num="753" count="3" type="cond" truecount="2" falsecount="0"/>
        <line num="756" count="2" type="stmt"/>
        <line num="764" count="1" type="cond" truecount="1" falsecount="1"/>
        <line num="767" count="1" type="stmt"/>
        <line num="778" count="3" type="stmt"/>
        <line num="798" count="3" type="stmt"/>
        <line num="801" count="3" type="stmt"/>
        <line num="802" count="3" type="stmt"/>
        <line num="803" count="6" type="cond" truecount="1" falsecount="1"/>
        <line num="804" count="6" type="stmt"/>
        <line num="805" count="6" type="stmt"/>
        <line num="806" count="6" type="stmt"/>
        <line num="807" count="6" type="stmt"/>
        <line num="808" count="6" type="stmt"/>
        <line num="811" count="3" type="stmt"/>
        <line num="825" count="3" type="stmt"/>
        <line num="828" count="3" type="stmt"/>
        <line num="834" count="0" type="stmt"/>
        <line num="835" count="0" type="stmt"/>
        <line num="837" count="3" type="stmt"/>
        <line num="841" count="7" type="stmt"/>
        <line num="846" count="4" type="stmt"/>
        <line num="847" count="0" type="stmt"/>
        <line num="848" count="0" type="stmt"/>
        <line num="849" count="0" type="stmt"/>
        <line num="852" count="0" type="stmt"/>
        <line num="860" count="0" type="stmt"/>
        <line num="862" count="0" type="cond" truecount="0" falsecount="2"/>
        <line num="863" count="0" type="stmt"/>
        <line num="866" count="0" type="stmt"/>
        <line num="869" count="0" type="cond" truecount="0" falsecount="2"/>
        <line num="870" count="0" type="stmt"/>
        <line num="874" count="0" type="cond" truecount="0" falsecount="2"/>
        <line num="875" count="0" type="stmt"/>
        <line num="879" count="0" type="stmt"/>
        <line num="884" count="0" type="stmt"/>
        <line num="886" count="0" type="cond" truecount="0" falsecount="2"/>
        <line num="888" count="0" type="stmt"/>
        <line num="892" count="0" type="stmt"/>
        <line num="898" count="0" type="stmt"/>
        <line num="902" count="4" type="stmt"/>
      </file>
    </package>
    <package name="utils">
      <metrics statements="113" coveredstatements="98" conditionals="72" coveredconditionals="54" methods="21" coveredmethods="20"/>
      <file name="bcrypt.js" path="C:\test\todotodotodo\backend\src\utils\bcrypt.js">
        <metrics statements="7" coveredstatements="7" conditionals="0" coveredconditionals="0" methods="2" coveredmethods="2"/>
        <line num="2" count="4" type="stmt"/>
        <line num="4" count="4" type="stmt"/>
        <line num="7" count="4" type="stmt"/>
        <line num="8" count="15" type="stmt"/>
        <line num="12" count="4" type="stmt"/>
        <line num="13" count="16" type="stmt"/>
        <line num="16" count="4" type="stmt"/>
      </file>
      <file name="customErrors.js" path="C:\test\todotodotodo\backend\src\utils\customErrors.js">
        <metrics statements="13" coveredstatements="13" conditionals="5" coveredconditionals="3" methods="6" coveredmethods="6"/>
        <line num="7" count="80" type="stmt"/>
        <line num="8" count="80" type="stmt"/>
        <line num="9" count="80" type="stmt"/>
        <line num="10" count="80" type="cond" truecount="1" falsecount="1"/>
        <line num="11" count="80" type="stmt"/>
        <line num="13" count="80" type="stmt"/>
        <line num="19" count="51" type="stmt"/>
        <line num="20" count="51" type="stmt"/>
        <line num="26" count="9" type="stmt"/>
        <line num="32" count="9" type="stmt"/>
        <line num="38" count="7" type="stmt"/>
        <line num="44" count="4" type="stmt"/>
        <line num="48" count="4" type="stmt"/>
      </file>
      <file name="errorHandler.js" path="C:\test\todotodotodo\backend\src\utils\errorHandler.js">
        <metrics statements="35" coveredstatements="26" conditionals="30" coveredconditionals="23" methods="3" coveredmethods="3"/>
        <line num="14" count="5" type="stmt"/>
        <line num="19" count="2" type="cond" truecount="1" falsecount="1"/>
        <line num="20" count="2" type="stmt"/>
        <line num="36" count="5" type="cond" truecount="1" falsecount="0"/>
        <line num="37" count="93" type="stmt"/>
        <line num="44" count="93" type="cond" truecount="4" falsecount="0"/>
        <line num="45" count="1" type="stmt"/>
        <line num="48" count="93" type="stmt"/>
        <line num="59" count="5" type="stmt"/>
        <line num="61" count="93" type="cond" truecount="4" falsecount="0"/>
        <line num="62" count="3" type="stmt"/>
        <line num="63" count="3" type="cond" truecount="2" falsecount="0"/>
        <line num="67" count="3" type="stmt"/>
        <line num="74" count="3" type="stmt"/>
        <line num="78" count="90" type="cond" truecount="3" falsecount="0"/>
        <line num="81" count="90" type="cond" truecount="2" falsecount="0"/>
        <line num="84" count="90" type="cond" truecount="2" falsecount="0"/>
        <line num="85" count="6" type="cond" truecount="1" falsecount="5"/>
        <line num="87" count="0" type="stmt"/>
        <line num="88" count="0" type="stmt"/>
        <line num="90" count="0" type="stmt"/>
        <line num="91" count="0" type="stmt"/>
        <line num="93" count="0" type="stmt"/>
        <line num="94" count="0" type="stmt"/>
        <line num="96" count="0" type="stmt"/>
        <line num="97" count="0" type="stmt"/>
        <line num="99" count="6" type="stmt"/>
        <line num="100" count="6" type="stmt"/>
        <line num="102" count="0" type="stmt"/>
        <line num="107" count="90" type="cond" truecount="2" falsecount="0"/>
        <line num="108" count="1" type="stmt"/>
        <line num="119" count="89" type="stmt"/>
        <line num="123" count="90" type="cond" truecount="1" falsecount="1"/>
        <line num="124" count="90" type="stmt"/>
        <line num="127" count="5" type="stmt"/>
      </file>
      <file name="jwt.js" path="C:\test\todotodotodo\backend\src\utils\jwt.js">
        <metrics statements="17" coveredstatements="16" conditionals="10" coveredconditionals="7" methods="3" coveredmethods="3"/>
        <line num="2" count="5" type="stmt"/>
        <line num="4" count="5" type="stmt"/>
        <line num="5" count="5" type="cond" truecount="1" falsecount="1"/>
        <line num="8" count="5" type="cond" truecount="1" falsecount="1"/>
        <line num="9" count="0" type="stmt"/>
        <line num="16" count="5" type="stmt"/>
        <line num="17" count="24" type="stmt"/>
        <line num="25" count="5" type="stmt"/>
        <line num="26" count="81" type="stmt"/>
        <line num="27" count="81" type="stmt"/>
        <line num="29" count="11" type="stmt"/>
        <line num="34" count="5" type="stmt"/>
        <line num="35" count="83" type="cond" truecount="1" falsecount="1"/>
        <line num="36" count="83" type="stmt"/>
        <line num="37" count="83" type="cond" truecount="4" falsecount="0"/>
        <line num="38" count="81" type="stmt"/>
        <line num="41" count="5" type="stmt"/>
      </file>
      <file name="validation.js" path="C:\test\todotodotodo\backend\src\utils\validation.js">
        <metrics statements="41" coveredstatements="36" conditionals="27" coveredconditionals="21" methods="7" coveredmethods="6"/>
        <line num="4" count="4" type="stmt"/>
        <line num="5" count="48" type="stmt"/>
        <line num="6" count="48" type="stmt"/>
        <line num="10" count="4" type="stmt"/>
        <line num="11" count="26" type="cond" truecount="2" falsecount="0"/>
        <line num="12" count="2" type="stmt"/>
        <line num="14" count="24" type="cond" truecount="2" falsecount="0"/>
        <line num="15" count="1" type="stmt"/>
        <line num="17" count="23" type="cond" truecount="2" falsecount="0"/>
        <line num="18" count="1" type="stmt"/>
        <line num="20" count="22" type="cond" truecount="2" falsecount="0"/>
        <line num="21" count="1" type="stmt"/>
        <line num="23" count="21" type="stmt"/>
        <line num="27" count="4" type="stmt"/>
        <line num="28" count="21" type="cond" truecount="4" falsecount="0"/>
        <line num="29" count="3" type="stmt"/>
        <line num="31" count="18" type="stmt"/>
        <line num="35" count="4" type="stmt"/>
        <line num="36" count="16" type="cond" truecount="4" falsecount="0"/>
        <line num="37" count="4" type="stmt"/>
        <line num="39" count="12" type="stmt"/>
        <line num="43" count="4" type="stmt"/>
        <line num="44" count="24" type="stmt"/>
        <line num="45" count="24" type="cond" truecount="2" falsecount="0"/>
        <line num="46" count="3" type="stmt"/>
        <line num="48" count="21" type="stmt"/>
        <line num="49" count="21" type="cond" truecount="1" falsecount="1"/>
        <line num="50" count="0" type="stmt"/>
        <line num="52" count="21" type="stmt"/>
        <line num="56" count="4" type="stmt"/>
        <line num="57" count="11" type="stmt"/>
        <line num="58" count="11" type="stmt"/>
        <line num="59" count="11" type="cond" truecount="2" falsecount="0"/>
        <line num="60" count="3" type="stmt"/>
        <line num="62" count="8" type="stmt"/>
        <line num="66" count="4" type="stmt"/>
        <line num="67" count="0" type="stmt"/>
        <line num="68" count="0" type="cond" truecount="0" falsecount="5"/>
        <line num="69" count="0" type="stmt"/>
        <line num="71" count="0" type="stmt"/>
        <line num="74" count="4" type="stmt"/>
      </file>
    </package>
  </project>
</coverage>
