{"C:\\test\\todotodotodo\\backend\\src\\config\\database.js": {"path":"C:\\test\\todotodotodo\\backend\\src\\config\\database.js","statementMap":{"0":{"start":{"line":2,"column":17},"end":{"line":2,"column":30}},"1":{"start":{"line":3,"column":0},"end":{"line":3,"column":27}},"2":{"start":{"line":5,"column":13},"end":{"line":8,"column":2}},"3":{"start":{"line":10,"column":0},"end":{"line":12,"column":3}},"4":{"start":{"line":11,"column":2},"end":{"line":11,"column":56}},"5":{"start":{"line":14,"column":0},"end":{"line":14,"column":22}}},"fnMap":{"0":{"name":"(anonymous_0)","decl":{"start":{"line":10,"column":17},"end":{"line":10,"column":18}},"loc":{"start":{"line":10,"column":26},"end":{"line":12,"column":1}},"line":10}},"branchMap":{"0":{"loc":{"start":{"line":7,"column":7},"end":{"line":7,"column":84}},"type":"cond-expr","locations":[{"start":{"line":7,"column":47},"end":{"line":7,"column":76}},{"start":{"line":7,"column":79},"end":{"line":7,"column":84}}],"line":7}},"s":{"0":0,"1":0,"2":0,"3":0,"4":0,"5":0},"f":{"0":0},"b":{"0":[0,0]}}
,"C:\\test\\todotodotodo\\backend\\src\\middleware\\authMiddleware.js": {"path":"C:\\test\\todotodotodo\\backend\\src\\middleware\\authMiddleware.js","statementMap":{"0":{"start":{"line":2,"column":48},"end":{"line":2,"column":71}},"1":{"start":{"line":4,"column":23},"end":{"line":46,"column":1}},"2":{"start":{"line":5,"column":2},"end":{"line":45,"column":3}},"3":{"start":{"line":6,"column":23},"end":{"line":6,"column":48}},"4":{"start":{"line":8,"column":4},"end":{"line":14,"column":5}},"5":{"start":{"line":9,"column":6},"end":{"line":13,"column":9}},"6":{"start":{"line":16,"column":18},"end":{"line":16,"column":52}},"7":{"start":{"line":18,"column":4},"end":{"line":24,"column":5}},"8":{"start":{"line":19,"column":6},"end":{"line":23,"column":9}},"9":{"start":{"line":26,"column":20},"end":{"line":26,"column":38}},"10":{"start":{"line":28,"column":4},"end":{"line":34,"column":5}},"11":{"start":{"line":29,"column":6},"end":{"line":33,"column":9}},"12":{"start":{"line":37,"column":4},"end":{"line":37,"column":23}},"13":{"start":{"line":38,"column":4},"end":{"line":38,"column":11}},"14":{"start":{"line":40,"column":4},"end":{"line":44,"column":7}},"15":{"start":{"line":48,"column":0},"end":{"line":48,"column":32}}},"fnMap":{"0":{"name":"(anonymous_0)","decl":{"start":{"line":4,"column":23},"end":{"line":4,"column":24}},"loc":{"start":{"line":4,"column":43},"end":{"line":46,"column":1}},"line":4}},"branchMap":{"0":{"loc":{"start":{"line":8,"column":4},"end":{"line":14,"column":5}},"type":"if","locations":[{"start":{"line":8,"column":4},"end":{"line":14,"column":5}},{"start":{},"end":{}}],"line":8},"1":{"loc":{"start":{"line":18,"column":4},"end":{"line":24,"column":5}},"type":"if","locations":[{"start":{"line":18,"column":4},"end":{"line":24,"column":5}},{"start":{},"end":{}}],"line":18},"2":{"loc":{"start":{"line":28,"column":4},"end":{"line":34,"column":5}},"type":"if","locations":[{"start":{"line":28,"column":4},"end":{"line":34,"column":5}},{"start":{},"end":{}}],"line":28}},"s":{"0":0,"1":0,"2":0,"3":0,"4":0,"5":0,"6":0,"7":0,"8":0,"9":0,"10":0,"11":0,"12":0,"13":0,"14":0,"15":0},"f":{"0":0},"b":{"0":[0,0],"1":[0,0],"2":[0,0]}}
,"C:\\test\\todotodotodo\\backend\\src\\routes\\authRoutes.js": {"path":"C:\\test\\todotodotodo\\backend\\src\\routes\\authRoutes.js","statementMap":{"0":{"start":{"line":2,"column":16},"end":{"line":2,"column":34}},"1":{"start":{"line":3,"column":15},"end":{"line":3,"column":31}},"2":{"start":{"line":4,"column":13},"end":{"line":4,"column":42}},"3":{"start":{"line":5,"column":26},"end":{"line":5,"column":49}},"4":{"start":{"line":6,"column":42},"end":{"line":6,"column":68}},"5":{"start":{"line":11,"column":4},"end":{"line":11,"column":34}},"6":{"start":{"line":14,"column":19},"end":{"line":14,"column":81}},"7":{"start":{"line":17,"column":0},"end":{"line":113,"column":3}},"8":{"start":{"line":18,"column":2},"end":{"line":112,"column":3}},"9":{"start":{"line":19,"column":38},"end":{"line":19,"column":46}},"10":{"start":{"line":22,"column":4},"end":{"line":28,"column":5}},"11":{"start":{"line":23,"column":6},"end":{"line":27,"column":9}},"12":{"start":{"line":31,"column":4},"end":{"line":37,"column":5}},"13":{"start":{"line":32,"column":6},"end":{"line":36,"column":9}},"14":{"start":{"line":40,"column":31},"end":{"line":40,"column":57}},"15":{"start":{"line":41,"column":4},"end":{"line":47,"column":5}},"16":{"start":{"line":42,"column":6},"end":{"line":46,"column":9}},"17":{"start":{"line":50,"column":27},"end":{"line":50,"column":45}},"18":{"start":{"line":51,"column":4},"end":{"line":57,"column":5}},"19":{"start":{"line":52,"column":6},"end":{"line":56,"column":9}},"20":{"start":{"line":60,"column":25},"end":{"line":63,"column":5}},"21":{"start":{"line":65,"column":4},"end":{"line":71,"column":5}},"22":{"start":{"line":66,"column":6},"end":{"line":70,"column":9}},"23":{"start":{"line":74,"column":25},"end":{"line":74,"column":53}},"24":{"start":{"line":77,"column":19},"end":{"line":80,"column":5}},"25":{"start":{"line":82,"column":20},"end":{"line":82,"column":34}},"26":{"start":{"line":85,"column":4},"end":{"line":94,"column":7}},"27":{"start":{"line":96,"column":4},"end":{"line":96,"column":40}},"28":{"start":{"line":99,"column":4},"end":{"line":105,"column":5}},"29":{"start":{"line":100,"column":6},"end":{"line":104,"column":9}},"30":{"start":{"line":107,"column":4},"end":{"line":111,"column":7}},"31":{"start":{"line":116,"column":0},"end":{"line":188,"column":3}},"32":{"start":{"line":117,"column":2},"end":{"line":187,"column":3}},"33":{"start":{"line":118,"column":32},"end":{"line":118,"column":40}},"34":{"start":{"line":121,"column":4},"end":{"line":127,"column":5}},"35":{"start":{"line":122,"column":6},"end":{"line":126,"column":9}},"36":{"start":{"line":130,"column":4},"end":{"line":136,"column":5}},"37":{"start":{"line":131,"column":6},"end":{"line":135,"column":9}},"38":{"start":{"line":139,"column":19},"end":{"line":142,"column":5}},"39":{"start":{"line":144,"column":15},"end":{"line":144,"column":29}},"40":{"start":{"line":145,"column":26},"end":{"line":145,"column":31}},"41":{"start":{"line":147,"column":4},"end":{"line":153,"column":5}},"42":{"start":{"line":149,"column":6},"end":{"line":149,"column":75}},"43":{"start":{"line":152,"column":6},"end":{"line":152,"column":50}},"44":{"start":{"line":156,"column":4},"end":{"line":162,"column":5}},"45":{"start":{"line":157,"column":6},"end":{"line":161,"column":9}},"46":{"start":{"line":165,"column":18},"end":{"line":165,"column":44}},"47":{"start":{"line":168,"column":4},"end":{"line":179,"column":7}},"48":{"start":{"line":181,"column":4},"end":{"line":181,"column":39}},"49":{"start":{"line":182,"column":4},"end":{"line":186,"column":7}},"50":{"start":{"line":190,"column":0},"end":{"line":190,"column":24}}},"fnMap":{"0":{"name":"(anonymous_0)","decl":{"start":{"line":17,"column":23},"end":{"line":17,"column":24}},"loc":{"start":{"line":17,"column":43},"end":{"line":113,"column":1}},"line":17},"1":{"name":"(anonymous_1)","decl":{"start":{"line":116,"column":22},"end":{"line":116,"column":23}},"loc":{"start":{"line":116,"column":42},"end":{"line":188,"column":1}},"line":116}},"branchMap":{"0":{"loc":{"start":{"line":22,"column":4},"end":{"line":28,"column":5}},"type":"if","locations":[{"start":{"line":22,"column":4},"end":{"line":28,"column":5}},{"start":{},"end":{}}],"line":22},"1":{"loc":{"start":{"line":22,"column":8},"end":{"line":22,"column":36}},"type":"binary-expr","locations":[{"start":{"line":22,"column":8},"end":{"line":22,"column":14}},{"start":{"line":22,"column":18},"end":{"line":22,"column":27}},{"start":{"line":22,"column":31},"end":{"line":22,"column":36}}],"line":22},"2":{"loc":{"start":{"line":31,"column":4},"end":{"line":37,"column":5}},"type":"if","locations":[{"start":{"line":31,"column":4},"end":{"line":37,"column":5}},{"start":{},"end":{}}],"line":31},"3":{"loc":{"start":{"line":41,"column":4},"end":{"line":47,"column":5}},"type":"if","locations":[{"start":{"line":41,"column":4},"end":{"line":47,"column":5}},{"start":{},"end":{}}],"line":41},"4":{"loc":{"start":{"line":51,"column":4},"end":{"line":57,"column":5}},"type":"if","locations":[{"start":{"line":51,"column":4},"end":{"line":57,"column":5}},{"start":{},"end":{}}],"line":51},"5":{"loc":{"start":{"line":65,"column":4},"end":{"line":71,"column":5}},"type":"if","locations":[{"start":{"line":65,"column":4},"end":{"line":71,"column":5}},{"start":{},"end":{}}],"line":65},"6":{"loc":{"start":{"line":99,"column":4},"end":{"line":105,"column":5}},"type":"if","locations":[{"start":{"line":99,"column":4},"end":{"line":105,"column":5}},{"start":{},"end":{}}],"line":99},"7":{"loc":{"start":{"line":121,"column":4},"end":{"line":127,"column":5}},"type":"if","locations":[{"start":{"line":121,"column":4},"end":{"line":127,"column":5}},{"start":{},"end":{}}],"line":121},"8":{"loc":{"start":{"line":121,"column":8},"end":{"line":121,"column":27}},"type":"binary-expr","locations":[{"start":{"line":121,"column":8},"end":{"line":121,"column":14}},{"start":{"line":121,"column":18},"end":{"line":121,"column":27}}],"line":121},"9":{"loc":{"start":{"line":130,"column":4},"end":{"line":136,"column":5}},"type":"if","locations":[{"start":{"line":130,"column":4},"end":{"line":136,"column":5}},{"start":{},"end":{}}],"line":130},"10":{"loc":{"start":{"line":147,"column":4},"end":{"line":153,"column":5}},"type":"if","locations":[{"start":{"line":147,"column":4},"end":{"line":153,"column":5}},{"start":{"line":150,"column":11},"end":{"line":153,"column":5}}],"line":147},"11":{"loc":{"start":{"line":156,"column":4},"end":{"line":162,"column":5}},"type":"if","locations":[{"start":{"line":156,"column":4},"end":{"line":162,"column":5}},{"start":{},"end":{}}],"line":156},"12":{"loc":{"start":{"line":156,"column":8},"end":{"line":156,"column":33}},"type":"binary-expr","locations":[{"start":{"line":156,"column":8},"end":{"line":156,"column":13}},{"start":{"line":156,"column":17},"end":{"line":156,"column":33}}],"line":156}},"s":{"0":0,"1":0,"2":0,"3":0,"4":0,"5":0,"6":0,"7":0,"8":0,"9":0,"10":0,"11":0,"12":0,"13":0,"14":0,"15":0,"16":0,"17":0,"18":0,"19":0,"20":0,"21":0,"22":0,"23":0,"24":0,"25":0,"26":0,"27":0,"28":0,"29":0,"30":0,"31":0,"32":0,"33":0,"34":0,"35":0,"36":0,"37":0,"38":0,"39":0,"40":0,"41":0,"42":0,"43":0,"44":0,"45":0,"46":0,"47":0,"48":0,"49":0,"50":0},"f":{"0":0,"1":0},"b":{"0":[0,0],"1":[0,0,0],"2":[0,0],"3":[0,0],"4":[0,0],"5":[0,0],"6":[0,0],"7":[0,0],"8":[0,0],"9":[0,0],"10":[0,0],"11":[0,0],"12":[0,0]}}
,"C:\\test\\todotodotodo\\backend\\src\\routes\\todoRoutes.js": {"path":"C:\\test\\todotodotodo\\backend\\src\\routes\\todoRoutes.js","statementMap":{"0":{"start":{"line":2,"column":16},"end":{"line":2,"column":34}},"1":{"start":{"line":3,"column":15},"end":{"line":3,"column":31}},"2":{"start":{"line":4,"column":13},"end":{"line":4,"column":42}},"3":{"start":{"line":5,"column":23},"end":{"line":5,"column":62}},"4":{"start":{"line":6,"column":59},"end":{"line":6,"column":89}},"5":{"start":{"line":9,"column":0},"end":{"line":97,"column":3}},"6":{"start":{"line":10,"column":2},"end":{"line":96,"column":3}},"7":{"start":{"line":11,"column":19},"end":{"line":11,"column":34}},"8":{"start":{"line":12,"column":23},"end":{"line":12,"column":32}},"9":{"start":{"line":15,"column":26},"end":{"line":15,"column":60}},"10":{"start":{"line":16,"column":4},"end":{"line":22,"column":5}},"11":{"start":{"line":17,"column":6},"end":{"line":21,"column":9}},"12":{"start":{"line":25,"column":26},"end":{"line":25,"column":41}},"13":{"start":{"line":26,"column":22},"end":{"line":26,"column":30}},"14":{"start":{"line":28,"column":4},"end":{"line":42,"column":5}},"15":{"start":{"line":30,"column":6},"end":{"line":30,"column":48}},"16":{"start":{"line":31,"column":6},"end":{"line":31,"column":50}},"17":{"start":{"line":32,"column":11},"end":{"line":42,"column":5}},"18":{"start":{"line":34,"column":6},"end":{"line":34,"column":48}},"19":{"start":{"line":35,"column":6},"end":{"line":35,"column":49}},"20":{"start":{"line":36,"column":11},"end":{"line":42,"column":5}},"21":{"start":{"line":38,"column":6},"end":{"line":38,"column":47}},"22":{"start":{"line":41,"column":6},"end":{"line":41,"column":48}},"23":{"start":{"line":44,"column":24},"end":{"line":44,"column":53}},"24":{"start":{"line":45,"column":18},"end":{"line":61,"column":5}},"25":{"start":{"line":64,"column":19},"end":{"line":64,"column":55}},"26":{"start":{"line":67,"column":18},"end":{"line":79,"column":7}},"27":{"start":{"line":67,"column":42},"end":{"line":79,"column":5}},"28":{"start":{"line":82,"column":4},"end":{"line":88,"column":7}},"29":{"start":{"line":90,"column":4},"end":{"line":90,"column":43}},"30":{"start":{"line":91,"column":4},"end":{"line":95,"column":7}},"31":{"start":{"line":100,"column":0},"end":{"line":247,"column":3}},"32":{"start":{"line":101,"column":2},"end":{"line":246,"column":3}},"33":{"start":{"line":103,"column":19},"end":{"line":103,"column":34}},"34":{"start":{"line":106,"column":42},"end":{"line":106,"column":50}},"35":{"start":{"line":109,"column":4},"end":{"line":115,"column":5}},"36":{"start":{"line":110,"column":6},"end":{"line":114,"column":9}},"37":{"start":{"line":118,"column":28},"end":{"line":118,"column":48}},"38":{"start":{"line":119,"column":4},"end":{"line":125,"column":5}},"39":{"start":{"line":120,"column":6},"end":{"line":124,"column":9}},"40":{"start":{"line":128,"column":32},"end":{"line":128,"column":55}},"41":{"start":{"line":129,"column":4},"end":{"line":135,"column":5}},"42":{"start":{"line":130,"column":6},"end":{"line":134,"column":9}},"43":{"start":{"line":137,"column":30},"end":{"line":137,"column":51}},"44":{"start":{"line":138,"column":4},"end":{"line":144,"column":5}},"45":{"start":{"line":139,"column":6},"end":{"line":143,"column":9}},"46":{"start":{"line":147,"column":32},"end":{"line":147,"column":69}},"47":{"start":{"line":148,"column":4},"end":{"line":154,"column":5}},"48":{"start":{"line":149,"column":6},"end":{"line":153,"column":9}},"49":{"start":{"line":157,"column":29},"end":{"line":161,"column":5}},"50":{"start":{"line":162,"column":30},"end":{"line":162,"column":74}},"51":{"start":{"line":163,"column":24},"end":{"line":163,"column":61}},"52":{"start":{"line":166,"column":25},"end":{"line":166,"column":64}},"53":{"start":{"line":169,"column":24},"end":{"line":195,"column":5}},"54":{"start":{"line":197,"column":25},"end":{"line":203,"column":6}},"55":{"start":{"line":207,"column":16},"end":{"line":207,"column":36}},"56":{"start":{"line":210,"column":23},"end":{"line":217,"column":5}},"57":{"start":{"line":211,"column":6},"end":{"line":211,"column":29}},"58":{"start":{"line":211,"column":17},"end":{"line":211,"column":29}},"59":{"start":{"line":212,"column":16},"end":{"line":212,"column":30}},"60":{"start":{"line":213,"column":19},"end":{"line":213,"column":34}},"61":{"start":{"line":214,"column":20},"end":{"line":214,"column":61}},"62":{"start":{"line":215,"column":18},"end":{"line":215,"column":54}},"63":{"start":{"line":216,"column":6},"end":{"line":216,"column":39}},"64":{"start":{"line":219,"column":24},"end":{"line":231,"column":5}},"65":{"start":{"line":234,"column":4},"end":{"line":238,"column":7}},"66":{"start":{"line":240,"column":4},"end":{"line":240,"column":45}},"67":{"start":{"line":241,"column":4},"end":{"line":245,"column":7}},"68":{"start":{"line":250,"column":0},"end":{"line":424,"column":3}},"69":{"start":{"line":251,"column":2},"end":{"line":423,"column":3}},"70":{"start":{"line":252,"column":19},"end":{"line":252,"column":34}},"71":{"start":{"line":253,"column":19},"end":{"line":253,"column":32}},"72":{"start":{"line":254,"column":42},"end":{"line":254,"column":50}},"73":{"start":{"line":257,"column":26},"end":{"line":272,"column":5}},"74":{"start":{"line":273,"column":27},"end":{"line":273,"column":68}},"75":{"start":{"line":275,"column":4},"end":{"line":281,"column":5}},"76":{"start":{"line":276,"column":6},"end":{"line":280,"column":9}},"77":{"start":{"line":283,"column":17},"end":{"line":283,"column":39}},"78":{"start":{"line":286,"column":4},"end":{"line":292,"column":5}},"79":{"start":{"line":287,"column":6},"end":{"line":291,"column":9}},"80":{"start":{"line":295,"column":4},"end":{"line":301,"column":5}},"81":{"start":{"line":296,"column":6},"end":{"line":300,"column":9}},"82":{"start":{"line":304,"column":21},"end":{"line":304,"column":58}},"83":{"start":{"line":305,"column":25},"end":{"line":305,"column":70}},"84":{"start":{"line":306,"column":23},"end":{"line":306,"column":64}},"85":{"start":{"line":308,"column":4},"end":{"line":317,"column":5}},"86":{"start":{"line":309,"column":30},"end":{"line":309,"column":50}},"87":{"start":{"line":310,"column":6},"end":{"line":316,"column":7}},"88":{"start":{"line":311,"column":8},"end":{"line":315,"column":11}},"89":{"start":{"line":319,"column":4},"end":{"line":328,"column":5}},"90":{"start":{"line":320,"column":29},"end":{"line":320,"column":52}},"91":{"start":{"line":321,"column":6},"end":{"line":327,"column":7}},"92":{"start":{"line":322,"column":8},"end":{"line":326,"column":11}},"93":{"start":{"line":330,"column":4},"end":{"line":339,"column":5}},"94":{"start":{"line":331,"column":29},"end":{"line":331,"column":50}},"95":{"start":{"line":332,"column":6},"end":{"line":338,"column":7}},"96":{"start":{"line":333,"column":8},"end":{"line":337,"column":11}},"97":{"start":{"line":342,"column":26},"end":{"line":342,"column":67}},"98":{"start":{"line":343,"column":24},"end":{"line":343,"column":59}},"99":{"start":{"line":345,"column":4},"end":{"line":354,"column":5}},"100":{"start":{"line":346,"column":34},"end":{"line":346,"column":83}},"101":{"start":{"line":347,"column":6},"end":{"line":353,"column":7}},"102":{"start":{"line":348,"column":8},"end":{"line":352,"column":11}},"103":{"start":{"line":357,"column":22},"end":{"line":357,"column":57}},"104":{"start":{"line":358,"column":25},"end":{"line":358,"column":27}},"105":{"start":{"line":359,"column":21},"end":{"line":359,"column":22}},"106":{"start":{"line":361,"column":4},"end":{"line":365,"column":5}},"107":{"start":{"line":362,"column":6},"end":{"line":362,"column":48}},"108":{"start":{"line":363,"column":6},"end":{"line":363,"column":31}},"109":{"start":{"line":364,"column":6},"end":{"line":364,"column":19}},"110":{"start":{"line":367,"column":4},"end":{"line":371,"column":5}},"111":{"start":{"line":368,"column":6},"end":{"line":368,"column":52}},"112":{"start":{"line":369,"column":6},"end":{"line":369,"column":35}},"113":{"start":{"line":370,"column":6},"end":{"line":370,"column":19}},"114":{"start":{"line":373,"column":4},"end":{"line":377,"column":5}},"115":{"start":{"line":374,"column":6},"end":{"line":374,"column":50}},"116":{"start":{"line":375,"column":6},"end":{"line":375,"column":33}},"117":{"start":{"line":376,"column":6},"end":{"line":376,"column":19}},"118":{"start":{"line":379,"column":4},"end":{"line":379,"column":80}},"119":{"start":{"line":380,"column":4},"end":{"line":380,"column":33}},"120":{"start":{"line":381,"column":4},"end":{"line":381,"column":30}},"121":{"start":{"line":383,"column":25},"end":{"line":383,"column":68}},"122":{"start":{"line":386,"column":23},"end":{"line":386,"column":43}},"123":{"start":{"line":387,"column":23},"end":{"line":394,"column":5}},"124":{"start":{"line":388,"column":6},"end":{"line":388,"column":29}},"125":{"start":{"line":388,"column":17},"end":{"line":388,"column":29}},"126":{"start":{"line":389,"column":16},"end":{"line":389,"column":30}},"127":{"start":{"line":390,"column":19},"end":{"line":390,"column":34}},"128":{"start":{"line":391,"column":20},"end":{"line":391,"column":61}},"129":{"start":{"line":392,"column":18},"end":{"line":392,"column":54}},"130":{"start":{"line":393,"column":6},"end":{"line":393,"column":39}},"131":{"start":{"line":396,"column":24},"end":{"line":408,"column":5}},"132":{"start":{"line":411,"column":4},"end":{"line":415,"column":7}},"133":{"start":{"line":417,"column":4},"end":{"line":417,"column":45}},"134":{"start":{"line":418,"column":4},"end":{"line":422,"column":7}},"135":{"start":{"line":427,"column":0},"end":{"line":524,"column":3}},"136":{"start":{"line":428,"column":2},"end":{"line":523,"column":3}},"137":{"start":{"line":429,"column":19},"end":{"line":429,"column":34}},"138":{"start":{"line":430,"column":19},"end":{"line":430,"column":32}},"139":{"start":{"line":433,"column":26},"end":{"line":439,"column":5}},"140":{"start":{"line":440,"column":27},"end":{"line":440,"column":68}},"141":{"start":{"line":442,"column":4},"end":{"line":448,"column":5}},"142":{"start":{"line":443,"column":6},"end":{"line":447,"column":9}},"143":{"start":{"line":450,"column":17},"end":{"line":450,"column":39}},"144":{"start":{"line":453,"column":4},"end":{"line":459,"column":5}},"145":{"start":{"line":454,"column":6},"end":{"line":458,"column":9}},"146":{"start":{"line":462,"column":24},"end":{"line":481,"column":5}},"147":{"start":{"line":483,"column":25},"end":{"line":483,"column":72}},"148":{"start":{"line":486,"column":23},"end":{"line":486,"column":43}},"149":{"start":{"line":487,"column":23},"end":{"line":494,"column":5}},"150":{"start":{"line":488,"column":6},"end":{"line":488,"column":29}},"151":{"start":{"line":488,"column":17},"end":{"line":488,"column":29}},"152":{"start":{"line":489,"column":16},"end":{"line":489,"column":30}},"153":{"start":{"line":490,"column":19},"end":{"line":490,"column":34}},"154":{"start":{"line":491,"column":20},"end":{"line":491,"column":61}},"155":{"start":{"line":492,"column":18},"end":{"line":492,"column":54}},"156":{"start":{"line":493,"column":6},"end":{"line":493,"column":39}},"157":{"start":{"line":496,"column":24},"end":{"line":508,"column":5}},"158":{"start":{"line":511,"column":4},"end":{"line":515,"column":7}},"159":{"start":{"line":517,"column":4},"end":{"line":517,"column":45}},"160":{"start":{"line":518,"column":4},"end":{"line":522,"column":7}},"161":{"start":{"line":527,"column":0},"end":{"line":634,"column":3}},"162":{"start":{"line":528,"column":2},"end":{"line":633,"column":3}},"163":{"start":{"line":529,"column":19},"end":{"line":529,"column":34}},"164":{"start":{"line":530,"column":19},"end":{"line":530,"column":32}},"165":{"start":{"line":533,"column":26},"end":{"line":540,"column":5}},"166":{"start":{"line":541,"column":27},"end":{"line":541,"column":68}},"167":{"start":{"line":543,"column":4},"end":{"line":549,"column":5}},"168":{"start":{"line":544,"column":6},"end":{"line":548,"column":9}},"169":{"start":{"line":551,"column":17},"end":{"line":551,"column":39}},"170":{"start":{"line":554,"column":4},"end":{"line":560,"column":5}},"171":{"start":{"line":555,"column":6},"end":{"line":559,"column":9}},"172":{"start":{"line":563,"column":4},"end":{"line":569,"column":5}},"173":{"start":{"line":564,"column":6},"end":{"line":568,"column":9}},"174":{"start":{"line":572,"column":24},"end":{"line":591,"column":5}},"175":{"start":{"line":593,"column":25},"end":{"line":593,"column":72}},"176":{"start":{"line":596,"column":23},"end":{"line":596,"column":43}},"177":{"start":{"line":597,"column":23},"end":{"line":604,"column":5}},"178":{"start":{"line":598,"column":6},"end":{"line":598,"column":29}},"179":{"start":{"line":598,"column":17},"end":{"line":598,"column":29}},"180":{"start":{"line":599,"column":16},"end":{"line":599,"column":30}},"181":{"start":{"line":600,"column":19},"end":{"line":600,"column":34}},"182":{"start":{"line":601,"column":20},"end":{"line":601,"column":61}},"183":{"start":{"line":602,"column":18},"end":{"line":602,"column":54}},"184":{"start":{"line":603,"column":6},"end":{"line":603,"column":39}},"185":{"start":{"line":606,"column":25},"end":{"line":618,"column":5}},"186":{"start":{"line":621,"column":4},"end":{"line":625,"column":7}},"187":{"start":{"line":627,"column":4},"end":{"line":627,"column":46}},"188":{"start":{"line":628,"column":4},"end":{"line":632,"column":7}},"189":{"start":{"line":637,"column":0},"end":{"line":745,"column":3}},"190":{"start":{"line":638,"column":2},"end":{"line":744,"column":3}},"191":{"start":{"line":639,"column":19},"end":{"line":639,"column":34}},"192":{"start":{"line":640,"column":19},"end":{"line":640,"column":32}},"193":{"start":{"line":643,"column":26},"end":{"line":651,"column":5}},"194":{"start":{"line":652,"column":27},"end":{"line":652,"column":68}},"195":{"start":{"line":654,"column":4},"end":{"line":660,"column":5}},"196":{"start":{"line":655,"column":6},"end":{"line":659,"column":9}},"197":{"start":{"line":662,"column":17},"end":{"line":662,"column":39}},"198":{"start":{"line":665,"column":4},"end":{"line":671,"column":5}},"199":{"start":{"line":666,"column":6},"end":{"line":670,"column":9}},"200":{"start":{"line":674,"column":4},"end":{"line":680,"column":5}},"201":{"start":{"line":675,"column":6},"end":{"line":679,"column":9}},"202":{"start":{"line":683,"column":31},"end":{"line":683,"column":48}},"203":{"start":{"line":684,"column":24},"end":{"line":702,"column":5}},"204":{"start":{"line":704,"column":25},"end":{"line":704,"column":92}},"205":{"start":{"line":707,"column":23},"end":{"line":707,"column":43}},"206":{"start":{"line":708,"column":23},"end":{"line":715,"column":5}},"207":{"start":{"line":709,"column":6},"end":{"line":709,"column":29}},"208":{"start":{"line":709,"column":17},"end":{"line":709,"column":29}},"209":{"start":{"line":710,"column":16},"end":{"line":710,"column":30}},"210":{"start":{"line":711,"column":19},"end":{"line":711,"column":34}},"211":{"start":{"line":712,"column":20},"end":{"line":712,"column":61}},"212":{"start":{"line":713,"column":18},"end":{"line":713,"column":54}},"213":{"start":{"line":714,"column":6},"end":{"line":714,"column":39}},"214":{"start":{"line":717,"column":26},"end":{"line":729,"column":5}},"215":{"start":{"line":732,"column":4},"end":{"line":736,"column":7}},"216":{"start":{"line":738,"column":4},"end":{"line":738,"column":47}},"217":{"start":{"line":739,"column":4},"end":{"line":743,"column":7}},"218":{"start":{"line":748,"column":0},"end":{"line":911,"column":3}},"219":{"start":{"line":749,"column":2},"end":{"line":910,"column":3}},"220":{"start":{"line":750,"column":19},"end":{"line":750,"column":34}},"221":{"start":{"line":751,"column":19},"end":{"line":751,"column":32}},"222":{"start":{"line":752,"column":38},"end":{"line":752,"column":46}},"223":{"start":{"line":755,"column":4},"end":{"line":761,"column":5}},"224":{"start":{"line":756,"column":6},"end":{"line":760,"column":9}},"225":{"start":{"line":764,"column":4},"end":{"line":770,"column":5}},"226":{"start":{"line":765,"column":6},"end":{"line":769,"column":9}},"227":{"start":{"line":772,"column":4},"end":{"line":778,"column":5}},"228":{"start":{"line":773,"column":6},"end":{"line":777,"column":9}},"229":{"start":{"line":781,"column":26},"end":{"line":789,"column":5}},"230":{"start":{"line":790,"column":27},"end":{"line":790,"column":68}},"231":{"start":{"line":792,"column":4},"end":{"line":798,"column":5}},"232":{"start":{"line":793,"column":6},"end":{"line":797,"column":9}},"233":{"start":{"line":800,"column":17},"end":{"line":800,"column":39}},"234":{"start":{"line":803,"column":4},"end":{"line":809,"column":5}},"235":{"start":{"line":804,"column":6},"end":{"line":808,"column":9}},"236":{"start":{"line":812,"column":19},"end":{"line":812,"column":39}},"237":{"start":{"line":814,"column":4},"end":{"line":902,"column":5}},"238":{"start":{"line":815,"column":6},"end":{"line":815,"column":34}},"239":{"start":{"line":817,"column":6},"end":{"line":839,"column":7}},"240":{"start":{"line":820,"column":8},"end":{"line":827,"column":49}},"241":{"start":{"line":828,"column":13},"end":{"line":839,"column":7}},"242":{"start":{"line":831,"column":8},"end":{"line":838,"column":49}},"243":{"start":{"line":842,"column":26},"end":{"line":860,"column":7}},"244":{"start":{"line":862,"column":27},"end":{"line":862,"column":89}},"245":{"start":{"line":865,"column":25},"end":{"line":865,"column":45}},"246":{"start":{"line":866,"column":25},"end":{"line":873,"column":7}},"247":{"start":{"line":867,"column":8},"end":{"line":867,"column":31}},"248":{"start":{"line":867,"column":19},"end":{"line":867,"column":31}},"249":{"start":{"line":868,"column":18},"end":{"line":868,"column":32}},"250":{"start":{"line":869,"column":21},"end":{"line":869,"column":36}},"251":{"start":{"line":870,"column":22},"end":{"line":870,"column":63}},"252":{"start":{"line":871,"column":20},"end":{"line":871,"column":56}},"253":{"start":{"line":872,"column":8},"end":{"line":872,"column":41}},"254":{"start":{"line":875,"column":28},"end":{"line":887,"column":7}},"255":{"start":{"line":889,"column":6},"end":{"line":889,"column":35}},"256":{"start":{"line":892,"column":6},"end":{"line":896,"column":9}},"257":{"start":{"line":898,"column":6},"end":{"line":898,"column":37}},"258":{"start":{"line":899,"column":6},"end":{"line":899,"column":18}},"259":{"start":{"line":901,"column":6},"end":{"line":901,"column":23}},"260":{"start":{"line":904,"column":4},"end":{"line":904,"column":46}},"261":{"start":{"line":905,"column":4},"end":{"line":909,"column":7}},"262":{"start":{"line":914,"column":0},"end":{"line":988,"column":3}},"263":{"start":{"line":915,"column":2},"end":{"line":987,"column":3}},"264":{"start":{"line":916,"column":19},"end":{"line":916,"column":34}},"265":{"start":{"line":917,"column":19},"end":{"line":917,"column":32}},"266":{"start":{"line":920,"column":26},"end":{"line":927,"column":5}},"267":{"start":{"line":928,"column":27},"end":{"line":928,"column":68}},"268":{"start":{"line":930,"column":4},"end":{"line":936,"column":5}},"269":{"start":{"line":931,"column":6},"end":{"line":935,"column":9}},"270":{"start":{"line":938,"column":17},"end":{"line":938,"column":39}},"271":{"start":{"line":941,"column":4},"end":{"line":947,"column":5}},"272":{"start":{"line":942,"column":6},"end":{"line":946,"column":9}},"273":{"start":{"line":950,"column":4},"end":{"line":956,"column":5}},"274":{"start":{"line":951,"column":6},"end":{"line":955,"column":9}},"275":{"start":{"line":959,"column":24},"end":{"line":962,"column":5}},"276":{"start":{"line":964,"column":25},"end":{"line":964,"column":72}},"277":{"start":{"line":966,"column":4},"end":{"line":973,"column":5}},"278":{"start":{"line":968,"column":6},"end":{"line":972,"column":9}},"279":{"start":{"line":976,"column":4},"end":{"line":979,"column":7}},"280":{"start":{"line":981,"column":4},"end":{"line":981,"column":55}},"281":{"start":{"line":982,"column":4},"end":{"line":986,"column":7}},"282":{"start":{"line":990,"column":0},"end":{"line":990,"column":24}}},"fnMap":{"0":{"name":"(anonymous_0)","decl":{"start":{"line":9,"column":32},"end":{"line":9,"column":33}},"loc":{"start":{"line":9,"column":52},"end":{"line":97,"column":1}},"line":9},"1":{"name":"(anonymous_1)","decl":{"start":{"line":67,"column":34},"end":{"line":67,"column":35}},"loc":{"start":{"line":67,"column":42},"end":{"line":79,"column":5}},"line":67},"2":{"name":"(anonymous_2)","decl":{"start":{"line":100,"column":33},"end":{"line":100,"column":34}},"loc":{"start":{"line":100,"column":53},"end":{"line":247,"column":1}},"line":100},"3":{"name":"(anonymous_3)","decl":{"start":{"line":210,"column":23},"end":{"line":210,"column":24}},"loc":{"start":{"line":210,"column":33},"end":{"line":217,"column":5}},"line":210},"4":{"name":"(anonymous_4)","decl":{"start":{"line":250,"column":35},"end":{"line":250,"column":36}},"loc":{"start":{"line":250,"column":55},"end":{"line":424,"column":1}},"line":250},"5":{"name":"(anonymous_5)","decl":{"start":{"line":387,"column":23},"end":{"line":387,"column":24}},"loc":{"start":{"line":387,"column":33},"end":{"line":394,"column":5}},"line":387},"6":{"name":"(anonymous_6)","decl":{"start":{"line":427,"column":38},"end":{"line":427,"column":39}},"loc":{"start":{"line":427,"column":58},"end":{"line":524,"column":1}},"line":427},"7":{"name":"(anonymous_7)","decl":{"start":{"line":487,"column":23},"end":{"line":487,"column":24}},"loc":{"start":{"line":487,"column":33},"end":{"line":494,"column":5}},"line":487},"8":{"name":"(anonymous_8)","decl":{"start":{"line":527,"column":44},"end":{"line":527,"column":45}},"loc":{"start":{"line":527,"column":64},"end":{"line":634,"column":1}},"line":527},"9":{"name":"(anonymous_9)","decl":{"start":{"line":597,"column":23},"end":{"line":597,"column":24}},"loc":{"start":{"line":597,"column":33},"end":{"line":604,"column":5}},"line":597},"10":{"name":"(anonymous_10)","decl":{"start":{"line":637,"column":46},"end":{"line":637,"column":47}},"loc":{"start":{"line":637,"column":66},"end":{"line":745,"column":1}},"line":637},"11":{"name":"(anonymous_11)","decl":{"start":{"line":708,"column":23},"end":{"line":708,"column":24}},"loc":{"start":{"line":708,"column":33},"end":{"line":715,"column":5}},"line":708},"12":{"name":"(anonymous_12)","decl":{"start":{"line":748,"column":46},"end":{"line":748,"column":47}},"loc":{"start":{"line":748,"column":66},"end":{"line":911,"column":1}},"line":748},"13":{"name":"(anonymous_13)","decl":{"start":{"line":866,"column":25},"end":{"line":866,"column":26}},"loc":{"start":{"line":866,"column":35},"end":{"line":873,"column":7}},"line":866},"14":{"name":"(anonymous_14)","decl":{"start":{"line":914,"column":48},"end":{"line":914,"column":49}},"loc":{"start":{"line":914,"column":68},"end":{"line":988,"column":1}},"line":914}},"branchMap":{"0":{"loc":{"start":{"line":16,"column":4},"end":{"line":22,"column":5}},"type":"if","locations":[{"start":{"line":16,"column":4},"end":{"line":22,"column":5}},{"start":{},"end":{}}],"line":16},"1":{"loc":{"start":{"line":16,"column":8},"end":{"line":16,"column":49}},"type":"binary-expr","locations":[{"start":{"line":16,"column":8},"end":{"line":16,"column":14}},{"start":{"line":16,"column":18},"end":{"line":16,"column":49}}],"line":16},"2":{"loc":{"start":{"line":28,"column":4},"end":{"line":42,"column":5}},"type":"if","locations":[{"start":{"line":28,"column":4},"end":{"line":42,"column":5}},{"start":{"line":32,"column":11},"end":{"line":42,"column":5}}],"line":28},"3":{"loc":{"start":{"line":32,"column":11},"end":{"line":42,"column":5}},"type":"if","locations":[{"start":{"line":32,"column":11},"end":{"line":42,"column":5}},{"start":{"line":36,"column":11},"end":{"line":42,"column":5}}],"line":32},"4":{"loc":{"start":{"line":36,"column":11},"end":{"line":42,"column":5}},"type":"if","locations":[{"start":{"line":36,"column":11},"end":{"line":42,"column":5}},{"start":{"line":39,"column":11},"end":{"line":42,"column":5}}],"line":36},"5":{"loc":{"start":{"line":109,"column":4},"end":{"line":115,"column":5}},"type":"if","locations":[{"start":{"line":109,"column":4},"end":{"line":115,"column":5}},{"start":{},"end":{}}],"line":109},"6":{"loc":{"start":{"line":109,"column":8},"end":{"line":109,"column":139}},"type":"binary-expr","locations":[{"start":{"line":109,"column":8},"end":{"line":109,"column":27}},{"start":{"line":109,"column":31},"end":{"line":109,"column":45}},{"start":{"line":109,"column":49},"end":{"line":109,"column":72}},{"start":{"line":109,"column":76},"end":{"line":109,"column":94}},{"start":{"line":109,"column":98},"end":{"line":109,"column":119}},{"start":{"line":109,"column":123},"end":{"line":109,"column":139}}],"line":109},"7":{"loc":{"start":{"line":119,"column":4},"end":{"line":125,"column":5}},"type":"if","locations":[{"start":{"line":119,"column":4},"end":{"line":125,"column":5}},{"start":{},"end":{}}],"line":119},"8":{"loc":{"start":{"line":129,"column":4},"end":{"line":135,"column":5}},"type":"if","locations":[{"start":{"line":129,"column":4},"end":{"line":135,"column":5}},{"start":{},"end":{}}],"line":129},"9":{"loc":{"start":{"line":138,"column":4},"end":{"line":144,"column":5}},"type":"if","locations":[{"start":{"line":138,"column":4},"end":{"line":144,"column":5}},{"start":{},"end":{}}],"line":138},"10":{"loc":{"start":{"line":148,"column":4},"end":{"line":154,"column":5}},"type":"if","locations":[{"start":{"line":148,"column":4},"end":{"line":154,"column":5}},{"start":{},"end":{}}],"line":148},"11":{"loc":{"start":{"line":166,"column":25},"end":{"line":166,"column":64}},"type":"cond-expr","locations":[{"start":{"line":166,"column":45},"end":{"line":166,"column":46}},{"start":{"line":166,"column":49},"end":{"line":166,"column":64}}],"line":166},"12":{"loc":{"start":{"line":211,"column":6},"end":{"line":211,"column":29}},"type":"if","locations":[{"start":{"line":211,"column":6},"end":{"line":211,"column":29}},{"start":{},"end":{}}],"line":211},"13":{"loc":{"start":{"line":275,"column":4},"end":{"line":281,"column":5}},"type":"if","locations":[{"start":{"line":275,"column":4},"end":{"line":281,"column":5}},{"start":{},"end":{}}],"line":275},"14":{"loc":{"start":{"line":286,"column":4},"end":{"line":292,"column":5}},"type":"if","locations":[{"start":{"line":286,"column":4},"end":{"line":292,"column":5}},{"start":{},"end":{}}],"line":286},"15":{"loc":{"start":{"line":295,"column":4},"end":{"line":301,"column":5}},"type":"if","locations":[{"start":{"line":295,"column":4},"end":{"line":301,"column":5}},{"start":{},"end":{}}],"line":295},"16":{"loc":{"start":{"line":304,"column":21},"end":{"line":304,"column":58}},"type":"binary-expr","locations":[{"start":{"line":304,"column":21},"end":{"line":304,"column":40}},{"start":{"line":304,"column":44},"end":{"line":304,"column":58}}],"line":304},"17":{"loc":{"start":{"line":305,"column":25},"end":{"line":305,"column":70}},"type":"binary-expr","locations":[{"start":{"line":305,"column":25},"end":{"line":305,"column":48}},{"start":{"line":305,"column":52},"end":{"line":305,"column":70}}],"line":305},"18":{"loc":{"start":{"line":306,"column":23},"end":{"line":306,"column":64}},"type":"binary-expr","locations":[{"start":{"line":306,"column":23},"end":{"line":306,"column":44}},{"start":{"line":306,"column":48},"end":{"line":306,"column":64}}],"line":306},"19":{"loc":{"start":{"line":308,"column":4},"end":{"line":317,"column":5}},"type":"if","locations":[{"start":{"line":308,"column":4},"end":{"line":317,"column":5}},{"start":{},"end":{}}],"line":308},"20":{"loc":{"start":{"line":310,"column":6},"end":{"line":316,"column":7}},"type":"if","locations":[{"start":{"line":310,"column":6},"end":{"line":316,"column":7}},{"start":{},"end":{}}],"line":310},"21":{"loc":{"start":{"line":319,"column":4},"end":{"line":328,"column":5}},"type":"if","locations":[{"start":{"line":319,"column":4},"end":{"line":328,"column":5}},{"start":{},"end":{}}],"line":319},"22":{"loc":{"start":{"line":321,"column":6},"end":{"line":327,"column":7}},"type":"if","locations":[{"start":{"line":321,"column":6},"end":{"line":327,"column":7}},{"start":{},"end":{}}],"line":321},"23":{"loc":{"start":{"line":330,"column":4},"end":{"line":339,"column":5}},"type":"if","locations":[{"start":{"line":330,"column":4},"end":{"line":339,"column":5}},{"start":{},"end":{}}],"line":330},"24":{"loc":{"start":{"line":332,"column":6},"end":{"line":338,"column":7}},"type":"if","locations":[{"start":{"line":332,"column":6},"end":{"line":338,"column":7}},{"start":{},"end":{}}],"line":332},"25":{"loc":{"start":{"line":342,"column":26},"end":{"line":342,"column":67}},"type":"cond-expr","locations":[{"start":{"line":342,"column":41},"end":{"line":342,"column":50}},{"start":{"line":342,"column":53},"end":{"line":342,"column":67}}],"line":342},"26":{"loc":{"start":{"line":343,"column":24},"end":{"line":343,"column":59}},"type":"cond-expr","locations":[{"start":{"line":343,"column":37},"end":{"line":343,"column":44}},{"start":{"line":343,"column":47},"end":{"line":343,"column":59}}],"line":343},"27":{"loc":{"start":{"line":345,"column":4},"end":{"line":354,"column":5}},"type":"if","locations":[{"start":{"line":345,"column":4},"end":{"line":354,"column":5}},{"start":{},"end":{}}],"line":345},"28":{"loc":{"start":{"line":345,"column":8},"end":{"line":345,"column":34}},"type":"binary-expr","locations":[{"start":{"line":345,"column":8},"end":{"line":345,"column":20}},{"start":{"line":345,"column":24},"end":{"line":345,"column":34}}],"line":345},"29":{"loc":{"start":{"line":347,"column":6},"end":{"line":353,"column":7}},"type":"if","locations":[{"start":{"line":347,"column":6},"end":{"line":353,"column":7}},{"start":{},"end":{}}],"line":347},"30":{"loc":{"start":{"line":361,"column":4},"end":{"line":365,"column":5}},"type":"if","locations":[{"start":{"line":361,"column":4},"end":{"line":365,"column":5}},{"start":{},"end":{}}],"line":361},"31":{"loc":{"start":{"line":367,"column":4},"end":{"line":371,"column":5}},"type":"if","locations":[{"start":{"line":367,"column":4},"end":{"line":371,"column":5}},{"start":{},"end":{}}],"line":367},"32":{"loc":{"start":{"line":373,"column":4},"end":{"line":377,"column":5}},"type":"if","locations":[{"start":{"line":373,"column":4},"end":{"line":377,"column":5}},{"start":{},"end":{}}],"line":373},"33":{"loc":{"start":{"line":388,"column":6},"end":{"line":388,"column":29}},"type":"if","locations":[{"start":{"line":388,"column":6},"end":{"line":388,"column":29}},{"start":{},"end":{}}],"line":388},"34":{"loc":{"start":{"line":442,"column":4},"end":{"line":448,"column":5}},"type":"if","locations":[{"start":{"line":442,"column":4},"end":{"line":448,"column":5}},{"start":{},"end":{}}],"line":442},"35":{"loc":{"start":{"line":453,"column":4},"end":{"line":459,"column":5}},"type":"if","locations":[{"start":{"line":453,"column":4},"end":{"line":459,"column":5}},{"start":{},"end":{}}],"line":453},"36":{"loc":{"start":{"line":488,"column":6},"end":{"line":488,"column":29}},"type":"if","locations":[{"start":{"line":488,"column":6},"end":{"line":488,"column":29}},{"start":{},"end":{}}],"line":488},"37":{"loc":{"start":{"line":543,"column":4},"end":{"line":549,"column":5}},"type":"if","locations":[{"start":{"line":543,"column":4},"end":{"line":549,"column":5}},{"start":{},"end":{}}],"line":543},"38":{"loc":{"start":{"line":554,"column":4},"end":{"line":560,"column":5}},"type":"if","locations":[{"start":{"line":554,"column":4},"end":{"line":560,"column":5}},{"start":{},"end":{}}],"line":554},"39":{"loc":{"start":{"line":563,"column":4},"end":{"line":569,"column":5}},"type":"if","locations":[{"start":{"line":563,"column":4},"end":{"line":569,"column":5}},{"start":{},"end":{}}],"line":563},"40":{"loc":{"start":{"line":598,"column":6},"end":{"line":598,"column":29}},"type":"if","locations":[{"start":{"line":598,"column":6},"end":{"line":598,"column":29}},{"start":{},"end":{}}],"line":598},"41":{"loc":{"start":{"line":654,"column":4},"end":{"line":660,"column":5}},"type":"if","locations":[{"start":{"line":654,"column":4},"end":{"line":660,"column":5}},{"start":{},"end":{}}],"line":654},"42":{"loc":{"start":{"line":665,"column":4},"end":{"line":671,"column":5}},"type":"if","locations":[{"start":{"line":665,"column":4},"end":{"line":671,"column":5}},{"start":{},"end":{}}],"line":665},"43":{"loc":{"start":{"line":674,"column":4},"end":{"line":680,"column":5}},"type":"if","locations":[{"start":{"line":674,"column":4},"end":{"line":680,"column":5}},{"start":{},"end":{}}],"line":674},"44":{"loc":{"start":{"line":709,"column":6},"end":{"line":709,"column":29}},"type":"if","locations":[{"start":{"line":709,"column":6},"end":{"line":709,"column":29}},{"start":{},"end":{}}],"line":709},"45":{"loc":{"start":{"line":734,"column":15},"end":{"line":734,"column":99}},"type":"cond-expr","locations":[{"start":{"line":734,"column":36},"end":{"line":734,"column":65}},{"start":{"line":734,"column":68},"end":{"line":734,"column":99}}],"line":734},"46":{"loc":{"start":{"line":755,"column":4},"end":{"line":761,"column":5}},"type":"if","locations":[{"start":{"line":755,"column":4},"end":{"line":761,"column":5}},{"start":{},"end":{}}],"line":755},"47":{"loc":{"start":{"line":755,"column":8},"end":{"line":755,"column":57}},"type":"binary-expr","locations":[{"start":{"line":755,"column":8},"end":{"line":755,"column":33}},{"start":{"line":755,"column":37},"end":{"line":755,"column":57}}],"line":755},"48":{"loc":{"start":{"line":764,"column":4},"end":{"line":770,"column":5}},"type":"if","locations":[{"start":{"line":764,"column":4},"end":{"line":770,"column":5}},{"start":{},"end":{}}],"line":764},"49":{"loc":{"start":{"line":764,"column":8},"end":{"line":764,"column":59}},"type":"binary-expr","locations":[{"start":{"line":764,"column":8},"end":{"line":764,"column":39}},{"start":{"line":764,"column":43},"end":{"line":764,"column":59}}],"line":764},"50":{"loc":{"start":{"line":772,"column":4},"end":{"line":778,"column":5}},"type":"if","locations":[{"start":{"line":772,"column":4},"end":{"line":778,"column":5}},{"start":{},"end":{}}],"line":772},"51":{"loc":{"start":{"line":792,"column":4},"end":{"line":798,"column":5}},"type":"if","locations":[{"start":{"line":792,"column":4},"end":{"line":798,"column":5}},{"start":{},"end":{}}],"line":792},"52":{"loc":{"start":{"line":803,"column":4},"end":{"line":809,"column":5}},"type":"if","locations":[{"start":{"line":803,"column":4},"end":{"line":809,"column":5}},{"start":{},"end":{}}],"line":803},"53":{"loc":{"start":{"line":817,"column":6},"end":{"line":839,"column":7}},"type":"if","locations":[{"start":{"line":817,"column":6},"end":{"line":839,"column":7}},{"start":{"line":828,"column":13},"end":{"line":839,"column":7}}],"line":817},"54":{"loc":{"start":{"line":828,"column":13},"end":{"line":839,"column":7}},"type":"if","locations":[{"start":{"line":828,"column":13},"end":{"line":839,"column":7}},{"start":{},"end":{}}],"line":828},"55":{"loc":{"start":{"line":867,"column":8},"end":{"line":867,"column":31}},"type":"if","locations":[{"start":{"line":867,"column":8},"end":{"line":867,"column":31}},{"start":{},"end":{}}],"line":867},"56":{"loc":{"start":{"line":930,"column":4},"end":{"line":936,"column":5}},"type":"if","locations":[{"start":{"line":930,"column":4},"end":{"line":936,"column":5}},{"start":{},"end":{}}],"line":930},"57":{"loc":{"start":{"line":941,"column":4},"end":{"line":947,"column":5}},"type":"if","locations":[{"start":{"line":941,"column":4},"end":{"line":947,"column":5}},{"start":{},"end":{}}],"line":941},"58":{"loc":{"start":{"line":950,"column":4},"end":{"line":956,"column":5}},"type":"if","locations":[{"start":{"line":950,"column":4},"end":{"line":956,"column":5}},{"start":{},"end":{}}],"line":950},"59":{"loc":{"start":{"line":966,"column":4},"end":{"line":973,"column":5}},"type":"if","locations":[{"start":{"line":966,"column":4},"end":{"line":973,"column":5}},{"start":{},"end":{}}],"line":966}},"s":{"0":0,"1":0,"2":0,"3":0,"4":0,"5":0,"6":0,"7":0,"8":0,"9":0,"10":0,"11":0,"12":0,"13":0,"14":0,"15":0,"16":0,"17":0,"18":0,"19":0,"20":0,"21":0,"22":0,"23":0,"24":0,"25":0,"26":0,"27":0,"28":0,"29":0,"30":0,"31":0,"32":0,"33":0,"34":0,"35":0,"36":0,"37":0,"38":0,"39":0,"40":0,"41":0,"42":0,"43":0,"44":0,"45":0,"46":0,"47":0,"48":0,"49":0,"50":0,"51":0,"52":0,"53":0,"54":0,"55":0,"56":0,"57":0,"58":0,"59":0,"60":0,"61":0,"62":0,"63":0,"64":0,"65":0,"66":0,"67":0,"68":0,"69":0,"70":0,"71":0,"72":0,"73":0,"74":0,"75":0,"76":0,"77":0,"78":0,"79":0,"80":0,"81":0,"82":0,"83":0,"84":0,"85":0,"86":0,"87":0,"88":0,"89":0,"90":0,"91":0,"92":0,"93":0,"94":0,"95":0,"96":0,"97":0,"98":0,"99":0,"100":0,"101":0,"102":0,"103":0,"104":0,"105":0,"106":0,"107":0,"108":0,"109":0,"110":0,"111":0,"112":0,"113":0,"114":0,"115":0,"116":0,"117":0,"118":0,"119":0,"120":0,"121":0,"122":0,"123":0,"124":0,"125":0,"126":0,"127":0,"128":0,"129":0,"130":0,"131":0,"132":0,"133":0,"134":0,"135":0,"136":0,"137":0,"138":0,"139":0,"140":0,"141":0,"142":0,"143":0,"144":0,"145":0,"146":0,"147":0,"148":0,"149":0,"150":0,"151":0,"152":0,"153":0,"154":0,"155":0,"156":0,"157":0,"158":0,"159":0,"160":0,"161":0,"162":0,"163":0,"164":0,"165":0,"166":0,"167":0,"168":0,"169":0,"170":0,"171":0,"172":0,"173":0,"174":0,"175":0,"176":0,"177":0,"178":0,"179":0,"180":0,"181":0,"182":0,"183":0,"184":0,"185":0,"186":0,"187":0,"188":0,"189":0,"190":0,"191":0,"192":0,"193":0,"194":0,"195":0,"196":0,"197":0,"198":0,"199":0,"200":0,"201":0,"202":0,"203":0,"204":0,"205":0,"206":0,"207":0,"208":0,"209":0,"210":0,"211":0,"212":0,"213":0,"214":0,"215":0,"216":0,"217":0,"218":0,"219":0,"220":0,"221":0,"222":0,"223":0,"224":0,"225":0,"226":0,"227":0,"228":0,"229":0,"230":0,"231":0,"232":0,"233":0,"234":0,"235":0,"236":0,"237":0,"238":0,"239":0,"240":0,"241":0,"242":0,"243":0,"244":0,"245":0,"246":0,"247":0,"248":0,"249":0,"250":0,"251":0,"252":0,"253":0,"254":0,"255":0,"256":0,"257":0,"258":0,"259":0,"260":0,"261":0,"262":0,"263":0,"264":0,"265":0,"266":0,"267":0,"268":0,"269":0,"270":0,"271":0,"272":0,"273":0,"274":0,"275":0,"276":0,"277":0,"278":0,"279":0,"280":0,"281":0,"282":0},"f":{"0":0,"1":0,"2":0,"3":0,"4":0,"5":0,"6":0,"7":0,"8":0,"9":0,"10":0,"11":0,"12":0,"13":0,"14":0},"b":{"0":[0,0],"1":[0,0],"2":[0,0],"3":[0,0],"4":[0,0],"5":[0,0],"6":[0,0,0,0,0,0],"7":[0,0],"8":[0,0],"9":[0,0],"10":[0,0],"11":[0,0],"12":[0,0],"13":[0,0],"14":[0,0],"15":[0,0],"16":[0,0],"17":[0,0],"18":[0,0],"19":[0,0],"20":[0,0],"21":[0,0],"22":[0,0],"23":[0,0],"24":[0,0],"25":[0,0],"26":[0,0],"27":[0,0],"28":[0,0],"29":[0,0],"30":[0,0],"31":[0,0],"32":[0,0],"33":[0,0],"34":[0,0],"35":[0,0],"36":[0,0],"37":[0,0],"38":[0,0],"39":[0,0],"40":[0,0],"41":[0,0],"42":[0,0],"43":[0,0],"44":[0,0],"45":[0,0],"46":[0,0],"47":[0,0],"48":[0,0],"49":[0,0],"50":[0,0],"51":[0,0],"52":[0,0],"53":[0,0],"54":[0,0],"55":[0,0],"56":[0,0],"57":[0,0],"58":[0,0],"59":[0,0]}}
,"C:\\test\\todotodotodo\\backend\\src\\utils\\bcrypt.js": {"path":"C:\\test\\todotodotodo\\backend\\src\\utils\\bcrypt.js","statementMap":{"0":{"start":{"line":2,"column":15},"end":{"line":2,"column":32}},"1":{"start":{"line":4,"column":20},"end":{"line":4,"column":22}},"2":{"start":{"line":7,"column":21},"end":{"line":9,"column":1}},"3":{"start":{"line":8,"column":2},"end":{"line":8,"column":44}},"4":{"start":{"line":12,"column":24},"end":{"line":14,"column":1}},"5":{"start":{"line":13,"column":2},"end":{"line":13,"column":40}},"6":{"start":{"line":16,"column":0},"end":{"line":19,"column":2}}},"fnMap":{"0":{"name":"(anonymous_0)","decl":{"start":{"line":7,"column":21},"end":{"line":7,"column":22}},"loc":{"start":{"line":7,"column":41},"end":{"line":9,"column":1}},"line":7},"1":{"name":"(anonymous_1)","decl":{"start":{"line":12,"column":24},"end":{"line":12,"column":25}},"loc":{"start":{"line":12,"column":50},"end":{"line":14,"column":1}},"line":12}},"branchMap":{},"s":{"0":0,"1":0,"2":0,"3":0,"4":0,"5":0,"6":0},"f":{"0":0,"1":0},"b":{}}
,"C:\\test\\todotodotodo\\backend\\src\\utils\\errorHandler.js": {"path":"C:\\test\\todotodotodo\\backend\\src\\utils\\errorHandler.js","statementMap":{"0":{"start":{"line":13,"column":22},"end":{"line":13,"column":60}},"1":{"start":{"line":16,"column":27},"end":{"line":33,"column":1}},"2":{"start":{"line":21,"column":20},"end":{"line":21,"column":45}},"3":{"start":{"line":22,"column":6},"end":{"line":22,"column":37}},"4":{"start":{"line":38,"column":28},"end":{"line":51,"column":1}},"5":{"start":{"line":39,"column":19},"end":{"line":43,"column":3}},"6":{"start":{"line":46,"column":2},"end":{"line":48,"column":3}},"7":{"start":{"line":47,"column":4},"end":{"line":47,"column":27}},"8":{"start":{"line":50,"column":2},"end":{"line":50,"column":18}},"9":{"start":{"line":61,"column":21},"end":{"line":127,"column":1}},"10":{"start":{"line":63,"column":2},"end":{"line":77,"column":3}},"11":{"start":{"line":64,"column":30},"end":{"line":64,"column":58}},"12":{"start":{"line":65,"column":20},"end":{"line":67,"column":33}},"13":{"start":{"line":69,"column":21},"end":{"line":74,"column":5}},"14":{"start":{"line":76,"column":4},"end":{"line":76,"column":63}},"15":{"start":{"line":80,"column":21},"end":{"line":80,"column":56}},"16":{"start":{"line":83,"column":18},"end":{"line":83,"column":51}},"17":{"start":{"line":86,"column":2},"end":{"line":106,"column":3}},"18":{"start":{"line":87,"column":4},"end":{"line":105,"column":5}},"19":{"start":{"line":89,"column":8},"end":{"line":89,"column":34}},"20":{"start":{"line":90,"column":8},"end":{"line":90,"column":14}},"21":{"start":{"line":92,"column":8},"end":{"line":92,"column":35}},"22":{"start":{"line":93,"column":8},"end":{"line":93,"column":14}},"23":{"start":{"line":95,"column":8},"end":{"line":95,"column":32}},"24":{"start":{"line":96,"column":8},"end":{"line":96,"column":14}},"25":{"start":{"line":98,"column":8},"end":{"line":98,"column":32}},"26":{"start":{"line":99,"column":8},"end":{"line":99,"column":14}},"27":{"start":{"line":101,"column":8},"end":{"line":101,"column":37}},"28":{"start":{"line":102,"column":8},"end":{"line":102,"column":14}},"29":{"start":{"line":104,"column":8},"end":{"line":104,"column":36}},"30":{"start":{"line":109,"column":2},"end":{"line":122,"column":3}},"31":{"start":{"line":110,"column":4},"end":{"line":117,"column":7}},"32":{"start":{"line":121,"column":4},"end":{"line":121,"column":77}},"33":{"start":{"line":125,"column":19},"end":{"line":125,"column":112}},"34":{"start":{"line":126,"column":2},"end":{"line":126,"column":40}},"35":{"start":{"line":129,"column":0},"end":{"line":129,"column":30}}},"fnMap":{"0":{"name":"(anonymous_0)","decl":{"start":{"line":20,"column":13},"end":{"line":20,"column":14}},"loc":{"start":{"line":20,"column":23},"end":{"line":23,"column":5}},"line":20},"1":{"name":"(anonymous_1)","decl":{"start":{"line":38,"column":28},"end":{"line":38,"column":29}},"loc":{"start":{"line":38,"column":74},"end":{"line":51,"column":1}},"line":38},"2":{"name":"(anonymous_2)","decl":{"start":{"line":61,"column":21},"end":{"line":61,"column":22}},"loc":{"start":{"line":61,"column":46},"end":{"line":127,"column":1}},"line":61}},"branchMap":{"0":{"loc":{"start":{"line":21,"column":20},"end":{"line":21,"column":45}},"type":"binary-expr","locations":[{"start":{"line":21,"column":20},"end":{"line":21,"column":37}},{"start":{"line":21,"column":41},"end":{"line":21,"column":45}}],"line":21},"1":{"loc":{"start":{"line":38,"column":57},"end":{"line":38,"column":69}},"type":"default-arg","locations":[{"start":{"line":38,"column":65},"end":{"line":38,"column":69}}],"line":38},"2":{"loc":{"start":{"line":46,"column":2},"end":{"line":48,"column":3}},"type":"if","locations":[{"start":{"line":46,"column":2},"end":{"line":48,"column":3}},{"start":{},"end":{}}],"line":46},"3":{"loc":{"start":{"line":46,"column":6},"end":{"line":46,"column":28}},"type":"binary-expr","locations":[{"start":{"line":46,"column":6},"end":{"line":46,"column":19}},{"start":{"line":46,"column":23},"end":{"line":46,"column":28}}],"line":46},"4":{"loc":{"start":{"line":63,"column":2},"end":{"line":77,"column":3}},"type":"if","locations":[{"start":{"line":63,"column":2},"end":{"line":77,"column":3}},{"start":{},"end":{}}],"line":63},"5":{"loc":{"start":{"line":63,"column":6},"end":{"line":63,"column":46}},"type":"binary-expr","locations":[{"start":{"line":63,"column":6},"end":{"line":63,"column":14}},{"start":{"line":63,"column":18},"end":{"line":63,"column":46}}],"line":63},"6":{"loc":{"start":{"line":65,"column":20},"end":{"line":67,"column":33}},"type":"cond-expr","locations":[{"start":{"line":66,"column":8},"end":{"line":66,"column":43}},{"start":{"line":67,"column":8},"end":{"line":67,"column":33}}],"line":65},"7":{"loc":{"start":{"line":80,"column":21},"end":{"line":80,"column":56}},"type":"binary-expr","locations":[{"start":{"line":80,"column":21},"end":{"line":80,"column":31}},{"start":{"line":80,"column":35},"end":{"line":80,"column":49}},{"start":{"line":80,"column":53},"end":{"line":80,"column":56}}],"line":80},"8":{"loc":{"start":{"line":83,"column":18},"end":{"line":83,"column":51}},"type":"binary-expr","locations":[{"start":{"line":83,"column":18},"end":{"line":83,"column":31}},{"start":{"line":83,"column":35},"end":{"line":83,"column":51}}],"line":83},"9":{"loc":{"start":{"line":86,"column":2},"end":{"line":106,"column":3}},"type":"if","locations":[{"start":{"line":86,"column":2},"end":{"line":106,"column":3}},{"start":{},"end":{}}],"line":86},"10":{"loc":{"start":{"line":87,"column":4},"end":{"line":105,"column":5}},"type":"switch","locations":[{"start":{"line":88,"column":6},"end":{"line":90,"column":14}},{"start":{"line":91,"column":6},"end":{"line":93,"column":14}},{"start":{"line":94,"column":6},"end":{"line":96,"column":14}},{"start":{"line":97,"column":6},"end":{"line":99,"column":14}},{"start":{"line":100,"column":6},"end":{"line":102,"column":14}},{"start":{"line":103,"column":6},"end":{"line":104,"column":36}}],"line":87},"11":{"loc":{"start":{"line":109,"column":2},"end":{"line":122,"column":3}},"type":"if","locations":[{"start":{"line":109,"column":2},"end":{"line":122,"column":3}},{"start":{"line":120,"column":7},"end":{"line":122,"column":3}}],"line":109},"12":{"loc":{"start":{"line":125,"column":51},"end":{"line":125,"column":89}},"type":"binary-expr","locations":[{"start":{"line":125,"column":51},"end":{"line":125,"column":62}},{"start":{"line":125,"column":66},"end":{"line":125,"column":89}}],"line":125}},"s":{"0":1,"1":1,"2":0,"3":0,"4":1,"5":0,"6":0,"7":0,"8":0,"9":1,"10":0,"11":0,"12":0,"13":0,"14":0,"15":0,"16":0,"17":0,"18":0,"19":0,"20":0,"21":0,"22":0,"23":0,"24":0,"25":0,"26":0,"27":0,"28":0,"29":0,"30":0,"31":0,"32":0,"33":0,"34":0,"35":1},"f":{"0":0,"1":0,"2":0},"b":{"0":[0,0],"1":[0],"2":[0,0],"3":[0,0],"4":[0,0],"5":[0,0],"6":[0,0],"7":[0,0,0],"8":[0,0],"9":[0,0],"10":[0,0,0,0,0,0],"11":[0,0],"12":[0,0]},"_coverageSchema":"1a1c01bbd47fc00a2c39e90264f33305004495a9","hash":"dbbce3780a6b7cb8a456eceb44b96518d9cf5f2d"}
,"C:\\test\\todotodotodo\\backend\\src\\utils\\jwt.js": {"path":"C:\\test\\todotodotodo\\backend\\src\\utils\\jwt.js","statementMap":{"0":{"start":{"line":2,"column":12},"end":{"line":2,"column":35}},"1":{"start":{"line":4,"column":19},"end":{"line":4,"column":41}},"2":{"start":{"line":5,"column":23},"end":{"line":5,"column":58}},"3":{"start":{"line":8,"column":0},"end":{"line":13,"column":1}},"4":{"start":{"line":9,"column":2},"end":{"line":12,"column":4}},"5":{"start":{"line":16,"column":22},"end":{"line":22,"column":1}},"6":{"start":{"line":17,"column":2},"end":{"line":21,"column":4}},"7":{"start":{"line":25,"column":20},"end":{"line":31,"column":1}},"8":{"start":{"line":26,"column":2},"end":{"line":30,"column":3}},"9":{"start":{"line":27,"column":4},"end":{"line":27,"column":41}},"10":{"start":{"line":29,"column":4},"end":{"line":29,"column":16}},"11":{"start":{"line":34,"column":31},"end":{"line":39,"column":1}},"12":{"start":{"line":35,"column":2},"end":{"line":35,"column":31}},"13":{"start":{"line":35,"column":19},"end":{"line":35,"column":31}},"14":{"start":{"line":36,"column":16},"end":{"line":36,"column":37}},"15":{"start":{"line":37,"column":2},"end":{"line":37,"column":63}},"16":{"start":{"line":37,"column":51},"end":{"line":37,"column":63}},"17":{"start":{"line":38,"column":2},"end":{"line":38,"column":18}},"18":{"start":{"line":41,"column":0},"end":{"line":45,"column":2}}},"fnMap":{"0":{"name":"(anonymous_0)","decl":{"start":{"line":16,"column":22},"end":{"line":16,"column":23}},"loc":{"start":{"line":16,"column":34},"end":{"line":22,"column":1}},"line":16},"1":{"name":"(anonymous_1)","decl":{"start":{"line":25,"column":20},"end":{"line":25,"column":21}},"loc":{"start":{"line":25,"column":31},"end":{"line":31,"column":1}},"line":25},"2":{"name":"(anonymous_2)","decl":{"start":{"line":34,"column":31},"end":{"line":34,"column":32}},"loc":{"start":{"line":34,"column":47},"end":{"line":39,"column":1}},"line":34}},"branchMap":{"0":{"loc":{"start":{"line":5,"column":23},"end":{"line":5,"column":58}},"type":"binary-expr","locations":[{"start":{"line":5,"column":23},"end":{"line":5,"column":49}},{"start":{"line":5,"column":53},"end":{"line":5,"column":58}}],"line":5},"1":{"loc":{"start":{"line":8,"column":0},"end":{"line":13,"column":1}},"type":"if","locations":[{"start":{"line":8,"column":0},"end":{"line":13,"column":1}},{"start":{},"end":{}}],"line":8},"2":{"loc":{"start":{"line":35,"column":2},"end":{"line":35,"column":31}},"type":"if","locations":[{"start":{"line":35,"column":2},"end":{"line":35,"column":31}},{"start":{},"end":{}}],"line":35},"3":{"loc":{"start":{"line":37,"column":2},"end":{"line":37,"column":63}},"type":"if","locations":[{"start":{"line":37,"column":2},"end":{"line":37,"column":63}},{"start":{},"end":{}}],"line":37},"4":{"loc":{"start":{"line":37,"column":6},"end":{"line":37,"column":49}},"type":"binary-expr","locations":[{"start":{"line":37,"column":6},"end":{"line":37,"column":24}},{"start":{"line":37,"column":28},"end":{"line":37,"column":49}}],"line":37}},"s":{"0":0,"1":0,"2":0,"3":0,"4":0,"5":0,"6":0,"7":0,"8":0,"9":0,"10":0,"11":0,"12":0,"13":0,"14":0,"15":0,"16":0,"17":0,"18":0},"f":{"0":0,"1":0,"2":0},"b":{"0":[0,0],"1":[0,0],"2":[0,0],"3":[0,0],"4":[0,0]}}
,"C:\\test\\todotodotodo\\backend\\src\\utils\\validation.js": {"path":"C:\\test\\todotodotodo\\backend\\src\\utils\\validation.js","statementMap":{"0":{"start":{"line":4,"column":22},"end":{"line":7,"column":1}},"1":{"start":{"line":5,"column":21},"end":{"line":5,"column":72}},"2":{"start":{"line":6,"column":2},"end":{"line":6,"column":32}},"3":{"start":{"line":10,"column":25},"end":{"line":24,"column":1}},"4":{"start":{"line":11,"column":2},"end":{"line":13,"column":3}},"5":{"start":{"line":12,"column":4},"end":{"line":12,"column":82}},"6":{"start":{"line":14,"column":2},"end":{"line":16,"column":3}},"7":{"start":{"line":15,"column":4},"end":{"line":15,"column":80}},"8":{"start":{"line":17,"column":2},"end":{"line":19,"column":3}},"9":{"start":{"line":18,"column":4},"end":{"line":18,"column":80}},"10":{"start":{"line":20,"column":2},"end":{"line":22,"column":3}},"11":{"start":{"line":21,"column":4},"end":{"line":21,"column":91}},"12":{"start":{"line":23,"column":2},"end":{"line":23,"column":25}},"13":{"start":{"line":27,"column":21},"end":{"line":32,"column":1}},"14":{"start":{"line":28,"column":2},"end":{"line":30,"column":3}},"15":{"start":{"line":29,"column":4},"end":{"line":29,"column":79}},"16":{"start":{"line":31,"column":2},"end":{"line":31,"column":25}},"17":{"start":{"line":35,"column":22},"end":{"line":40,"column":1}},"18":{"start":{"line":36,"column":2},"end":{"line":38,"column":3}},"19":{"start":{"line":37,"column":4},"end":{"line":37,"column":81}},"20":{"start":{"line":39,"column":2},"end":{"line":39,"column":25}},"21":{"start":{"line":43,"column":21},"end":{"line":53,"column":1}},"22":{"start":{"line":44,"column":20},"end":{"line":44,"column":41}},"23":{"start":{"line":45,"column":2},"end":{"line":47,"column":3}},"24":{"start":{"line":46,"column":4},"end":{"line":46,"column":72}},"25":{"start":{"line":48,"column":15},"end":{"line":48,"column":35}},"26":{"start":{"line":49,"column":2},"end":{"line":51,"column":3}},"27":{"start":{"line":50,"column":4},"end":{"line":50,"column":51}},"28":{"start":{"line":52,"column":2},"end":{"line":52,"column":31}},"29":{"start":{"line":56,"column":26},"end":{"line":63,"column":1}},"30":{"start":{"line":57,"column":16},"end":{"line":57,"column":35}},"31":{"start":{"line":58,"column":14},"end":{"line":58,"column":31}},"32":{"start":{"line":59,"column":2},"end":{"line":61,"column":3}},"33":{"start":{"line":60,"column":4},"end":{"line":60,"column":85}},"34":{"start":{"line":62,"column":2},"end":{"line":62,"column":25}},"35":{"start":{"line":66,"column":25},"end":{"line":72,"column":1}},"36":{"start":{"line":67,"column":14},"end":{"line":67,"column":36}},"37":{"start":{"line":68,"column":2},"end":{"line":70,"column":3}},"38":{"start":{"line":69,"column":4},"end":{"line":69,"column":76}},"39":{"start":{"line":71,"column":2},"end":{"line":71,"column":25}},"40":{"start":{"line":74,"column":0},"end":{"line":82,"column":2}}},"fnMap":{"0":{"name":"(anonymous_0)","decl":{"start":{"line":4,"column":22},"end":{"line":4,"column":23}},"loc":{"start":{"line":4,"column":33},"end":{"line":7,"column":1}},"line":4},"1":{"name":"(anonymous_1)","decl":{"start":{"line":10,"column":25},"end":{"line":10,"column":26}},"loc":{"start":{"line":10,"column":39},"end":{"line":24,"column":1}},"line":10},"2":{"name":"(anonymous_2)","decl":{"start":{"line":27,"column":21},"end":{"line":27,"column":22}},"loc":{"start":{"line":27,"column":31},"end":{"line":32,"column":1}},"line":27},"3":{"name":"(anonymous_3)","decl":{"start":{"line":35,"column":22},"end":{"line":35,"column":23}},"loc":{"start":{"line":35,"column":33},"end":{"line":40,"column":1}},"line":35},"4":{"name":"(anonymous_4)","decl":{"start":{"line":43,"column":21},"end":{"line":43,"column":22}},"loc":{"start":{"line":43,"column":37},"end":{"line":53,"column":1}},"line":43},"5":{"name":"(anonymous_5)","decl":{"start":{"line":56,"column":26},"end":{"line":56,"column":27}},"loc":{"start":{"line":56,"column":50},"end":{"line":63,"column":1}},"line":56},"6":{"name":"(anonymous_6)","decl":{"start":{"line":66,"column":25},"end":{"line":66,"column":26}},"loc":{"start":{"line":66,"column":39},"end":{"line":72,"column":1}},"line":66}},"branchMap":{"0":{"loc":{"start":{"line":11,"column":2},"end":{"line":13,"column":3}},"type":"if","locations":[{"start":{"line":11,"column":2},"end":{"line":13,"column":3}},{"start":{},"end":{}}],"line":11},"1":{"loc":{"start":{"line":14,"column":2},"end":{"line":16,"column":3}},"type":"if","locations":[{"start":{"line":14,"column":2},"end":{"line":16,"column":3}},{"start":{},"end":{}}],"line":14},"2":{"loc":{"start":{"line":17,"column":2},"end":{"line":19,"column":3}},"type":"if","locations":[{"start":{"line":17,"column":2},"end":{"line":19,"column":3}},{"start":{},"end":{}}],"line":17},"3":{"loc":{"start":{"line":20,"column":2},"end":{"line":22,"column":3}},"type":"if","locations":[{"start":{"line":20,"column":2},"end":{"line":22,"column":3}},{"start":{},"end":{}}],"line":20},"4":{"loc":{"start":{"line":28,"column":2},"end":{"line":30,"column":3}},"type":"if","locations":[{"start":{"line":28,"column":2},"end":{"line":30,"column":3}},{"start":{},"end":{}}],"line":28},"5":{"loc":{"start":{"line":28,"column":6},"end":{"line":28,"column":41}},"type":"binary-expr","locations":[{"start":{"line":28,"column":6},"end":{"line":28,"column":21}},{"start":{"line":28,"column":25},"end":{"line":28,"column":41}}],"line":28},"6":{"loc":{"start":{"line":36,"column":2},"end":{"line":38,"column":3}},"type":"if","locations":[{"start":{"line":36,"column":2},"end":{"line":38,"column":3}},{"start":{},"end":{}}],"line":36},"7":{"loc":{"start":{"line":36,"column":6},"end":{"line":36,"column":44}},"type":"binary-expr","locations":[{"start":{"line":36,"column":6},"end":{"line":36,"column":22}},{"start":{"line":36,"column":26},"end":{"line":36,"column":44}}],"line":36},"8":{"loc":{"start":{"line":45,"column":2},"end":{"line":47,"column":3}},"type":"if","locations":[{"start":{"line":45,"column":2},"end":{"line":47,"column":3}},{"start":{},"end":{}}],"line":45},"9":{"loc":{"start":{"line":49,"column":2},"end":{"line":51,"column":3}},"type":"if","locations":[{"start":{"line":49,"column":2},"end":{"line":51,"column":3}},{"start":{},"end":{}}],"line":49},"10":{"loc":{"start":{"line":59,"column":2},"end":{"line":61,"column":3}},"type":"if","locations":[{"start":{"line":59,"column":2},"end":{"line":61,"column":3}},{"start":{},"end":{}}],"line":59},"11":{"loc":{"start":{"line":68,"column":2},"end":{"line":70,"column":3}},"type":"if","locations":[{"start":{"line":68,"column":2},"end":{"line":70,"column":3}},{"start":{},"end":{}}],"line":68},"12":{"loc":{"start":{"line":68,"column":6},"end":{"line":68,"column":43}},"type":"binary-expr","locations":[{"start":{"line":68,"column":6},"end":{"line":68,"column":16}},{"start":{"line":68,"column":20},"end":{"line":68,"column":27}},{"start":{"line":68,"column":31},"end":{"line":68,"column":43}}],"line":68}},"s":{"0":0,"1":0,"2":0,"3":0,"4":0,"5":0,"6":0,"7":0,"8":0,"9":0,"10":0,"11":0,"12":0,"13":0,"14":0,"15":0,"16":0,"17":0,"18":0,"19":0,"20":0,"21":0,"22":0,"23":0,"24":0,"25":0,"26":0,"27":0,"28":0,"29":0,"30":0,"31":0,"32":0,"33":0,"34":0,"35":0,"36":0,"37":0,"38":0,"39":0,"40":0},"f":{"0":0,"1":0,"2":0,"3":0,"4":0,"5":0,"6":0},"b":{"0":[0,0],"1":[0,0],"2":[0,0],"3":[0,0],"4":[0,0],"5":[0,0],"6":[0,0],"7":[0,0],"8":[0,0],"9":[0,0],"10":[0,0],"11":[0,0],"12":[0,0,0]}}
}
