{"C:\\test\\todotodotodo\\backend\\src\\config\\database.js": {"path":"C:\\test\\todotodotodo\\backend\\src\\config\\database.js","statementMap":{"0":{"start":{"line":2,"column":17},"end":{"line":2,"column":30}},"1":{"start":{"line":3,"column":0},"end":{"line":3,"column":27}},"2":{"start":{"line":5,"column":13},"end":{"line":8,"column":2}},"3":{"start":{"line":10,"column":0},"end":{"line":12,"column":3}},"4":{"start":{"line":11,"column":2},"end":{"line":11,"column":56}},"5":{"start":{"line":14,"column":0},"end":{"line":14,"column":22}}},"fnMap":{"0":{"name":"(anonymous_0)","decl":{"start":{"line":10,"column":17},"end":{"line":10,"column":18}},"loc":{"start":{"line":10,"column":26},"end":{"line":12,"column":1}},"line":10}},"branchMap":{"0":{"loc":{"start":{"line":7,"column":7},"end":{"line":7,"column":84}},"type":"cond-expr","locations":[{"start":{"line":7,"column":47},"end":{"line":7,"column":76}},{"start":{"line":7,"column":79},"end":{"line":7,"column":84}}],"line":7}},"s":{"0":4,"1":4,"2":4,"3":4,"4":0,"5":4},"f":{"0":0},"b":{"0":[0,4]},"_coverageSchema":"1a1c01bbd47fc00a2c39e90264f33305004495a9","hash":"6488d7e2226d4646f40c40b2a282460f12274f00"}
,"C:\\test\\todotodotodo\\backend\\src\\middleware\\authMiddleware.js": {"path":"C:\\test\\todotodotodo\\backend\\src\\middleware\\authMiddleware.js","statementMap":{"0":{"start":{"line":2,"column":48},"end":{"line":2,"column":71}},"1":{"start":{"line":4,"column":23},"end":{"line":46,"column":1}},"2":{"start":{"line":5,"column":2},"end":{"line":45,"column":3}},"3":{"start":{"line":6,"column":23},"end":{"line":6,"column":48}},"4":{"start":{"line":8,"column":4},"end":{"line":14,"column":5}},"5":{"start":{"line":9,"column":6},"end":{"line":13,"column":9}},"6":{"start":{"line":16,"column":18},"end":{"line":16,"column":52}},"7":{"start":{"line":18,"column":4},"end":{"line":24,"column":5}},"8":{"start":{"line":19,"column":6},"end":{"line":23,"column":9}},"9":{"start":{"line":26,"column":20},"end":{"line":26,"column":38}},"10":{"start":{"line":28,"column":4},"end":{"line":34,"column":5}},"11":{"start":{"line":29,"column":6},"end":{"line":33,"column":9}},"12":{"start":{"line":37,"column":4},"end":{"line":37,"column":23}},"13":{"start":{"line":38,"column":4},"end":{"line":38,"column":11}},"14":{"start":{"line":40,"column":4},"end":{"line":44,"column":7}},"15":{"start":{"line":48,"column":0},"end":{"line":48,"column":32}}},"fnMap":{"0":{"name":"(anonymous_0)","decl":{"start":{"line":4,"column":23},"end":{"line":4,"column":24}},"loc":{"start":{"line":4,"column":43},"end":{"line":46,"column":1}},"line":4}},"branchMap":{"0":{"loc":{"start":{"line":8,"column":4},"end":{"line":14,"column":5}},"type":"if","locations":[{"start":{"line":8,"column":4},"end":{"line":14,"column":5}},{"start":{},"end":{}}],"line":8},"1":{"loc":{"start":{"line":18,"column":4},"end":{"line":24,"column":5}},"type":"if","locations":[{"start":{"line":18,"column":4},"end":{"line":24,"column":5}},{"start":{},"end":{}}],"line":18},"2":{"loc":{"start":{"line":28,"column":4},"end":{"line":34,"column":5}},"type":"if","locations":[{"start":{"line":28,"column":4},"end":{"line":34,"column":5}},{"start":{},"end":{}}],"line":28}},"s":{"0":4,"1":4,"2":94,"3":94,"4":94,"5":11,"6":83,"7":83,"8":2,"9":81,"10":81,"11":11,"12":70,"13":70,"14":0,"15":4},"f":{"0":94},"b":{"0":[11,83],"1":[2,81],"2":[11,70]},"_coverageSchema":"1a1c01bbd47fc00a2c39e90264f33305004495a9","hash":"beffb5a65d6ec6185e11db54ffd31aa8de9ab301"}
,"C:\\test\\todotodotodo\\backend\\src\\routes\\authRoutes.js": {"path":"C:\\test\\todotodotodo\\backend\\src\\routes\\authRoutes.js","statementMap":{"0":{"start":{"line":2,"column":16},"end":{"line":2,"column":34}},"1":{"start":{"line":3,"column":15},"end":{"line":3,"column":31}},"2":{"start":{"line":4,"column":13},"end":{"line":4,"column":42}},"3":{"start":{"line":5,"column":26},"end":{"line":5,"column":49}},"4":{"start":{"line":6,"column":42},"end":{"line":6,"column":68}},"5":{"start":{"line":11,"column":4},"end":{"line":11,"column":34}},"6":{"start":{"line":16,"column":4},"end":{"line":16,"column":36}},"7":{"start":{"line":19,"column":19},"end":{"line":19,"column":81}},"8":{"start":{"line":22,"column":0},"end":{"line":93,"column":3}},"9":{"start":{"line":23,"column":2},"end":{"line":92,"column":3}},"10":{"start":{"line":24,"column":38},"end":{"line":24,"column":46}},"11":{"start":{"line":27,"column":4},"end":{"line":29,"column":5}},"12":{"start":{"line":28,"column":6},"end":{"line":28,"column":92}},"13":{"start":{"line":32,"column":4},"end":{"line":34,"column":5}},"14":{"start":{"line":33,"column":6},"end":{"line":33,"column":65}},"15":{"start":{"line":37,"column":31},"end":{"line":37,"column":57}},"16":{"start":{"line":38,"column":4},"end":{"line":40,"column":5}},"17":{"start":{"line":39,"column":6},"end":{"line":39,"column":70}},"18":{"start":{"line":43,"column":27},"end":{"line":43,"column":45}},"19":{"start":{"line":44,"column":4},"end":{"line":46,"column":5}},"20":{"start":{"line":45,"column":6},"end":{"line":45,"column":62}},"21":{"start":{"line":49,"column":25},"end":{"line":52,"column":5}},"22":{"start":{"line":54,"column":4},"end":{"line":56,"column":5}},"23":{"start":{"line":55,"column":6},"end":{"line":55,"column":65}},"24":{"start":{"line":59,"column":25},"end":{"line":59,"column":53}},"25":{"start":{"line":62,"column":19},"end":{"line":65,"column":5}},"26":{"start":{"line":67,"column":20},"end":{"line":67,"column":34}},"27":{"start":{"line":70,"column":4},"end":{"line":79,"column":7}},"28":{"start":{"line":82,"column":4},"end":{"line":88,"column":5}},"29":{"start":{"line":83,"column":6},"end":{"line":87,"column":9}},"30":{"start":{"line":91,"column":4},"end":{"line":91,"column":14}},"31":{"start":{"line":96,"column":0},"end":{"line":152,"column":3}},"32":{"start":{"line":97,"column":2},"end":{"line":151,"column":3}},"33":{"start":{"line":98,"column":32},"end":{"line":98,"column":40}},"34":{"start":{"line":101,"column":4},"end":{"line":103,"column":5}},"35":{"start":{"line":102,"column":6},"end":{"line":102,"column":86}},"36":{"start":{"line":106,"column":4},"end":{"line":108,"column":5}},"37":{"start":{"line":107,"column":6},"end":{"line":107,"column":65}},"38":{"start":{"line":111,"column":19},"end":{"line":114,"column":5}},"39":{"start":{"line":116,"column":15},"end":{"line":116,"column":29}},"40":{"start":{"line":117,"column":26},"end":{"line":117,"column":31}},"41":{"start":{"line":119,"column":4},"end":{"line":125,"column":5}},"42":{"start":{"line":121,"column":6},"end":{"line":121,"column":75}},"43":{"start":{"line":124,"column":6},"end":{"line":124,"column":50}},"44":{"start":{"line":128,"column":4},"end":{"line":130,"column":5}},"45":{"start":{"line":129,"column":6},"end":{"line":129,"column":55}},"46":{"start":{"line":133,"column":18},"end":{"line":133,"column":44}},"47":{"start":{"line":136,"column":4},"end":{"line":147,"column":7}},"48":{"start":{"line":150,"column":4},"end":{"line":150,"column":14}},"49":{"start":{"line":154,"column":0},"end":{"line":154,"column":24}}},"fnMap":{"0":{"name":"(anonymous_0)","decl":{"start":{"line":22,"column":23},"end":{"line":22,"column":24}},"loc":{"start":{"line":22,"column":49},"end":{"line":93,"column":1}},"line":22},"1":{"name":"(anonymous_1)","decl":{"start":{"line":96,"column":22},"end":{"line":96,"column":23}},"loc":{"start":{"line":96,"column":48},"end":{"line":152,"column":1}},"line":96}},"branchMap":{"0":{"loc":{"start":{"line":27,"column":4},"end":{"line":29,"column":5}},"type":"if","locations":[{"start":{"line":27,"column":4},"end":{"line":29,"column":5}},{"start":{},"end":{}}],"line":27},"1":{"loc":{"start":{"line":27,"column":8},"end":{"line":27,"column":36}},"type":"binary-expr","locations":[{"start":{"line":27,"column":8},"end":{"line":27,"column":14}},{"start":{"line":27,"column":18},"end":{"line":27,"column":27}},{"start":{"line":27,"column":31},"end":{"line":27,"column":36}}],"line":27},"2":{"loc":{"start":{"line":32,"column":4},"end":{"line":34,"column":5}},"type":"if","locations":[{"start":{"line":32,"column":4},"end":{"line":34,"column":5}},{"start":{},"end":{}}],"line":32},"3":{"loc":{"start":{"line":38,"column":4},"end":{"line":40,"column":5}},"type":"if","locations":[{"start":{"line":38,"column":4},"end":{"line":40,"column":5}},{"start":{},"end":{}}],"line":38},"4":{"loc":{"start":{"line":44,"column":4},"end":{"line":46,"column":5}},"type":"if","locations":[{"start":{"line":44,"column":4},"end":{"line":46,"column":5}},{"start":{},"end":{}}],"line":44},"5":{"loc":{"start":{"line":54,"column":4},"end":{"line":56,"column":5}},"type":"if","locations":[{"start":{"line":54,"column":4},"end":{"line":56,"column":5}},{"start":{},"end":{}}],"line":54},"6":{"loc":{"start":{"line":82,"column":4},"end":{"line":88,"column":5}},"type":"if","locations":[{"start":{"line":82,"column":4},"end":{"line":88,"column":5}},{"start":{},"end":{}}],"line":82},"7":{"loc":{"start":{"line":101,"column":4},"end":{"line":103,"column":5}},"type":"if","locations":[{"start":{"line":101,"column":4},"end":{"line":103,"column":5}},{"start":{},"end":{}}],"line":101},"8":{"loc":{"start":{"line":101,"column":8},"end":{"line":101,"column":27}},"type":"binary-expr","locations":[{"start":{"line":101,"column":8},"end":{"line":101,"column":14}},{"start":{"line":101,"column":18},"end":{"line":101,"column":27}}],"line":101},"9":{"loc":{"start":{"line":106,"column":4},"end":{"line":108,"column":5}},"type":"if","locations":[{"start":{"line":106,"column":4},"end":{"line":108,"column":5}},{"start":{},"end":{}}],"line":106},"10":{"loc":{"start":{"line":119,"column":4},"end":{"line":125,"column":5}},"type":"if","locations":[{"start":{"line":119,"column":4},"end":{"line":125,"column":5}},{"start":{"line":122,"column":11},"end":{"line":125,"column":5}}],"line":119},"11":{"loc":{"start":{"line":128,"column":4},"end":{"line":130,"column":5}},"type":"if","locations":[{"start":{"line":128,"column":4},"end":{"line":130,"column":5}},{"start":{},"end":{}}],"line":128},"12":{"loc":{"start":{"line":128,"column":8},"end":{"line":128,"column":33}},"type":"binary-expr","locations":[{"start":{"line":128,"column":8},"end":{"line":128,"column":13}},{"start":{"line":128,"column":17},"end":{"line":128,"column":33}}],"line":128}},"s":{"0":4,"1":4,"2":4,"3":4,"4":4,"5":4,"6":4,"7":4,"8":4,"9":40,"10":40,"11":40,"12":9,"13":31,"14":5,"15":26,"16":26,"17":5,"18":21,"19":21,"20":3,"21":18,"22":17,"23":2,"24":15,"25":15,"26":15,"27":15,"28":25,"29":0,"30":25,"31":4,"32":23,"33":23,"34":23,"35":6,"36":17,"37":0,"38":17,"39":17,"40":16,"41":16,"42":11,"43":5,"44":16,"45":9,"46":7,"47":7,"48":16,"49":4},"f":{"0":40,"1":23},"b":{"0":[9,31],"1":[40,35,33],"2":[5,26],"3":[5,21],"4":[3,18],"5":[2,15],"6":[0,25],"7":[6,17],"8":[23,19],"9":[0,17],"10":[11,5],"11":[9,7],"12":[16,11]},"_coverageSchema":"1a1c01bbd47fc00a2c39e90264f33305004495a9","hash":"30ad7c3d58068dc29b2654e21cc3ee673dc22640"}
,"C:\\test\\todotodotodo\\backend\\src\\routes\\todoRoutes.js": {"path":"C:\\test\\todotodotodo\\backend\\src\\routes\\todoRoutes.js","statementMap":{"0":{"start":{"line":2,"column":16},"end":{"line":2,"column":34}},"1":{"start":{"line":3,"column":15},"end":{"line":3,"column":31}},"2":{"start":{"line":4,"column":13},"end":{"line":4,"column":42}},"3":{"start":{"line":5,"column":23},"end":{"line":5,"column":62}},"4":{"start":{"line":6,"column":59},"end":{"line":6,"column":89}},"5":{"start":{"line":13,"column":4},"end":{"line":13,"column":36}},"6":{"start":{"line":16,"column":0},"end":{"line":96,"column":3}},"7":{"start":{"line":17,"column":2},"end":{"line":95,"column":3}},"8":{"start":{"line":18,"column":19},"end":{"line":18,"column":34}},"9":{"start":{"line":19,"column":23},"end":{"line":19,"column":32}},"10":{"start":{"line":22,"column":26},"end":{"line":22,"column":60}},"11":{"start":{"line":23,"column":4},"end":{"line":25,"column":5}},"12":{"start":{"line":24,"column":6},"end":{"line":24,"column":105}},"13":{"start":{"line":28,"column":26},"end":{"line":28,"column":41}},"14":{"start":{"line":29,"column":22},"end":{"line":29,"column":30}},"15":{"start":{"line":31,"column":4},"end":{"line":45,"column":5}},"16":{"start":{"line":33,"column":6},"end":{"line":33,"column":48}},"17":{"start":{"line":34,"column":6},"end":{"line":34,"column":50}},"18":{"start":{"line":35,"column":11},"end":{"line":45,"column":5}},"19":{"start":{"line":37,"column":6},"end":{"line":37,"column":48}},"20":{"start":{"line":38,"column":6},"end":{"line":38,"column":49}},"21":{"start":{"line":39,"column":11},"end":{"line":45,"column":5}},"22":{"start":{"line":41,"column":6},"end":{"line":41,"column":47}},"23":{"start":{"line":44,"column":6},"end":{"line":44,"column":48}},"24":{"start":{"line":47,"column":24},"end":{"line":47,"column":53}},"25":{"start":{"line":48,"column":18},"end":{"line":64,"column":5}},"26":{"start":{"line":67,"column":19},"end":{"line":67,"column":55}},"27":{"start":{"line":70,"column":18},"end":{"line":82,"column":7}},"28":{"start":{"line":70,"column":42},"end":{"line":82,"column":5}},"29":{"start":{"line":85,"column":4},"end":{"line":91,"column":7}},"30":{"start":{"line":94,"column":4},"end":{"line":94,"column":14}},"31":{"start":{"line":99,"column":0},"end":{"line":222,"column":3}},"32":{"start":{"line":100,"column":2},"end":{"line":221,"column":3}},"33":{"start":{"line":102,"column":19},"end":{"line":102,"column":34}},"34":{"start":{"line":105,"column":42},"end":{"line":105,"column":50}},"35":{"start":{"line":108,"column":4},"end":{"line":110,"column":5}},"36":{"start":{"line":109,"column":6},"end":{"line":109,"column":86}},"37":{"start":{"line":113,"column":28},"end":{"line":113,"column":48}},"38":{"start":{"line":114,"column":4},"end":{"line":116,"column":5}},"39":{"start":{"line":115,"column":6},"end":{"line":115,"column":55}},"40":{"start":{"line":119,"column":32},"end":{"line":119,"column":55}},"41":{"start":{"line":120,"column":4},"end":{"line":122,"column":5}},"42":{"start":{"line":121,"column":6},"end":{"line":121,"column":83}},"43":{"start":{"line":124,"column":30},"end":{"line":124,"column":51}},"44":{"start":{"line":125,"column":4},"end":{"line":127,"column":5}},"45":{"start":{"line":126,"column":6},"end":{"line":126,"column":79}},"46":{"start":{"line":130,"column":32},"end":{"line":130,"column":69}},"47":{"start":{"line":131,"column":4},"end":{"line":133,"column":5}},"48":{"start":{"line":132,"column":6},"end":{"line":132,"column":59}},"49":{"start":{"line":136,"column":29},"end":{"line":140,"column":5}},"50":{"start":{"line":141,"column":30},"end":{"line":141,"column":74}},"51":{"start":{"line":142,"column":24},"end":{"line":142,"column":61}},"52":{"start":{"line":145,"column":25},"end":{"line":145,"column":64}},"53":{"start":{"line":148,"column":24},"end":{"line":174,"column":5}},"54":{"start":{"line":176,"column":25},"end":{"line":182,"column":6}},"55":{"start":{"line":186,"column":16},"end":{"line":186,"column":36}},"56":{"start":{"line":189,"column":23},"end":{"line":196,"column":5}},"57":{"start":{"line":190,"column":6},"end":{"line":190,"column":29}},"58":{"start":{"line":190,"column":17},"end":{"line":190,"column":29}},"59":{"start":{"line":191,"column":16},"end":{"line":191,"column":30}},"60":{"start":{"line":192,"column":19},"end":{"line":192,"column":34}},"61":{"start":{"line":193,"column":20},"end":{"line":193,"column":61}},"62":{"start":{"line":194,"column":18},"end":{"line":194,"column":54}},"63":{"start":{"line":195,"column":6},"end":{"line":195,"column":39}},"64":{"start":{"line":198,"column":24},"end":{"line":210,"column":5}},"65":{"start":{"line":213,"column":4},"end":{"line":217,"column":7}},"66":{"start":{"line":220,"column":4},"end":{"line":220,"column":14}},"67":{"start":{"line":225,"column":0},"end":{"line":367,"column":3}},"68":{"start":{"line":226,"column":2},"end":{"line":366,"column":3}},"69":{"start":{"line":227,"column":19},"end":{"line":227,"column":34}},"70":{"start":{"line":228,"column":19},"end":{"line":228,"column":32}},"71":{"start":{"line":229,"column":42},"end":{"line":229,"column":50}},"72":{"start":{"line":232,"column":26},"end":{"line":247,"column":5}},"73":{"start":{"line":248,"column":27},"end":{"line":248,"column":68}},"74":{"start":{"line":250,"column":4},"end":{"line":252,"column":5}},"75":{"start":{"line":251,"column":6},"end":{"line":251,"column":48}},"76":{"start":{"line":254,"column":17},"end":{"line":254,"column":39}},"77":{"start":{"line":257,"column":4},"end":{"line":259,"column":5}},"78":{"start":{"line":258,"column":6},"end":{"line":258,"column":33}},"79":{"start":{"line":262,"column":4},"end":{"line":264,"column":5}},"80":{"start":{"line":263,"column":6},"end":{"line":263,"column":64}},"81":{"start":{"line":267,"column":21},"end":{"line":267,"column":58}},"82":{"start":{"line":268,"column":25},"end":{"line":268,"column":70}},"83":{"start":{"line":269,"column":23},"end":{"line":269,"column":64}},"84":{"start":{"line":271,"column":4},"end":{"line":276,"column":5}},"85":{"start":{"line":272,"column":30},"end":{"line":272,"column":50}},"86":{"start":{"line":273,"column":6},"end":{"line":275,"column":7}},"87":{"start":{"line":274,"column":8},"end":{"line":274,"column":57}},"88":{"start":{"line":278,"column":4},"end":{"line":283,"column":5}},"89":{"start":{"line":279,"column":29},"end":{"line":279,"column":52}},"90":{"start":{"line":280,"column":6},"end":{"line":282,"column":7}},"91":{"start":{"line":281,"column":8},"end":{"line":281,"column":80}},"92":{"start":{"line":285,"column":4},"end":{"line":290,"column":5}},"93":{"start":{"line":286,"column":29},"end":{"line":286,"column":50}},"94":{"start":{"line":287,"column":6},"end":{"line":289,"column":7}},"95":{"start":{"line":288,"column":8},"end":{"line":288,"column":78}},"96":{"start":{"line":293,"column":26},"end":{"line":293,"column":67}},"97":{"start":{"line":294,"column":24},"end":{"line":294,"column":59}},"98":{"start":{"line":296,"column":4},"end":{"line":301,"column":5}},"99":{"start":{"line":297,"column":34},"end":{"line":297,"column":83}},"100":{"start":{"line":298,"column":6},"end":{"line":300,"column":7}},"101":{"start":{"line":299,"column":8},"end":{"line":299,"column":61}},"102":{"start":{"line":304,"column":22},"end":{"line":304,"column":57}},"103":{"start":{"line":305,"column":25},"end":{"line":305,"column":27}},"104":{"start":{"line":306,"column":21},"end":{"line":306,"column":22}},"105":{"start":{"line":308,"column":4},"end":{"line":312,"column":5}},"106":{"start":{"line":309,"column":6},"end":{"line":309,"column":48}},"107":{"start":{"line":310,"column":6},"end":{"line":310,"column":31}},"108":{"start":{"line":311,"column":6},"end":{"line":311,"column":19}},"109":{"start":{"line":314,"column":4},"end":{"line":318,"column":5}},"110":{"start":{"line":315,"column":6},"end":{"line":315,"column":52}},"111":{"start":{"line":316,"column":6},"end":{"line":316,"column":35}},"112":{"start":{"line":317,"column":6},"end":{"line":317,"column":19}},"113":{"start":{"line":320,"column":4},"end":{"line":324,"column":5}},"114":{"start":{"line":321,"column":6},"end":{"line":321,"column":50}},"115":{"start":{"line":322,"column":6},"end":{"line":322,"column":33}},"116":{"start":{"line":323,"column":6},"end":{"line":323,"column":19}},"117":{"start":{"line":326,"column":4},"end":{"line":326,"column":80}},"118":{"start":{"line":327,"column":4},"end":{"line":327,"column":33}},"119":{"start":{"line":328,"column":4},"end":{"line":328,"column":30}},"120":{"start":{"line":330,"column":25},"end":{"line":330,"column":68}},"121":{"start":{"line":333,"column":23},"end":{"line":333,"column":43}},"122":{"start":{"line":334,"column":23},"end":{"line":341,"column":5}},"123":{"start":{"line":335,"column":6},"end":{"line":335,"column":29}},"124":{"start":{"line":335,"column":17},"end":{"line":335,"column":29}},"125":{"start":{"line":336,"column":16},"end":{"line":336,"column":30}},"126":{"start":{"line":337,"column":19},"end":{"line":337,"column":34}},"127":{"start":{"line":338,"column":20},"end":{"line":338,"column":61}},"128":{"start":{"line":339,"column":18},"end":{"line":339,"column":54}},"129":{"start":{"line":340,"column":6},"end":{"line":340,"column":39}},"130":{"start":{"line":343,"column":24},"end":{"line":355,"column":5}},"131":{"start":{"line":358,"column":4},"end":{"line":362,"column":7}},"132":{"start":{"line":365,"column":4},"end":{"line":365,"column":14}},"133":{"start":{"line":370,"column":0},"end":{"line":455,"column":3}},"134":{"start":{"line":371,"column":2},"end":{"line":454,"column":3}},"135":{"start":{"line":372,"column":19},"end":{"line":372,"column":34}},"136":{"start":{"line":373,"column":19},"end":{"line":373,"column":32}},"137":{"start":{"line":376,"column":26},"end":{"line":382,"column":5}},"138":{"start":{"line":383,"column":27},"end":{"line":383,"column":68}},"139":{"start":{"line":385,"column":4},"end":{"line":387,"column":5}},"140":{"start":{"line":386,"column":6},"end":{"line":386,"column":48}},"141":{"start":{"line":389,"column":17},"end":{"line":389,"column":39}},"142":{"start":{"line":392,"column":4},"end":{"line":394,"column":5}},"143":{"start":{"line":393,"column":6},"end":{"line":393,"column":33}},"144":{"start":{"line":397,"column":24},"end":{"line":416,"column":5}},"145":{"start":{"line":418,"column":25},"end":{"line":418,"column":72}},"146":{"start":{"line":421,"column":23},"end":{"line":421,"column":43}},"147":{"start":{"line":422,"column":23},"end":{"line":429,"column":5}},"148":{"start":{"line":423,"column":6},"end":{"line":423,"column":29}},"149":{"start":{"line":423,"column":17},"end":{"line":423,"column":29}},"150":{"start":{"line":424,"column":16},"end":{"line":424,"column":30}},"151":{"start":{"line":425,"column":19},"end":{"line":425,"column":34}},"152":{"start":{"line":426,"column":20},"end":{"line":426,"column":61}},"153":{"start":{"line":427,"column":18},"end":{"line":427,"column":54}},"154":{"start":{"line":428,"column":6},"end":{"line":428,"column":39}},"155":{"start":{"line":431,"column":24},"end":{"line":443,"column":5}},"156":{"start":{"line":446,"column":4},"end":{"line":450,"column":7}},"157":{"start":{"line":453,"column":4},"end":{"line":453,"column":14}},"158":{"start":{"line":458,"column":0},"end":{"line":549,"column":3}},"159":{"start":{"line":459,"column":2},"end":{"line":548,"column":3}},"160":{"start":{"line":460,"column":19},"end":{"line":460,"column":34}},"161":{"start":{"line":461,"column":19},"end":{"line":461,"column":32}},"162":{"start":{"line":464,"column":26},"end":{"line":471,"column":5}},"163":{"start":{"line":472,"column":27},"end":{"line":472,"column":68}},"164":{"start":{"line":474,"column":4},"end":{"line":476,"column":5}},"165":{"start":{"line":475,"column":6},"end":{"line":475,"column":48}},"166":{"start":{"line":478,"column":17},"end":{"line":478,"column":39}},"167":{"start":{"line":481,"column":4},"end":{"line":483,"column":5}},"168":{"start":{"line":482,"column":6},"end":{"line":482,"column":33}},"169":{"start":{"line":486,"column":4},"end":{"line":488,"column":5}},"170":{"start":{"line":487,"column":6},"end":{"line":487,"column":69}},"171":{"start":{"line":491,"column":24},"end":{"line":510,"column":5}},"172":{"start":{"line":512,"column":25},"end":{"line":512,"column":72}},"173":{"start":{"line":515,"column":23},"end":{"line":515,"column":43}},"174":{"start":{"line":516,"column":23},"end":{"line":523,"column":5}},"175":{"start":{"line":517,"column":6},"end":{"line":517,"column":29}},"176":{"start":{"line":517,"column":17},"end":{"line":517,"column":29}},"177":{"start":{"line":518,"column":16},"end":{"line":518,"column":30}},"178":{"start":{"line":519,"column":19},"end":{"line":519,"column":34}},"179":{"start":{"line":520,"column":20},"end":{"line":520,"column":61}},"180":{"start":{"line":521,"column":18},"end":{"line":521,"column":54}},"181":{"start":{"line":522,"column":6},"end":{"line":522,"column":39}},"182":{"start":{"line":525,"column":25},"end":{"line":537,"column":5}},"183":{"start":{"line":540,"column":4},"end":{"line":544,"column":7}},"184":{"start":{"line":547,"column":4},"end":{"line":547,"column":14}},"185":{"start":{"line":552,"column":0},"end":{"line":644,"column":3}},"186":{"start":{"line":553,"column":2},"end":{"line":643,"column":3}},"187":{"start":{"line":554,"column":19},"end":{"line":554,"column":34}},"188":{"start":{"line":555,"column":19},"end":{"line":555,"column":32}},"189":{"start":{"line":558,"column":26},"end":{"line":566,"column":5}},"190":{"start":{"line":567,"column":27},"end":{"line":567,"column":68}},"191":{"start":{"line":569,"column":4},"end":{"line":571,"column":5}},"192":{"start":{"line":570,"column":6},"end":{"line":570,"column":48}},"193":{"start":{"line":573,"column":17},"end":{"line":573,"column":39}},"194":{"start":{"line":576,"column":4},"end":{"line":578,"column":5}},"195":{"start":{"line":577,"column":6},"end":{"line":577,"column":33}},"196":{"start":{"line":581,"column":4},"end":{"line":583,"column":5}},"197":{"start":{"line":582,"column":6},"end":{"line":582,"column":66}},"198":{"start":{"line":586,"column":31},"end":{"line":586,"column":48}},"199":{"start":{"line":587,"column":24},"end":{"line":605,"column":5}},"200":{"start":{"line":607,"column":25},"end":{"line":607,"column":92}},"201":{"start":{"line":610,"column":23},"end":{"line":610,"column":43}},"202":{"start":{"line":611,"column":23},"end":{"line":618,"column":5}},"203":{"start":{"line":612,"column":6},"end":{"line":612,"column":29}},"204":{"start":{"line":612,"column":17},"end":{"line":612,"column":29}},"205":{"start":{"line":613,"column":16},"end":{"line":613,"column":30}},"206":{"start":{"line":614,"column":19},"end":{"line":614,"column":34}},"207":{"start":{"line":615,"column":20},"end":{"line":615,"column":61}},"208":{"start":{"line":616,"column":18},"end":{"line":616,"column":54}},"209":{"start":{"line":617,"column":6},"end":{"line":617,"column":39}},"210":{"start":{"line":620,"column":26},"end":{"line":632,"column":5}},"211":{"start":{"line":635,"column":4},"end":{"line":639,"column":7}},"212":{"start":{"line":642,"column":4},"end":{"line":642,"column":14}},"213":{"start":{"line":647,"column":0},"end":{"line":701,"column":3}},"214":{"start":{"line":648,"column":2},"end":{"line":700,"column":3}},"215":{"start":{"line":649,"column":19},"end":{"line":649,"column":34}},"216":{"start":{"line":650,"column":19},"end":{"line":650,"column":32}},"217":{"start":{"line":653,"column":26},"end":{"line":660,"column":5}},"218":{"start":{"line":661,"column":27},"end":{"line":661,"column":68}},"219":{"start":{"line":663,"column":4},"end":{"line":665,"column":5}},"220":{"start":{"line":664,"column":6},"end":{"line":664,"column":48}},"221":{"start":{"line":667,"column":17},"end":{"line":667,"column":39}},"222":{"start":{"line":670,"column":4},"end":{"line":672,"column":5}},"223":{"start":{"line":671,"column":6},"end":{"line":671,"column":33}},"224":{"start":{"line":675,"column":4},"end":{"line":677,"column":5}},"225":{"start":{"line":676,"column":6},"end":{"line":676,"column":80}},"226":{"start":{"line":680,"column":24},"end":{"line":683,"column":5}},"227":{"start":{"line":685,"column":25},"end":{"line":685,"column":72}},"228":{"start":{"line":687,"column":4},"end":{"line":690,"column":5}},"229":{"start":{"line":689,"column":6},"end":{"line":689,"column":48}},"230":{"start":{"line":693,"column":4},"end":{"line":696,"column":7}},"231":{"start":{"line":699,"column":4},"end":{"line":699,"column":14}},"232":{"start":{"line":704,"column":0},"end":{"line":843,"column":3}},"233":{"start":{"line":705,"column":2},"end":{"line":842,"column":3}},"234":{"start":{"line":706,"column":19},"end":{"line":706,"column":34}},"235":{"start":{"line":707,"column":19},"end":{"line":707,"column":32}},"236":{"start":{"line":708,"column":38},"end":{"line":708,"column":46}},"237":{"start":{"line":711,"column":4},"end":{"line":713,"column":5}},"238":{"start":{"line":712,"column":6},"end":{"line":712,"column":56}},"239":{"start":{"line":716,"column":4},"end":{"line":718,"column":5}},"240":{"start":{"line":717,"column":6},"end":{"line":717,"column":76}},"241":{"start":{"line":720,"column":4},"end":{"line":722,"column":5}},"242":{"start":{"line":721,"column":6},"end":{"line":721,"column":74}},"243":{"start":{"line":725,"column":26},"end":{"line":733,"column":5}},"244":{"start":{"line":734,"column":27},"end":{"line":734,"column":68}},"245":{"start":{"line":736,"column":4},"end":{"line":738,"column":5}},"246":{"start":{"line":737,"column":6},"end":{"line":737,"column":48}},"247":{"start":{"line":740,"column":17},"end":{"line":740,"column":39}},"248":{"start":{"line":743,"column":4},"end":{"line":745,"column":5}},"249":{"start":{"line":744,"column":6},"end":{"line":744,"column":33}},"250":{"start":{"line":748,"column":19},"end":{"line":748,"column":39}},"251":{"start":{"line":750,"column":4},"end":{"line":838,"column":5}},"252":{"start":{"line":751,"column":6},"end":{"line":751,"column":34}},"253":{"start":{"line":753,"column":6},"end":{"line":775,"column":7}},"254":{"start":{"line":756,"column":8},"end":{"line":763,"column":49}},"255":{"start":{"line":764,"column":13},"end":{"line":775,"column":7}},"256":{"start":{"line":767,"column":8},"end":{"line":774,"column":49}},"257":{"start":{"line":778,"column":26},"end":{"line":796,"column":7}},"258":{"start":{"line":798,"column":27},"end":{"line":798,"column":89}},"259":{"start":{"line":801,"column":25},"end":{"line":801,"column":45}},"260":{"start":{"line":802,"column":25},"end":{"line":809,"column":7}},"261":{"start":{"line":803,"column":8},"end":{"line":803,"column":31}},"262":{"start":{"line":803,"column":19},"end":{"line":803,"column":31}},"263":{"start":{"line":804,"column":18},"end":{"line":804,"column":32}},"264":{"start":{"line":805,"column":21},"end":{"line":805,"column":36}},"265":{"start":{"line":806,"column":22},"end":{"line":806,"column":63}},"266":{"start":{"line":807,"column":20},"end":{"line":807,"column":56}},"267":{"start":{"line":808,"column":8},"end":{"line":808,"column":41}},"268":{"start":{"line":811,"column":28},"end":{"line":823,"column":7}},"269":{"start":{"line":825,"column":6},"end":{"line":825,"column":35}},"270":{"start":{"line":828,"column":6},"end":{"line":832,"column":9}},"271":{"start":{"line":834,"column":6},"end":{"line":834,"column":37}},"272":{"start":{"line":835,"column":6},"end":{"line":835,"column":18}},"273":{"start":{"line":837,"column":6},"end":{"line":837,"column":23}},"274":{"start":{"line":841,"column":4},"end":{"line":841,"column":14}},"275":{"start":{"line":846,"column":0},"end":{"line":900,"column":3}},"276":{"start":{"line":847,"column":2},"end":{"line":899,"column":3}},"277":{"start":{"line":848,"column":19},"end":{"line":848,"column":34}},"278":{"start":{"line":849,"column":19},"end":{"line":849,"column":32}},"279":{"start":{"line":852,"column":26},"end":{"line":859,"column":5}},"280":{"start":{"line":860,"column":27},"end":{"line":860,"column":68}},"281":{"start":{"line":862,"column":4},"end":{"line":864,"column":5}},"282":{"start":{"line":863,"column":6},"end":{"line":863,"column":48}},"283":{"start":{"line":866,"column":17},"end":{"line":866,"column":39}},"284":{"start":{"line":869,"column":4},"end":{"line":871,"column":5}},"285":{"start":{"line":870,"column":6},"end":{"line":870,"column":33}},"286":{"start":{"line":874,"column":4},"end":{"line":876,"column":5}},"287":{"start":{"line":875,"column":6},"end":{"line":875,"column":80}},"288":{"start":{"line":879,"column":24},"end":{"line":882,"column":5}},"289":{"start":{"line":884,"column":25},"end":{"line":884,"column":72}},"290":{"start":{"line":886,"column":4},"end":{"line":889,"column":5}},"291":{"start":{"line":888,"column":6},"end":{"line":888,"column":48}},"292":{"start":{"line":892,"column":4},"end":{"line":895,"column":7}},"293":{"start":{"line":898,"column":4},"end":{"line":898,"column":14}},"294":{"start":{"line":902,"column":0},"end":{"line":902,"column":24}}},"fnMap":{"0":{"name":"(anonymous_0)","decl":{"start":{"line":16,"column":32},"end":{"line":16,"column":33}},"loc":{"start":{"line":16,"column":58},"end":{"line":96,"column":1}},"line":16},"1":{"name":"(anonymous_1)","decl":{"start":{"line":70,"column":34},"end":{"line":70,"column":35}},"loc":{"start":{"line":70,"column":42},"end":{"line":82,"column":5}},"line":70},"2":{"name":"(anonymous_2)","decl":{"start":{"line":99,"column":33},"end":{"line":99,"column":34}},"loc":{"start":{"line":99,"column":59},"end":{"line":222,"column":1}},"line":99},"3":{"name":"(anonymous_3)","decl":{"start":{"line":189,"column":23},"end":{"line":189,"column":24}},"loc":{"start":{"line":189,"column":33},"end":{"line":196,"column":5}},"line":189},"4":{"name":"(anonymous_4)","decl":{"start":{"line":225,"column":35},"end":{"line":225,"column":36}},"loc":{"start":{"line":225,"column":61},"end":{"line":367,"column":1}},"line":225},"5":{"name":"(anonymous_5)","decl":{"start":{"line":334,"column":23},"end":{"line":334,"column":24}},"loc":{"start":{"line":334,"column":33},"end":{"line":341,"column":5}},"line":334},"6":{"name":"(anonymous_6)","decl":{"start":{"line":370,"column":38},"end":{"line":370,"column":39}},"loc":{"start":{"line":370,"column":64},"end":{"line":455,"column":1}},"line":370},"7":{"name":"(anonymous_7)","decl":{"start":{"line":422,"column":23},"end":{"line":422,"column":24}},"loc":{"start":{"line":422,"column":33},"end":{"line":429,"column":5}},"line":422},"8":{"name":"(anonymous_8)","decl":{"start":{"line":458,"column":44},"end":{"line":458,"column":45}},"loc":{"start":{"line":458,"column":70},"end":{"line":549,"column":1}},"line":458},"9":{"name":"(anonymous_9)","decl":{"start":{"line":516,"column":23},"end":{"line":516,"column":24}},"loc":{"start":{"line":516,"column":33},"end":{"line":523,"column":5}},"line":516},"10":{"name":"(anonymous_10)","decl":{"start":{"line":552,"column":46},"end":{"line":552,"column":47}},"loc":{"start":{"line":552,"column":72},"end":{"line":644,"column":1}},"line":552},"11":{"name":"(anonymous_11)","decl":{"start":{"line":611,"column":23},"end":{"line":611,"column":24}},"loc":{"start":{"line":611,"column":33},"end":{"line":618,"column":5}},"line":611},"12":{"name":"(anonymous_12)","decl":{"start":{"line":647,"column":48},"end":{"line":647,"column":49}},"loc":{"start":{"line":647,"column":74},"end":{"line":701,"column":1}},"line":647},"13":{"name":"(anonymous_13)","decl":{"start":{"line":704,"column":46},"end":{"line":704,"column":47}},"loc":{"start":{"line":704,"column":72},"end":{"line":843,"column":1}},"line":704},"14":{"name":"(anonymous_14)","decl":{"start":{"line":802,"column":25},"end":{"line":802,"column":26}},"loc":{"start":{"line":802,"column":35},"end":{"line":809,"column":7}},"line":802},"15":{"name":"(anonymous_15)","decl":{"start":{"line":846,"column":48},"end":{"line":846,"column":49}},"loc":{"start":{"line":846,"column":74},"end":{"line":900,"column":1}},"line":846}},"branchMap":{"0":{"loc":{"start":{"line":23,"column":4},"end":{"line":25,"column":5}},"type":"if","locations":[{"start":{"line":23,"column":4},"end":{"line":25,"column":5}},{"start":{},"end":{}}],"line":23},"1":{"loc":{"start":{"line":23,"column":8},"end":{"line":23,"column":49}},"type":"binary-expr","locations":[{"start":{"line":23,"column":8},"end":{"line":23,"column":14}},{"start":{"line":23,"column":18},"end":{"line":23,"column":49}}],"line":23},"2":{"loc":{"start":{"line":31,"column":4},"end":{"line":45,"column":5}},"type":"if","locations":[{"start":{"line":31,"column":4},"end":{"line":45,"column":5}},{"start":{"line":35,"column":11},"end":{"line":45,"column":5}}],"line":31},"3":{"loc":{"start":{"line":35,"column":11},"end":{"line":45,"column":5}},"type":"if","locations":[{"start":{"line":35,"column":11},"end":{"line":45,"column":5}},{"start":{"line":39,"column":11},"end":{"line":45,"column":5}}],"line":35},"4":{"loc":{"start":{"line":39,"column":11},"end":{"line":45,"column":5}},"type":"if","locations":[{"start":{"line":39,"column":11},"end":{"line":45,"column":5}},{"start":{"line":42,"column":11},"end":{"line":45,"column":5}}],"line":39},"5":{"loc":{"start":{"line":108,"column":4},"end":{"line":110,"column":5}},"type":"if","locations":[{"start":{"line":108,"column":4},"end":{"line":110,"column":5}},{"start":{},"end":{}}],"line":108},"6":{"loc":{"start":{"line":108,"column":8},"end":{"line":108,"column":139}},"type":"binary-expr","locations":[{"start":{"line":108,"column":8},"end":{"line":108,"column":27}},{"start":{"line":108,"column":31},"end":{"line":108,"column":45}},{"start":{"line":108,"column":49},"end":{"line":108,"column":72}},{"start":{"line":108,"column":76},"end":{"line":108,"column":94}},{"start":{"line":108,"column":98},"end":{"line":108,"column":119}},{"start":{"line":108,"column":123},"end":{"line":108,"column":139}}],"line":108},"7":{"loc":{"start":{"line":114,"column":4},"end":{"line":116,"column":5}},"type":"if","locations":[{"start":{"line":114,"column":4},"end":{"line":116,"column":5}},{"start":{},"end":{}}],"line":114},"8":{"loc":{"start":{"line":120,"column":4},"end":{"line":122,"column":5}},"type":"if","locations":[{"start":{"line":120,"column":4},"end":{"line":122,"column":5}},{"start":{},"end":{}}],"line":120},"9":{"loc":{"start":{"line":125,"column":4},"end":{"line":127,"column":5}},"type":"if","locations":[{"start":{"line":125,"column":4},"end":{"line":127,"column":5}},{"start":{},"end":{}}],"line":125},"10":{"loc":{"start":{"line":131,"column":4},"end":{"line":133,"column":5}},"type":"if","locations":[{"start":{"line":131,"column":4},"end":{"line":133,"column":5}},{"start":{},"end":{}}],"line":131},"11":{"loc":{"start":{"line":145,"column":25},"end":{"line":145,"column":64}},"type":"cond-expr","locations":[{"start":{"line":145,"column":45},"end":{"line":145,"column":46}},{"start":{"line":145,"column":49},"end":{"line":145,"column":64}}],"line":145},"12":{"loc":{"start":{"line":190,"column":6},"end":{"line":190,"column":29}},"type":"if","locations":[{"start":{"line":190,"column":6},"end":{"line":190,"column":29}},{"start":{},"end":{}}],"line":190},"13":{"loc":{"start":{"line":250,"column":4},"end":{"line":252,"column":5}},"type":"if","locations":[{"start":{"line":250,"column":4},"end":{"line":252,"column":5}},{"start":{},"end":{}}],"line":250},"14":{"loc":{"start":{"line":257,"column":4},"end":{"line":259,"column":5}},"type":"if","locations":[{"start":{"line":257,"column":4},"end":{"line":259,"column":5}},{"start":{},"end":{}}],"line":257},"15":{"loc":{"start":{"line":262,"column":4},"end":{"line":264,"column":5}},"type":"if","locations":[{"start":{"line":262,"column":4},"end":{"line":264,"column":5}},{"start":{},"end":{}}],"line":262},"16":{"loc":{"start":{"line":267,"column":21},"end":{"line":267,"column":58}},"type":"binary-expr","locations":[{"start":{"line":267,"column":21},"end":{"line":267,"column":40}},{"start":{"line":267,"column":44},"end":{"line":267,"column":58}}],"line":267},"17":{"loc":{"start":{"line":268,"column":25},"end":{"line":268,"column":70}},"type":"binary-expr","locations":[{"start":{"line":268,"column":25},"end":{"line":268,"column":48}},{"start":{"line":268,"column":52},"end":{"line":268,"column":70}}],"line":268},"18":{"loc":{"start":{"line":269,"column":23},"end":{"line":269,"column":64}},"type":"binary-expr","locations":[{"start":{"line":269,"column":23},"end":{"line":269,"column":44}},{"start":{"line":269,"column":48},"end":{"line":269,"column":64}}],"line":269},"19":{"loc":{"start":{"line":271,"column":4},"end":{"line":276,"column":5}},"type":"if","locations":[{"start":{"line":271,"column":4},"end":{"line":276,"column":5}},{"start":{},"end":{}}],"line":271},"20":{"loc":{"start":{"line":273,"column":6},"end":{"line":275,"column":7}},"type":"if","locations":[{"start":{"line":273,"column":6},"end":{"line":275,"column":7}},{"start":{},"end":{}}],"line":273},"21":{"loc":{"start":{"line":278,"column":4},"end":{"line":283,"column":5}},"type":"if","locations":[{"start":{"line":278,"column":4},"end":{"line":283,"column":5}},{"start":{},"end":{}}],"line":278},"22":{"loc":{"start":{"line":280,"column":6},"end":{"line":282,"column":7}},"type":"if","locations":[{"start":{"line":280,"column":6},"end":{"line":282,"column":7}},{"start":{},"end":{}}],"line":280},"23":{"loc":{"start":{"line":285,"column":4},"end":{"line":290,"column":5}},"type":"if","locations":[{"start":{"line":285,"column":4},"end":{"line":290,"column":5}},{"start":{},"end":{}}],"line":285},"24":{"loc":{"start":{"line":287,"column":6},"end":{"line":289,"column":7}},"type":"if","locations":[{"start":{"line":287,"column":6},"end":{"line":289,"column":7}},{"start":{},"end":{}}],"line":287},"25":{"loc":{"start":{"line":293,"column":26},"end":{"line":293,"column":67}},"type":"cond-expr","locations":[{"start":{"line":293,"column":41},"end":{"line":293,"column":50}},{"start":{"line":293,"column":53},"end":{"line":293,"column":67}}],"line":293},"26":{"loc":{"start":{"line":294,"column":24},"end":{"line":294,"column":59}},"type":"cond-expr","locations":[{"start":{"line":294,"column":37},"end":{"line":294,"column":44}},{"start":{"line":294,"column":47},"end":{"line":294,"column":59}}],"line":294},"27":{"loc":{"start":{"line":296,"column":4},"end":{"line":301,"column":5}},"type":"if","locations":[{"start":{"line":296,"column":4},"end":{"line":301,"column":5}},{"start":{},"end":{}}],"line":296},"28":{"loc":{"start":{"line":296,"column":8},"end":{"line":296,"column":34}},"type":"binary-expr","locations":[{"start":{"line":296,"column":8},"end":{"line":296,"column":20}},{"start":{"line":296,"column":24},"end":{"line":296,"column":34}}],"line":296},"29":{"loc":{"start":{"line":298,"column":6},"end":{"line":300,"column":7}},"type":"if","locations":[{"start":{"line":298,"column":6},"end":{"line":300,"column":7}},{"start":{},"end":{}}],"line":298},"30":{"loc":{"start":{"line":308,"column":4},"end":{"line":312,"column":5}},"type":"if","locations":[{"start":{"line":308,"column":4},"end":{"line":312,"column":5}},{"start":{},"end":{}}],"line":308},"31":{"loc":{"start":{"line":314,"column":4},"end":{"line":318,"column":5}},"type":"if","locations":[{"start":{"line":314,"column":4},"end":{"line":318,"column":5}},{"start":{},"end":{}}],"line":314},"32":{"loc":{"start":{"line":320,"column":4},"end":{"line":324,"column":5}},"type":"if","locations":[{"start":{"line":320,"column":4},"end":{"line":324,"column":5}},{"start":{},"end":{}}],"line":320},"33":{"loc":{"start":{"line":335,"column":6},"end":{"line":335,"column":29}},"type":"if","locations":[{"start":{"line":335,"column":6},"end":{"line":335,"column":29}},{"start":{},"end":{}}],"line":335},"34":{"loc":{"start":{"line":385,"column":4},"end":{"line":387,"column":5}},"type":"if","locations":[{"start":{"line":385,"column":4},"end":{"line":387,"column":5}},{"start":{},"end":{}}],"line":385},"35":{"loc":{"start":{"line":392,"column":4},"end":{"line":394,"column":5}},"type":"if","locations":[{"start":{"line":392,"column":4},"end":{"line":394,"column":5}},{"start":{},"end":{}}],"line":392},"36":{"loc":{"start":{"line":423,"column":6},"end":{"line":423,"column":29}},"type":"if","locations":[{"start":{"line":423,"column":6},"end":{"line":423,"column":29}},{"start":{},"end":{}}],"line":423},"37":{"loc":{"start":{"line":474,"column":4},"end":{"line":476,"column":5}},"type":"if","locations":[{"start":{"line":474,"column":4},"end":{"line":476,"column":5}},{"start":{},"end":{}}],"line":474},"38":{"loc":{"start":{"line":481,"column":4},"end":{"line":483,"column":5}},"type":"if","locations":[{"start":{"line":481,"column":4},"end":{"line":483,"column":5}},{"start":{},"end":{}}],"line":481},"39":{"loc":{"start":{"line":486,"column":4},"end":{"line":488,"column":5}},"type":"if","locations":[{"start":{"line":486,"column":4},"end":{"line":488,"column":5}},{"start":{},"end":{}}],"line":486},"40":{"loc":{"start":{"line":517,"column":6},"end":{"line":517,"column":29}},"type":"if","locations":[{"start":{"line":517,"column":6},"end":{"line":517,"column":29}},{"start":{},"end":{}}],"line":517},"41":{"loc":{"start":{"line":569,"column":4},"end":{"line":571,"column":5}},"type":"if","locations":[{"start":{"line":569,"column":4},"end":{"line":571,"column":5}},{"start":{},"end":{}}],"line":569},"42":{"loc":{"start":{"line":576,"column":4},"end":{"line":578,"column":5}},"type":"if","locations":[{"start":{"line":576,"column":4},"end":{"line":578,"column":5}},{"start":{},"end":{}}],"line":576},"43":{"loc":{"start":{"line":581,"column":4},"end":{"line":583,"column":5}},"type":"if","locations":[{"start":{"line":581,"column":4},"end":{"line":583,"column":5}},{"start":{},"end":{}}],"line":581},"44":{"loc":{"start":{"line":612,"column":6},"end":{"line":612,"column":29}},"type":"if","locations":[{"start":{"line":612,"column":6},"end":{"line":612,"column":29}},{"start":{},"end":{}}],"line":612},"45":{"loc":{"start":{"line":637,"column":15},"end":{"line":637,"column":99}},"type":"cond-expr","locations":[{"start":{"line":637,"column":36},"end":{"line":637,"column":65}},{"start":{"line":637,"column":68},"end":{"line":637,"column":99}}],"line":637},"46":{"loc":{"start":{"line":663,"column":4},"end":{"line":665,"column":5}},"type":"if","locations":[{"start":{"line":663,"column":4},"end":{"line":665,"column":5}},{"start":{},"end":{}}],"line":663},"47":{"loc":{"start":{"line":670,"column":4},"end":{"line":672,"column":5}},"type":"if","locations":[{"start":{"line":670,"column":4},"end":{"line":672,"column":5}},{"start":{},"end":{}}],"line":670},"48":{"loc":{"start":{"line":675,"column":4},"end":{"line":677,"column":5}},"type":"if","locations":[{"start":{"line":675,"column":4},"end":{"line":677,"column":5}},{"start":{},"end":{}}],"line":675},"49":{"loc":{"start":{"line":687,"column":4},"end":{"line":690,"column":5}},"type":"if","locations":[{"start":{"line":687,"column":4},"end":{"line":690,"column":5}},{"start":{},"end":{}}],"line":687},"50":{"loc":{"start":{"line":711,"column":4},"end":{"line":713,"column":5}},"type":"if","locations":[{"start":{"line":711,"column":4},"end":{"line":713,"column":5}},{"start":{},"end":{}}],"line":711},"51":{"loc":{"start":{"line":711,"column":8},"end":{"line":711,"column":57}},"type":"binary-expr","locations":[{"start":{"line":711,"column":8},"end":{"line":711,"column":33}},{"start":{"line":711,"column":37},"end":{"line":711,"column":57}}],"line":711},"52":{"loc":{"start":{"line":716,"column":4},"end":{"line":718,"column":5}},"type":"if","locations":[{"start":{"line":716,"column":4},"end":{"line":718,"column":5}},{"start":{},"end":{}}],"line":716},"53":{"loc":{"start":{"line":716,"column":8},"end":{"line":716,"column":59}},"type":"binary-expr","locations":[{"start":{"line":716,"column":8},"end":{"line":716,"column":39}},{"start":{"line":716,"column":43},"end":{"line":716,"column":59}}],"line":716},"54":{"loc":{"start":{"line":720,"column":4},"end":{"line":722,"column":5}},"type":"if","locations":[{"start":{"line":720,"column":4},"end":{"line":722,"column":5}},{"start":{},"end":{}}],"line":720},"55":{"loc":{"start":{"line":736,"column":4},"end":{"line":738,"column":5}},"type":"if","locations":[{"start":{"line":736,"column":4},"end":{"line":738,"column":5}},{"start":{},"end":{}}],"line":736},"56":{"loc":{"start":{"line":743,"column":4},"end":{"line":745,"column":5}},"type":"if","locations":[{"start":{"line":743,"column":4},"end":{"line":745,"column":5}},{"start":{},"end":{}}],"line":743},"57":{"loc":{"start":{"line":753,"column":6},"end":{"line":775,"column":7}},"type":"if","locations":[{"start":{"line":753,"column":6},"end":{"line":775,"column":7}},{"start":{"line":764,"column":13},"end":{"line":775,"column":7}}],"line":753},"58":{"loc":{"start":{"line":764,"column":13},"end":{"line":775,"column":7}},"type":"if","locations":[{"start":{"line":764,"column":13},"end":{"line":775,"column":7}},{"start":{},"end":{}}],"line":764},"59":{"loc":{"start":{"line":803,"column":8},"end":{"line":803,"column":31}},"type":"if","locations":[{"start":{"line":803,"column":8},"end":{"line":803,"column":31}},{"start":{},"end":{}}],"line":803},"60":{"loc":{"start":{"line":862,"column":4},"end":{"line":864,"column":5}},"type":"if","locations":[{"start":{"line":862,"column":4},"end":{"line":864,"column":5}},{"start":{},"end":{}}],"line":862},"61":{"loc":{"start":{"line":869,"column":4},"end":{"line":871,"column":5}},"type":"if","locations":[{"start":{"line":869,"column":4},"end":{"line":871,"column":5}},{"start":{},"end":{}}],"line":869},"62":{"loc":{"start":{"line":874,"column":4},"end":{"line":876,"column":5}},"type":"if","locations":[{"start":{"line":874,"column":4},"end":{"line":876,"column":5}},{"start":{},"end":{}}],"line":874},"63":{"loc":{"start":{"line":886,"column":4},"end":{"line":889,"column":5}},"type":"if","locations":[{"start":{"line":886,"column":4},"end":{"line":889,"column":5}},{"start":{},"end":{}}],"line":886}},"s":{"0":4,"1":4,"2":4,"3":4,"4":4,"5":4,"6":4,"7":15,"8":15,"9":15,"10":15,"11":15,"12":2,"13":13,"14":13,"15":13,"16":1,"17":1,"18":12,"19":1,"20":1,"21":11,"22":2,"23":9,"24":13,"25":13,"26":13,"27":13,"28":27,"29":13,"30":2,"31":4,"32":16,"33":16,"34":16,"35":16,"36":4,"37":12,"38":12,"39":3,"40":9,"41":9,"42":2,"43":7,"44":7,"45":0,"46":7,"47":7,"48":2,"49":5,"50":5,"51":5,"52":5,"53":5,"54":5,"55":5,"56":5,"57":10,"58":0,"59":10,"60":10,"61":10,"62":10,"63":10,"64":5,"65":5,"66":11,"67":4,"68":11,"69":11,"70":11,"71":11,"72":11,"73":11,"74":11,"75":1,"76":10,"77":10,"78":2,"79":8,"80":1,"81":7,"82":7,"83":7,"84":7,"85":4,"86":4,"87":1,"88":6,"89":4,"90":4,"91":1,"92":5,"93":4,"94":4,"95":0,"96":5,"97":5,"98":5,"99":4,"100":4,"101":1,"102":4,"103":4,"104":4,"105":4,"106":3,"107":3,"108":3,"109":4,"110":2,"111":2,"112":2,"113":4,"114":3,"115":3,"116":3,"117":4,"118":4,"119":4,"120":4,"121":4,"122":4,"123":8,"124":0,"125":8,"126":8,"127":8,"128":8,"129":8,"130":4,"131":4,"132":7,"133":4,"134":5,"135":5,"136":5,"137":5,"138":5,"139":5,"140":1,"141":4,"142":4,"143":2,"144":2,"145":2,"146":2,"147":2,"148":4,"149":0,"150":4,"151":4,"152":4,"153":4,"154":4,"155":2,"156":2,"157":3,"158":4,"159":5,"160":5,"161":5,"162":5,"163":5,"164":5,"165":1,"166":4,"167":4,"168":1,"169":3,"170":1,"171":2,"172":2,"173":2,"174":2,"175":4,"176":0,"177":4,"178":4,"179":4,"180":4,"181":4,"182":2,"183":2,"184":3,"185":4,"186":6,"187":6,"188":6,"189":6,"190":6,"191":6,"192":1,"193":5,"194":5,"195":1,"196":4,"197":1,"198":3,"199":3,"200":3,"201":3,"202":3,"203":6,"204":0,"205":6,"206":6,"207":6,"208":6,"209":6,"210":3,"211":3,"212":3,"213":4,"214":8,"215":8,"216":8,"217":8,"218":8,"219":8,"220":2,"221":6,"222":6,"223":2,"224":4,"225":1,"226":3,"227":3,"228":3,"229":0,"230":3,"231":5,"232":4,"233":10,"234":10,"235":10,"236":10,"237":10,"238":2,"239":8,"240":2,"241":6,"242":1,"243":5,"244":5,"245":5,"246":1,"247":4,"248":4,"249":1,"250":3,"251":3,"252":3,"253":3,"254":2,"255":1,"256":1,"257":3,"258":3,"259":3,"260":3,"261":6,"262":0,"263":6,"264":6,"265":6,"266":6,"267":6,"268":3,"269":3,"270":3,"271":0,"272":0,"273":3,"274":7,"275":4,"276":0,"277":0,"278":0,"279":0,"280":0,"281":0,"282":0,"283":0,"284":0,"285":0,"286":0,"287":0,"288":0,"289":0,"290":0,"291":0,"292":0,"293":0,"294":4},"f":{"0":15,"1":27,"2":16,"3":10,"4":11,"5":8,"6":5,"7":4,"8":5,"9":4,"10":6,"11":6,"12":8,"13":10,"14":6,"15":0},"b":{"0":[2,13],"1":[15,6],"2":[1,12],"3":[1,11],"4":[2,9],"5":[4,12],"6":[16,14,14,13,13,12],"7":[3,9],"8":[2,7],"9":[0,7],"10":[2,5],"11":[3,2],"12":[0,10],"13":[1,10],"14":[2,8],"15":[1,7],"16":[7,4],"17":[7,4],"18":[7,4],"19":[4,3],"20":[1,3],"21":[4,2],"22":[1,3],"23":[4,1],"24":[0,4],"25":[3,2],"26":[4,1],"27":[4,1],"28":[5,2],"29":[1,3],"30":[3,1],"31":[2,2],"32":[3,1],"33":[0,8],"34":[1,4],"35":[2,2],"36":[0,4],"37":[1,4],"38":[1,3],"39":[1,2],"40":[0,4],"41":[1,5],"42":[1,4],"43":[1,3],"44":[0,6],"45":[2,1],"46":[2,6],"47":[2,4],"48":[1,3],"49":[0,3],"50":[2,8],"51":[10,8],"52":[2,6],"53":[8,8],"54":[1,5],"55":[1,4],"56":[1,3],"57":[2,1],"58":[1,0],"59":[0,6],"60":[0,0],"61":[0,0],"62":[0,0],"63":[0,0]},"_coverageSchema":"1a1c01bbd47fc00a2c39e90264f33305004495a9","hash":"14a0eb0f1533f48a1785289719e9429138410139"}
,"C:\\test\\todotodotodo\\backend\\src\\utils\\bcrypt.js": {"path":"C:\\test\\todotodotodo\\backend\\src\\utils\\bcrypt.js","statementMap":{"0":{"start":{"line":2,"column":15},"end":{"line":2,"column":32}},"1":{"start":{"line":4,"column":20},"end":{"line":4,"column":22}},"2":{"start":{"line":7,"column":21},"end":{"line":9,"column":1}},"3":{"start":{"line":8,"column":2},"end":{"line":8,"column":44}},"4":{"start":{"line":12,"column":24},"end":{"line":14,"column":1}},"5":{"start":{"line":13,"column":2},"end":{"line":13,"column":40}},"6":{"start":{"line":16,"column":0},"end":{"line":19,"column":2}}},"fnMap":{"0":{"name":"(anonymous_0)","decl":{"start":{"line":7,"column":21},"end":{"line":7,"column":22}},"loc":{"start":{"line":7,"column":41},"end":{"line":9,"column":1}},"line":7},"1":{"name":"(anonymous_1)","decl":{"start":{"line":12,"column":24},"end":{"line":12,"column":25}},"loc":{"start":{"line":12,"column":50},"end":{"line":14,"column":1}},"line":12}},"branchMap":{},"s":{"0":4,"1":4,"2":4,"3":15,"4":4,"5":16,"6":4},"f":{"0":15,"1":16},"b":{},"_coverageSchema":"1a1c01bbd47fc00a2c39e90264f33305004495a9","hash":"d309d86c727a93b2f2f52aaa54d44c742d8246fe"}
,"C:\\test\\todotodotodo\\backend\\src\\utils\\customErrors.js": {"path":"C:\\test\\todotodotodo\\backend\\src\\utils\\customErrors.js","statementMap":{"0":{"start":{"line":7,"column":4},"end":{"line":7,"column":19}},"1":{"start":{"line":8,"column":4},"end":{"line":8,"column":33}},"2":{"start":{"line":9,"column":4},"end":{"line":9,"column":31}},"3":{"start":{"line":10,"column":4},"end":{"line":10,"column":69}},"4":{"start":{"line":11,"column":4},"end":{"line":11,"column":30}},"5":{"start":{"line":13,"column":4},"end":{"line":13,"column":52}},"6":{"start":{"line":19,"column":4},"end":{"line":19,"column":44}},"7":{"start":{"line":20,"column":4},"end":{"line":20,"column":23}},"8":{"start":{"line":26,"column":4},"end":{"line":26,"column":38}},"9":{"start":{"line":32,"column":4},"end":{"line":32,"column":37}},"10":{"start":{"line":38,"column":4},"end":{"line":38,"column":37}},"11":{"start":{"line":44,"column":4},"end":{"line":44,"column":39}},"12":{"start":{"line":48,"column":0},"end":{"line":55,"column":2}}},"fnMap":{"0":{"name":"(anonymous_0)","decl":{"start":{"line":6,"column":2},"end":{"line":6,"column":3}},"loc":{"start":{"line":6,"column":46},"end":{"line":14,"column":3}},"line":6},"1":{"name":"(anonymous_1)","decl":{"start":{"line":18,"column":2},"end":{"line":18,"column":3}},"loc":{"start":{"line":18,"column":37},"end":{"line":21,"column":3}},"line":18},"2":{"name":"(anonymous_2)","decl":{"start":{"line":25,"column":2},"end":{"line":25,"column":3}},"loc":{"start":{"line":25,"column":23},"end":{"line":27,"column":3}},"line":25},"3":{"name":"(anonymous_3)","decl":{"start":{"line":31,"column":2},"end":{"line":31,"column":3}},"loc":{"start":{"line":31,"column":78},"end":{"line":33,"column":3}},"line":31},"4":{"name":"(anonymous_4)","decl":{"start":{"line":37,"column":2},"end":{"line":37,"column":3}},"loc":{"start":{"line":37,"column":46},"end":{"line":39,"column":3}},"line":37},"5":{"name":"(anonymous_5)","decl":{"start":{"line":43,"column":2},"end":{"line":43,"column":3}},"loc":{"start":{"line":43,"column":23},"end":{"line":45,"column":3}},"line":43}},"branchMap":{"0":{"loc":{"start":{"line":10,"column":18},"end":{"line":10,"column":68}},"type":"cond-expr","locations":[{"start":{"line":10,"column":52},"end":{"line":10,"column":58}},{"start":{"line":10,"column":61},"end":{"line":10,"column":68}}],"line":10},"1":{"loc":{"start":{"line":18,"column":23},"end":{"line":18,"column":35}},"type":"default-arg","locations":[{"start":{"line":18,"column":31},"end":{"line":18,"column":35}}],"line":18},"2":{"loc":{"start":{"line":31,"column":14},"end":{"line":31,"column":76}},"type":"default-arg","locations":[{"start":{"line":31,"column":24},"end":{"line":31,"column":76}}],"line":31},"3":{"loc":{"start":{"line":37,"column":14},"end":{"line":37,"column":44}},"type":"default-arg","locations":[{"start":{"line":37,"column":24},"end":{"line":37,"column":44}}],"line":37}},"s":{"0":80,"1":80,"2":80,"3":80,"4":80,"5":80,"6":51,"7":51,"8":9,"9":9,"10":7,"11":4,"12":4},"f":{"0":80,"1":51,"2":9,"3":9,"4":7,"5":4},"b":{"0":[80,0],"1":[21],"2":[9],"3":[0]},"_coverageSchema":"1a1c01bbd47fc00a2c39e90264f33305004495a9","hash":"77675998e5719fb2b34252e3d575519006ff9d94"}
,"C:\\test\\todotodotodo\\backend\\src\\utils\\errorHandler.js": {"path":"C:\\test\\todotodotodo\\backend\\src\\utils\\errorHandler.js","statementMap":{"0":{"start":{"line":14,"column":27},"end":{"line":31,"column":1}},"1":{"start":{"line":19,"column":20},"end":{"line":19,"column":45}},"2":{"start":{"line":20,"column":6},"end":{"line":20,"column":37}},"3":{"start":{"line":36,"column":28},"end":{"line":49,"column":1}},"4":{"start":{"line":37,"column":19},"end":{"line":41,"column":3}},"5":{"start":{"line":44,"column":2},"end":{"line":46,"column":3}},"6":{"start":{"line":45,"column":4},"end":{"line":45,"column":27}},"7":{"start":{"line":48,"column":2},"end":{"line":48,"column":18}},"8":{"start":{"line":59,"column":21},"end":{"line":125,"column":1}},"9":{"start":{"line":61,"column":2},"end":{"line":75,"column":3}},"10":{"start":{"line":62,"column":30},"end":{"line":62,"column":58}},"11":{"start":{"line":63,"column":20},"end":{"line":65,"column":33}},"12":{"start":{"line":67,"column":21},"end":{"line":72,"column":5}},"13":{"start":{"line":74,"column":4},"end":{"line":74,"column":63}},"14":{"start":{"line":78,"column":21},"end":{"line":78,"column":56}},"15":{"start":{"line":81,"column":18},"end":{"line":81,"column":51}},"16":{"start":{"line":84,"column":2},"end":{"line":104,"column":3}},"17":{"start":{"line":85,"column":4},"end":{"line":103,"column":5}},"18":{"start":{"line":87,"column":8},"end":{"line":87,"column":34}},"19":{"start":{"line":88,"column":8},"end":{"line":88,"column":14}},"20":{"start":{"line":90,"column":8},"end":{"line":90,"column":35}},"21":{"start":{"line":91,"column":8},"end":{"line":91,"column":14}},"22":{"start":{"line":93,"column":8},"end":{"line":93,"column":32}},"23":{"start":{"line":94,"column":8},"end":{"line":94,"column":14}},"24":{"start":{"line":96,"column":8},"end":{"line":96,"column":32}},"25":{"start":{"line":97,"column":8},"end":{"line":97,"column":14}},"26":{"start":{"line":99,"column":8},"end":{"line":99,"column":37}},"27":{"start":{"line":100,"column":8},"end":{"line":100,"column":14}},"28":{"start":{"line":102,"column":8},"end":{"line":102,"column":36}},"29":{"start":{"line":107,"column":2},"end":{"line":120,"column":3}},"30":{"start":{"line":108,"column":4},"end":{"line":115,"column":7}},"31":{"start":{"line":119,"column":4},"end":{"line":119,"column":77}},"32":{"start":{"line":123,"column":19},"end":{"line":123,"column":112}},"33":{"start":{"line":124,"column":2},"end":{"line":124,"column":40}},"34":{"start":{"line":127,"column":0},"end":{"line":127,"column":30}}},"fnMap":{"0":{"name":"(anonymous_0)","decl":{"start":{"line":18,"column":13},"end":{"line":18,"column":14}},"loc":{"start":{"line":18,"column":23},"end":{"line":21,"column":5}},"line":18},"1":{"name":"(anonymous_1)","decl":{"start":{"line":36,"column":28},"end":{"line":36,"column":29}},"loc":{"start":{"line":36,"column":74},"end":{"line":49,"column":1}},"line":36},"2":{"name":"(anonymous_2)","decl":{"start":{"line":59,"column":21},"end":{"line":59,"column":22}},"loc":{"start":{"line":59,"column":46},"end":{"line":125,"column":1}},"line":59}},"branchMap":{"0":{"loc":{"start":{"line":19,"column":20},"end":{"line":19,"column":45}},"type":"binary-expr","locations":[{"start":{"line":19,"column":20},"end":{"line":19,"column":37}},{"start":{"line":19,"column":41},"end":{"line":19,"column":45}}],"line":19},"1":{"loc":{"start":{"line":36,"column":57},"end":{"line":36,"column":69}},"type":"default-arg","locations":[{"start":{"line":36,"column":65},"end":{"line":36,"column":69}}],"line":36},"2":{"loc":{"start":{"line":44,"column":2},"end":{"line":46,"column":3}},"type":"if","locations":[{"start":{"line":44,"column":2},"end":{"line":46,"column":3}},{"start":{},"end":{}}],"line":44},"3":{"loc":{"start":{"line":44,"column":6},"end":{"line":44,"column":53}},"type":"binary-expr","locations":[{"start":{"line":44,"column":6},"end":{"line":44,"column":44}},{"start":{"line":44,"column":48},"end":{"line":44,"column":53}}],"line":44},"4":{"loc":{"start":{"line":61,"column":2},"end":{"line":75,"column":3}},"type":"if","locations":[{"start":{"line":61,"column":2},"end":{"line":75,"column":3}},{"start":{},"end":{}}],"line":61},"5":{"loc":{"start":{"line":61,"column":6},"end":{"line":61,"column":46}},"type":"binary-expr","locations":[{"start":{"line":61,"column":6},"end":{"line":61,"column":14}},{"start":{"line":61,"column":18},"end":{"line":61,"column":46}}],"line":61},"6":{"loc":{"start":{"line":63,"column":20},"end":{"line":65,"column":33}},"type":"cond-expr","locations":[{"start":{"line":64,"column":8},"end":{"line":64,"column":43}},{"start":{"line":65,"column":8},"end":{"line":65,"column":33}}],"line":63},"7":{"loc":{"start":{"line":78,"column":21},"end":{"line":78,"column":56}},"type":"binary-expr","locations":[{"start":{"line":78,"column":21},"end":{"line":78,"column":31}},{"start":{"line":78,"column":35},"end":{"line":78,"column":49}},{"start":{"line":78,"column":53},"end":{"line":78,"column":56}}],"line":78},"8":{"loc":{"start":{"line":81,"column":18},"end":{"line":81,"column":51}},"type":"binary-expr","locations":[{"start":{"line":81,"column":18},"end":{"line":81,"column":31}},{"start":{"line":81,"column":35},"end":{"line":81,"column":51}}],"line":81},"9":{"loc":{"start":{"line":84,"column":2},"end":{"line":104,"column":3}},"type":"if","locations":[{"start":{"line":84,"column":2},"end":{"line":104,"column":3}},{"start":{},"end":{}}],"line":84},"10":{"loc":{"start":{"line":85,"column":4},"end":{"line":103,"column":5}},"type":"switch","locations":[{"start":{"line":86,"column":6},"end":{"line":88,"column":14}},{"start":{"line":89,"column":6},"end":{"line":91,"column":14}},{"start":{"line":92,"column":6},"end":{"line":94,"column":14}},{"start":{"line":95,"column":6},"end":{"line":97,"column":14}},{"start":{"line":98,"column":6},"end":{"line":100,"column":14}},{"start":{"line":101,"column":6},"end":{"line":102,"column":36}}],"line":85},"11":{"loc":{"start":{"line":107,"column":2},"end":{"line":120,"column":3}},"type":"if","locations":[{"start":{"line":107,"column":2},"end":{"line":120,"column":3}},{"start":{"line":118,"column":7},"end":{"line":120,"column":3}}],"line":107},"12":{"loc":{"start":{"line":123,"column":51},"end":{"line":123,"column":89}},"type":"binary-expr","locations":[{"start":{"line":123,"column":51},"end":{"line":123,"column":62}},{"start":{"line":123,"column":66},"end":{"line":123,"column":89}}],"line":123}},"s":{"0":5,"1":2,"2":2,"3":5,"4":93,"5":93,"6":1,"7":93,"8":5,"9":93,"10":3,"11":3,"12":3,"13":3,"14":90,"15":90,"16":90,"17":6,"18":0,"19":0,"20":0,"21":0,"22":0,"23":0,"24":0,"25":0,"26":6,"27":6,"28":0,"29":90,"30":1,"31":89,"32":90,"33":90,"34":5},"f":{"0":2,"1":93,"2":93},"b":{"0":[2,0],"1":[3],"2":[1,92],"3":[93,1],"4":[3,90],"5":[93,3],"6":[2,1],"7":[90,2,2],"8":[90,6],"9":[6,84],"10":[0,0,0,0,6,0],"11":[1,89],"12":[90,0]},"_coverageSchema":"1a1c01bbd47fc00a2c39e90264f33305004495a9","hash":"e3001041b83805bbb4f673c0fd052b0d5a6ea171"}
,"C:\\test\\todotodotodo\\backend\\src\\utils\\jwt.js": {"path":"C:\\test\\todotodotodo\\backend\\src\\utils\\jwt.js","statementMap":{"0":{"start":{"line":2,"column":12},"end":{"line":2,"column":35}},"1":{"start":{"line":4,"column":19},"end":{"line":4,"column":41}},"2":{"start":{"line":5,"column":23},"end":{"line":5,"column":58}},"3":{"start":{"line":8,"column":0},"end":{"line":13,"column":1}},"4":{"start":{"line":9,"column":2},"end":{"line":12,"column":4}},"5":{"start":{"line":16,"column":22},"end":{"line":22,"column":1}},"6":{"start":{"line":17,"column":2},"end":{"line":21,"column":4}},"7":{"start":{"line":25,"column":20},"end":{"line":31,"column":1}},"8":{"start":{"line":26,"column":2},"end":{"line":30,"column":3}},"9":{"start":{"line":27,"column":4},"end":{"line":27,"column":41}},"10":{"start":{"line":29,"column":4},"end":{"line":29,"column":16}},"11":{"start":{"line":34,"column":31},"end":{"line":39,"column":1}},"12":{"start":{"line":35,"column":2},"end":{"line":35,"column":31}},"13":{"start":{"line":35,"column":19},"end":{"line":35,"column":31}},"14":{"start":{"line":36,"column":16},"end":{"line":36,"column":37}},"15":{"start":{"line":37,"column":2},"end":{"line":37,"column":63}},"16":{"start":{"line":37,"column":51},"end":{"line":37,"column":63}},"17":{"start":{"line":38,"column":2},"end":{"line":38,"column":18}},"18":{"start":{"line":41,"column":0},"end":{"line":45,"column":2}}},"fnMap":{"0":{"name":"(anonymous_0)","decl":{"start":{"line":16,"column":22},"end":{"line":16,"column":23}},"loc":{"start":{"line":16,"column":34},"end":{"line":22,"column":1}},"line":16},"1":{"name":"(anonymous_1)","decl":{"start":{"line":25,"column":20},"end":{"line":25,"column":21}},"loc":{"start":{"line":25,"column":31},"end":{"line":31,"column":1}},"line":25},"2":{"name":"(anonymous_2)","decl":{"start":{"line":34,"column":31},"end":{"line":34,"column":32}},"loc":{"start":{"line":34,"column":47},"end":{"line":39,"column":1}},"line":34}},"branchMap":{"0":{"loc":{"start":{"line":5,"column":23},"end":{"line":5,"column":58}},"type":"binary-expr","locations":[{"start":{"line":5,"column":23},"end":{"line":5,"column":49}},{"start":{"line":5,"column":53},"end":{"line":5,"column":58}}],"line":5},"1":{"loc":{"start":{"line":8,"column":0},"end":{"line":13,"column":1}},"type":"if","locations":[{"start":{"line":8,"column":0},"end":{"line":13,"column":1}},{"start":{},"end":{}}],"line":8},"2":{"loc":{"start":{"line":35,"column":2},"end":{"line":35,"column":31}},"type":"if","locations":[{"start":{"line":35,"column":2},"end":{"line":35,"column":31}},{"start":{},"end":{}}],"line":35},"3":{"loc":{"start":{"line":37,"column":2},"end":{"line":37,"column":63}},"type":"if","locations":[{"start":{"line":37,"column":2},"end":{"line":37,"column":63}},{"start":{},"end":{}}],"line":37},"4":{"loc":{"start":{"line":37,"column":6},"end":{"line":37,"column":49}},"type":"binary-expr","locations":[{"start":{"line":37,"column":6},"end":{"line":37,"column":24}},{"start":{"line":37,"column":28},"end":{"line":37,"column":49}}],"line":37}},"s":{"0":5,"1":5,"2":5,"3":5,"4":0,"5":5,"6":24,"7":5,"8":81,"9":81,"10":11,"11":5,"12":83,"13":0,"14":83,"15":83,"16":2,"17":81,"18":5},"f":{"0":24,"1":81,"2":83},"b":{"0":[5,0],"1":[0,5],"2":[0,83],"3":[2,81],"4":[83,82]},"_coverageSchema":"1a1c01bbd47fc00a2c39e90264f33305004495a9","hash":"c5b24f7d966cc1721898bad65d0ff3d3bed68128"}
,"C:\\test\\todotodotodo\\backend\\src\\utils\\validation.js": {"path":"C:\\test\\todotodotodo\\backend\\src\\utils\\validation.js","statementMap":{"0":{"start":{"line":4,"column":22},"end":{"line":7,"column":1}},"1":{"start":{"line":5,"column":21},"end":{"line":5,"column":72}},"2":{"start":{"line":6,"column":2},"end":{"line":6,"column":32}},"3":{"start":{"line":10,"column":25},"end":{"line":24,"column":1}},"4":{"start":{"line":11,"column":2},"end":{"line":13,"column":3}},"5":{"start":{"line":12,"column":4},"end":{"line":12,"column":82}},"6":{"start":{"line":14,"column":2},"end":{"line":16,"column":3}},"7":{"start":{"line":15,"column":4},"end":{"line":15,"column":80}},"8":{"start":{"line":17,"column":2},"end":{"line":19,"column":3}},"9":{"start":{"line":18,"column":4},"end":{"line":18,"column":80}},"10":{"start":{"line":20,"column":2},"end":{"line":22,"column":3}},"11":{"start":{"line":21,"column":4},"end":{"line":21,"column":91}},"12":{"start":{"line":23,"column":2},"end":{"line":23,"column":25}},"13":{"start":{"line":27,"column":21},"end":{"line":32,"column":1}},"14":{"start":{"line":28,"column":2},"end":{"line":30,"column":3}},"15":{"start":{"line":29,"column":4},"end":{"line":29,"column":79}},"16":{"start":{"line":31,"column":2},"end":{"line":31,"column":25}},"17":{"start":{"line":35,"column":22},"end":{"line":40,"column":1}},"18":{"start":{"line":36,"column":2},"end":{"line":38,"column":3}},"19":{"start":{"line":37,"column":4},"end":{"line":37,"column":81}},"20":{"start":{"line":39,"column":2},"end":{"line":39,"column":25}},"21":{"start":{"line":43,"column":21},"end":{"line":53,"column":1}},"22":{"start":{"line":44,"column":20},"end":{"line":44,"column":41}},"23":{"start":{"line":45,"column":2},"end":{"line":47,"column":3}},"24":{"start":{"line":46,"column":4},"end":{"line":46,"column":72}},"25":{"start":{"line":48,"column":15},"end":{"line":48,"column":35}},"26":{"start":{"line":49,"column":2},"end":{"line":51,"column":3}},"27":{"start":{"line":50,"column":4},"end":{"line":50,"column":51}},"28":{"start":{"line":52,"column":2},"end":{"line":52,"column":31}},"29":{"start":{"line":56,"column":26},"end":{"line":63,"column":1}},"30":{"start":{"line":57,"column":16},"end":{"line":57,"column":35}},"31":{"start":{"line":58,"column":14},"end":{"line":58,"column":31}},"32":{"start":{"line":59,"column":2},"end":{"line":61,"column":3}},"33":{"start":{"line":60,"column":4},"end":{"line":60,"column":85}},"34":{"start":{"line":62,"column":2},"end":{"line":62,"column":25}},"35":{"start":{"line":66,"column":25},"end":{"line":72,"column":1}},"36":{"start":{"line":67,"column":14},"end":{"line":67,"column":36}},"37":{"start":{"line":68,"column":2},"end":{"line":70,"column":3}},"38":{"start":{"line":69,"column":4},"end":{"line":69,"column":76}},"39":{"start":{"line":71,"column":2},"end":{"line":71,"column":25}},"40":{"start":{"line":74,"column":0},"end":{"line":82,"column":2}}},"fnMap":{"0":{"name":"(anonymous_0)","decl":{"start":{"line":4,"column":22},"end":{"line":4,"column":23}},"loc":{"start":{"line":4,"column":33},"end":{"line":7,"column":1}},"line":4},"1":{"name":"(anonymous_1)","decl":{"start":{"line":10,"column":25},"end":{"line":10,"column":26}},"loc":{"start":{"line":10,"column":39},"end":{"line":24,"column":1}},"line":10},"2":{"name":"(anonymous_2)","decl":{"start":{"line":27,"column":21},"end":{"line":27,"column":22}},"loc":{"start":{"line":27,"column":31},"end":{"line":32,"column":1}},"line":27},"3":{"name":"(anonymous_3)","decl":{"start":{"line":35,"column":22},"end":{"line":35,"column":23}},"loc":{"start":{"line":35,"column":33},"end":{"line":40,"column":1}},"line":35},"4":{"name":"(anonymous_4)","decl":{"start":{"line":43,"column":21},"end":{"line":43,"column":22}},"loc":{"start":{"line":43,"column":37},"end":{"line":53,"column":1}},"line":43},"5":{"name":"(anonymous_5)","decl":{"start":{"line":56,"column":26},"end":{"line":56,"column":27}},"loc":{"start":{"line":56,"column":50},"end":{"line":63,"column":1}},"line":56},"6":{"name":"(anonymous_6)","decl":{"start":{"line":66,"column":25},"end":{"line":66,"column":26}},"loc":{"start":{"line":66,"column":39},"end":{"line":72,"column":1}},"line":66}},"branchMap":{"0":{"loc":{"start":{"line":11,"column":2},"end":{"line":13,"column":3}},"type":"if","locations":[{"start":{"line":11,"column":2},"end":{"line":13,"column":3}},{"start":{},"end":{}}],"line":11},"1":{"loc":{"start":{"line":14,"column":2},"end":{"line":16,"column":3}},"type":"if","locations":[{"start":{"line":14,"column":2},"end":{"line":16,"column":3}},{"start":{},"end":{}}],"line":14},"2":{"loc":{"start":{"line":17,"column":2},"end":{"line":19,"column":3}},"type":"if","locations":[{"start":{"line":17,"column":2},"end":{"line":19,"column":3}},{"start":{},"end":{}}],"line":17},"3":{"loc":{"start":{"line":20,"column":2},"end":{"line":22,"column":3}},"type":"if","locations":[{"start":{"line":20,"column":2},"end":{"line":22,"column":3}},{"start":{},"end":{}}],"line":20},"4":{"loc":{"start":{"line":28,"column":2},"end":{"line":30,"column":3}},"type":"if","locations":[{"start":{"line":28,"column":2},"end":{"line":30,"column":3}},{"start":{},"end":{}}],"line":28},"5":{"loc":{"start":{"line":28,"column":6},"end":{"line":28,"column":41}},"type":"binary-expr","locations":[{"start":{"line":28,"column":6},"end":{"line":28,"column":21}},{"start":{"line":28,"column":25},"end":{"line":28,"column":41}}],"line":28},"6":{"loc":{"start":{"line":36,"column":2},"end":{"line":38,"column":3}},"type":"if","locations":[{"start":{"line":36,"column":2},"end":{"line":38,"column":3}},{"start":{},"end":{}}],"line":36},"7":{"loc":{"start":{"line":36,"column":6},"end":{"line":36,"column":44}},"type":"binary-expr","locations":[{"start":{"line":36,"column":6},"end":{"line":36,"column":22}},{"start":{"line":36,"column":26},"end":{"line":36,"column":44}}],"line":36},"8":{"loc":{"start":{"line":45,"column":2},"end":{"line":47,"column":3}},"type":"if","locations":[{"start":{"line":45,"column":2},"end":{"line":47,"column":3}},{"start":{},"end":{}}],"line":45},"9":{"loc":{"start":{"line":49,"column":2},"end":{"line":51,"column":3}},"type":"if","locations":[{"start":{"line":49,"column":2},"end":{"line":51,"column":3}},{"start":{},"end":{}}],"line":49},"10":{"loc":{"start":{"line":59,"column":2},"end":{"line":61,"column":3}},"type":"if","locations":[{"start":{"line":59,"column":2},"end":{"line":61,"column":3}},{"start":{},"end":{}}],"line":59},"11":{"loc":{"start":{"line":68,"column":2},"end":{"line":70,"column":3}},"type":"if","locations":[{"start":{"line":68,"column":2},"end":{"line":70,"column":3}},{"start":{},"end":{}}],"line":68},"12":{"loc":{"start":{"line":68,"column":6},"end":{"line":68,"column":43}},"type":"binary-expr","locations":[{"start":{"line":68,"column":6},"end":{"line":68,"column":16}},{"start":{"line":68,"column":20},"end":{"line":68,"column":27}},{"start":{"line":68,"column":31},"end":{"line":68,"column":43}}],"line":68}},"s":{"0":4,"1":48,"2":48,"3":4,"4":26,"5":2,"6":24,"7":1,"8":23,"9":1,"10":22,"11":1,"12":21,"13":4,"14":21,"15":3,"16":18,"17":4,"18":16,"19":4,"20":12,"21":4,"22":24,"23":24,"24":3,"25":21,"26":21,"27":0,"28":21,"29":4,"30":11,"31":11,"32":11,"33":3,"34":8,"35":4,"36":0,"37":0,"38":0,"39":0,"40":4},"f":{"0":48,"1":26,"2":21,"3":16,"4":24,"5":11,"6":0},"b":{"0":[2,24],"1":[1,23],"2":[1,22],"3":[1,21],"4":[3,18],"5":[21,19],"6":[4,12],"7":[16,14],"8":[3,21],"9":[0,21],"10":[3,8],"11":[0,0],"12":[0,0,0]},"_coverageSchema":"1a1c01bbd47fc00a2c39e90264f33305004495a9","hash":"84ea4d196d26c646e3a4f03305402e592254177c"}
}
