TN:
SF:src\config\database.js
FN:10,(anonymous_0)
FNF:1
FNH:0
FNDA:0,(anonymous_0)
DA:2,4
DA:3,4
DA:5,4
DA:10,4
DA:11,0
DA:14,4
LF:6
LH:5
BRDA:7,0,0,0
BRDA:7,0,1,4
BRF:2
BRH:1
end_of_record
TN:
SF:src\middleware\authMiddleware.js
FN:4,(anonymous_0)
FNF:1
FNH:1
FNDA:94,(anonymous_0)
DA:2,4
DA:4,4
DA:5,94
DA:6,94
DA:8,94
DA:9,11
DA:16,83
DA:18,83
DA:19,2
DA:26,81
DA:28,81
DA:29,11
DA:37,70
DA:38,70
DA:40,0
DA:48,4
LF:16
LH:15
BRDA:8,0,0,11
BRDA:8,0,1,83
BRDA:18,1,0,2
BRDA:18,1,1,81
BRDA:28,2,0,11
BRDA:28,2,1,70
BRF:6
BRH:6
end_of_record
TN:
SF:src\routes\authRoutes.js
FN:22,(anonymous_0)
FN:96,(anonymous_1)
FNF:2
FNH:2
FNDA:40,(anonymous_0)
FNDA:23,(anonymous_1)
DA:2,4
DA:3,4
DA:4,4
DA:5,4
DA:6,4
DA:11,4
DA:16,4
DA:19,4
DA:22,4
DA:23,40
DA:24,40
DA:27,40
DA:28,9
DA:32,31
DA:33,5
DA:37,26
DA:38,26
DA:39,5
DA:43,21
DA:44,21
DA:45,3
DA:49,18
DA:54,17
DA:55,2
DA:59,15
DA:62,15
DA:67,15
DA:70,15
DA:82,25
DA:83,0
DA:91,25
DA:96,4
DA:97,23
DA:98,23
DA:101,23
DA:102,6
DA:106,17
DA:107,0
DA:111,17
DA:116,17
DA:117,16
DA:119,16
DA:121,11
DA:124,5
DA:128,16
DA:129,9
DA:133,7
DA:136,7
DA:150,16
DA:154,4
LF:50
LH:48
BRDA:27,0,0,9
BRDA:27,0,1,31
BRDA:27,1,0,40
BRDA:27,1,1,35
BRDA:27,1,2,33
BRDA:32,2,0,5
BRDA:32,2,1,26
BRDA:38,3,0,5
BRDA:38,3,1,21
BRDA:44,4,0,3
BRDA:44,4,1,18
BRDA:54,5,0,2
BRDA:54,5,1,15
BRDA:82,6,0,0
BRDA:82,6,1,25
BRDA:101,7,0,6
BRDA:101,7,1,17
BRDA:101,8,0,23
BRDA:101,8,1,19
BRDA:106,9,0,0
BRDA:106,9,1,17
BRDA:119,10,0,11
BRDA:119,10,1,5
BRDA:128,11,0,9
BRDA:128,11,1,7
BRDA:128,12,0,16
BRDA:128,12,1,11
BRF:27
BRH:25
end_of_record
TN:
SF:src\routes\todoRoutes.js
FN:16,(anonymous_0)
FN:70,(anonymous_1)
FN:99,(anonymous_2)
FN:189,(anonymous_3)
FN:225,(anonymous_4)
FN:334,(anonymous_5)
FN:370,(anonymous_6)
FN:422,(anonymous_7)
FN:458,(anonymous_8)
FN:516,(anonymous_9)
FN:552,(anonymous_10)
FN:611,(anonymous_11)
FN:647,(anonymous_12)
FN:704,(anonymous_13)
FN:802,(anonymous_14)
FN:846,(anonymous_15)
FNF:16
FNH:15
FNDA:15,(anonymous_0)
FNDA:27,(anonymous_1)
FNDA:16,(anonymous_2)
FNDA:10,(anonymous_3)
FNDA:11,(anonymous_4)
FNDA:8,(anonymous_5)
FNDA:5,(anonymous_6)
FNDA:4,(anonymous_7)
FNDA:5,(anonymous_8)
FNDA:4,(anonymous_9)
FNDA:6,(anonymous_10)
FNDA:6,(anonymous_11)
FNDA:8,(anonymous_12)
FNDA:10,(anonymous_13)
FNDA:6,(anonymous_14)
FNDA:0,(anonymous_15)
DA:2,4
DA:3,4
DA:4,4
DA:5,4
DA:6,4
DA:13,4
DA:16,4
DA:17,15
DA:18,15
DA:19,15
DA:22,15
DA:23,15
DA:24,2
DA:28,13
DA:29,13
DA:31,13
DA:33,1
DA:34,1
DA:35,12
DA:37,1
DA:38,1
DA:39,11
DA:41,2
DA:44,9
DA:47,13
DA:48,13
DA:67,13
DA:70,27
DA:85,13
DA:94,2
DA:99,4
DA:100,16
DA:102,16
DA:105,16
DA:108,16
DA:109,4
DA:113,12
DA:114,12
DA:115,3
DA:119,9
DA:120,9
DA:121,2
DA:124,7
DA:125,7
DA:126,0
DA:130,7
DA:131,7
DA:132,2
DA:136,5
DA:141,5
DA:142,5
DA:145,5
DA:148,5
DA:176,5
DA:186,5
DA:189,5
DA:190,10
DA:191,10
DA:192,10
DA:193,10
DA:194,10
DA:195,10
DA:198,5
DA:213,5
DA:220,11
DA:225,4
DA:226,11
DA:227,11
DA:228,11
DA:229,11
DA:232,11
DA:248,11
DA:250,11
DA:251,1
DA:254,10
DA:257,10
DA:258,2
DA:262,8
DA:263,1
DA:267,7
DA:268,7
DA:269,7
DA:271,7
DA:272,4
DA:273,4
DA:274,1
DA:278,6
DA:279,4
DA:280,4
DA:281,1
DA:285,5
DA:286,4
DA:287,4
DA:288,0
DA:293,5
DA:294,5
DA:296,5
DA:297,4
DA:298,4
DA:299,1
DA:304,4
DA:305,4
DA:306,4
DA:308,4
DA:309,3
DA:310,3
DA:311,3
DA:314,4
DA:315,2
DA:316,2
DA:317,2
DA:320,4
DA:321,3
DA:322,3
DA:323,3
DA:326,4
DA:327,4
DA:328,4
DA:330,4
DA:333,4
DA:334,4
DA:335,8
DA:336,8
DA:337,8
DA:338,8
DA:339,8
DA:340,8
DA:343,4
DA:358,4
DA:365,7
DA:370,4
DA:371,5
DA:372,5
DA:373,5
DA:376,5
DA:383,5
DA:385,5
DA:386,1
DA:389,4
DA:392,4
DA:393,2
DA:397,2
DA:418,2
DA:421,2
DA:422,2
DA:423,4
DA:424,4
DA:425,4
DA:426,4
DA:427,4
DA:428,4
DA:431,2
DA:446,2
DA:453,3
DA:458,4
DA:459,5
DA:460,5
DA:461,5
DA:464,5
DA:472,5
DA:474,5
DA:475,1
DA:478,4
DA:481,4
DA:482,1
DA:486,3
DA:487,1
DA:491,2
DA:512,2
DA:515,2
DA:516,2
DA:517,4
DA:518,4
DA:519,4
DA:520,4
DA:521,4
DA:522,4
DA:525,2
DA:540,2
DA:547,3
DA:552,4
DA:553,6
DA:554,6
DA:555,6
DA:558,6
DA:567,6
DA:569,6
DA:570,1
DA:573,5
DA:576,5
DA:577,1
DA:581,4
DA:582,1
DA:586,3
DA:587,3
DA:607,3
DA:610,3
DA:611,3
DA:612,6
DA:613,6
DA:614,6
DA:615,6
DA:616,6
DA:617,6
DA:620,3
DA:635,3
DA:642,3
DA:647,4
DA:648,8
DA:649,8
DA:650,8
DA:653,8
DA:661,8
DA:663,8
DA:664,2
DA:667,6
DA:670,6
DA:671,2
DA:675,4
DA:676,1
DA:680,3
DA:685,3
DA:687,3
DA:689,0
DA:693,3
DA:699,5
DA:704,4
DA:705,10
DA:706,10
DA:707,10
DA:708,10
DA:711,10
DA:712,2
DA:716,8
DA:717,2
DA:720,6
DA:721,1
DA:725,5
DA:734,5
DA:736,5
DA:737,1
DA:740,4
DA:743,4
DA:744,1
DA:748,3
DA:750,3
DA:751,3
DA:753,3
DA:756,2
DA:764,1
DA:767,1
DA:778,3
DA:798,3
DA:801,3
DA:802,3
DA:803,6
DA:804,6
DA:805,6
DA:806,6
DA:807,6
DA:808,6
DA:811,3
DA:825,3
DA:828,3
DA:834,0
DA:835,0
DA:837,3
DA:841,7
DA:846,4
DA:847,0
DA:848,0
DA:849,0
DA:852,0
DA:860,0
DA:862,0
DA:863,0
DA:866,0
DA:869,0
DA:870,0
DA:874,0
DA:875,0
DA:879,0
DA:884,0
DA:886,0
DA:888,0
DA:892,0
DA:898,0
DA:902,4
LF:288
LH:265
BRDA:23,0,0,2
BRDA:23,0,1,13
BRDA:23,1,0,15
BRDA:23,1,1,6
BRDA:31,2,0,1
BRDA:31,2,1,12
BRDA:35,3,0,1
BRDA:35,3,1,11
BRDA:39,4,0,2
BRDA:39,4,1,9
BRDA:108,5,0,4
BRDA:108,5,1,12
BRDA:108,6,0,16
BRDA:108,6,1,14
BRDA:108,6,2,14
BRDA:108,6,3,13
BRDA:108,6,4,13
BRDA:108,6,5,12
BRDA:114,7,0,3
BRDA:114,7,1,9
BRDA:120,8,0,2
BRDA:120,8,1,7
BRDA:125,9,0,0
BRDA:125,9,1,7
BRDA:131,10,0,2
BRDA:131,10,1,5
BRDA:145,11,0,3
BRDA:145,11,1,2
BRDA:190,12,0,0
BRDA:190,12,1,10
BRDA:250,13,0,1
BRDA:250,13,1,10
BRDA:257,14,0,2
BRDA:257,14,1,8
BRDA:262,15,0,1
BRDA:262,15,1,7
BRDA:267,16,0,7
BRDA:267,16,1,4
BRDA:268,17,0,7
BRDA:268,17,1,4
BRDA:269,18,0,7
BRDA:269,18,1,4
BRDA:271,19,0,4
BRDA:271,19,1,3
BRDA:273,20,0,1
BRDA:273,20,1,3
BRDA:278,21,0,4
BRDA:278,21,1,2
BRDA:280,22,0,1
BRDA:280,22,1,3
BRDA:285,23,0,4
BRDA:285,23,1,1
BRDA:287,24,0,0
BRDA:287,24,1,4
BRDA:293,25,0,3
BRDA:293,25,1,2
BRDA:294,26,0,4
BRDA:294,26,1,1
BRDA:296,27,0,4
BRDA:296,27,1,1
BRDA:296,28,0,5
BRDA:296,28,1,2
BRDA:298,29,0,1
BRDA:298,29,1,3
BRDA:308,30,0,3
BRDA:308,30,1,1
BRDA:314,31,0,2
BRDA:314,31,1,2
BRDA:320,32,0,3
BRDA:320,32,1,1
BRDA:335,33,0,0
BRDA:335,33,1,8
BRDA:385,34,0,1
BRDA:385,34,1,4
BRDA:392,35,0,2
BRDA:392,35,1,2
BRDA:423,36,0,0
BRDA:423,36,1,4
BRDA:474,37,0,1
BRDA:474,37,1,4
BRDA:481,38,0,1
BRDA:481,38,1,3
BRDA:486,39,0,1
BRDA:486,39,1,2
BRDA:517,40,0,0
BRDA:517,40,1,4
BRDA:569,41,0,1
BRDA:569,41,1,5
BRDA:576,42,0,1
BRDA:576,42,1,4
BRDA:581,43,0,1
BRDA:581,43,1,3
BRDA:612,44,0,0
BRDA:612,44,1,6
BRDA:637,45,0,2
BRDA:637,45,1,1
BRDA:663,46,0,2
BRDA:663,46,1,6
BRDA:670,47,0,2
BRDA:670,47,1,4
BRDA:675,48,0,1
BRDA:675,48,1,3
BRDA:687,49,0,0
BRDA:687,49,1,3
BRDA:711,50,0,2
BRDA:711,50,1,8
BRDA:711,51,0,10
BRDA:711,51,1,8
BRDA:716,52,0,2
BRDA:716,52,1,6
BRDA:716,53,0,8
BRDA:716,53,1,8
BRDA:720,54,0,1
BRDA:720,54,1,5
BRDA:736,55,0,1
BRDA:736,55,1,4
BRDA:743,56,0,1
BRDA:743,56,1,3
BRDA:753,57,0,2
BRDA:753,57,1,1
BRDA:764,58,0,1
BRDA:764,58,1,0
BRDA:803,59,0,0
BRDA:803,59,1,6
BRDA:862,60,0,0
BRDA:862,60,1,0
BRDA:869,61,0,0
BRDA:869,61,1,0
BRDA:874,62,0,0
BRDA:874,62,1,0
BRDA:886,63,0,0
BRDA:886,63,1,0
BRF:132
BRH:114
end_of_record
TN:
SF:src\utils\bcrypt.js
FN:7,(anonymous_0)
FN:12,(anonymous_1)
FNF:2
FNH:2
FNDA:15,(anonymous_0)
FNDA:16,(anonymous_1)
DA:2,4
DA:4,4
DA:7,4
DA:8,15
DA:12,4
DA:13,16
DA:16,4
LF:7
LH:7
BRF:0
BRH:0
end_of_record
TN:
SF:src\utils\customErrors.js
FN:6,(anonymous_0)
FN:18,(anonymous_1)
FN:25,(anonymous_2)
FN:31,(anonymous_3)
FN:37,(anonymous_4)
FN:43,(anonymous_5)
FNF:6
FNH:6
FNDA:80,(anonymous_0)
FNDA:51,(anonymous_1)
FNDA:9,(anonymous_2)
FNDA:9,(anonymous_3)
FNDA:7,(anonymous_4)
FNDA:4,(anonymous_5)
DA:7,80
DA:8,80
DA:9,80
DA:10,80
DA:11,80
DA:13,80
DA:19,51
DA:20,51
DA:26,9
DA:32,9
DA:38,7
DA:44,4
DA:48,4
LF:13
LH:13
BRDA:10,0,0,80
BRDA:10,0,1,0
BRDA:18,1,0,21
BRDA:31,2,0,9
BRDA:37,3,0,0
BRF:5
BRH:3
end_of_record
TN:
SF:src\utils\errorHandler.js
FN:18,(anonymous_0)
FN:36,(anonymous_1)
FN:59,(anonymous_2)
FNF:3
FNH:3
FNDA:2,(anonymous_0)
FNDA:93,(anonymous_1)
FNDA:93,(anonymous_2)
DA:14,5
DA:19,2
DA:20,2
DA:36,5
DA:37,93
DA:44,93
DA:45,1
DA:48,93
DA:59,5
DA:61,93
DA:62,3
DA:63,3
DA:67,3
DA:74,3
DA:78,90
DA:81,90
DA:84,90
DA:85,6
DA:87,0
DA:88,0
DA:90,0
DA:91,0
DA:93,0
DA:94,0
DA:96,0
DA:97,0
DA:99,6
DA:100,6
DA:102,0
DA:107,90
DA:108,1
DA:119,89
DA:123,90
DA:124,90
DA:127,5
LF:35
LH:26
BRDA:19,0,0,2
BRDA:19,0,1,0
BRDA:36,1,0,3
BRDA:44,2,0,1
BRDA:44,2,1,92
BRDA:44,3,0,93
BRDA:44,3,1,1
BRDA:61,4,0,3
BRDA:61,4,1,90
BRDA:61,5,0,93
BRDA:61,5,1,3
BRDA:63,6,0,2
BRDA:63,6,1,1
BRDA:78,7,0,90
BRDA:78,7,1,2
BRDA:78,7,2,2
BRDA:81,8,0,90
BRDA:81,8,1,6
BRDA:84,9,0,6
BRDA:84,9,1,84
BRDA:85,10,0,0
BRDA:85,10,1,0
BRDA:85,10,2,0
BRDA:85,10,3,0
BRDA:85,10,4,6
BRDA:85,10,5,0
BRDA:107,11,0,1
BRDA:107,11,1,89
BRDA:123,12,0,90
BRDA:123,12,1,0
BRF:30
BRH:23
end_of_record
TN:
SF:src\utils\jwt.js
FN:16,(anonymous_0)
FN:25,(anonymous_1)
FN:34,(anonymous_2)
FNF:3
FNH:3
FNDA:24,(anonymous_0)
FNDA:81,(anonymous_1)
FNDA:83,(anonymous_2)
DA:2,5
DA:4,5
DA:5,5
DA:8,5
DA:9,0
DA:16,5
DA:17,24
DA:25,5
DA:26,81
DA:27,81
DA:29,11
DA:34,5
DA:35,83
DA:36,83
DA:37,83
DA:38,81
DA:41,5
LF:17
LH:16
BRDA:5,0,0,5
BRDA:5,0,1,0
BRDA:8,1,0,0
BRDA:8,1,1,5
BRDA:35,2,0,0
BRDA:35,2,1,83
BRDA:37,3,0,2
BRDA:37,3,1,81
BRDA:37,4,0,83
BRDA:37,4,1,82
BRF:10
BRH:7
end_of_record
TN:
SF:src\utils\validation.js
FN:4,(anonymous_0)
FN:10,(anonymous_1)
FN:27,(anonymous_2)
FN:35,(anonymous_3)
FN:43,(anonymous_4)
FN:56,(anonymous_5)
FN:66,(anonymous_6)
FNF:7
FNH:6
FNDA:48,(anonymous_0)
FNDA:26,(anonymous_1)
FNDA:21,(anonymous_2)
FNDA:16,(anonymous_3)
FNDA:24,(anonymous_4)
FNDA:11,(anonymous_5)
FNDA:0,(anonymous_6)
DA:4,4
DA:5,48
DA:6,48
DA:10,4
DA:11,26
DA:12,2
DA:14,24
DA:15,1
DA:17,23
DA:18,1
DA:20,22
DA:21,1
DA:23,21
DA:27,4
DA:28,21
DA:29,3
DA:31,18
DA:35,4
DA:36,16
DA:37,4
DA:39,12
DA:43,4
DA:44,24
DA:45,24
DA:46,3
DA:48,21
DA:49,21
DA:50,0
DA:52,21
DA:56,4
DA:57,11
DA:58,11
DA:59,11
DA:60,3
DA:62,8
DA:66,4
DA:67,0
DA:68,0
DA:69,0
DA:71,0
DA:74,4
LF:41
LH:36
BRDA:11,0,0,2
BRDA:11,0,1,24
BRDA:14,1,0,1
BRDA:14,1,1,23
BRDA:17,2,0,1
BRDA:17,2,1,22
BRDA:20,3,0,1
BRDA:20,3,1,21
BRDA:28,4,0,3
BRDA:28,4,1,18
BRDA:28,5,0,21
BRDA:28,5,1,19
BRDA:36,6,0,4
BRDA:36,6,1,12
BRDA:36,7,0,16
BRDA:36,7,1,14
BRDA:45,8,0,3
BRDA:45,8,1,21
BRDA:49,9,0,0
BRDA:49,9,1,21
BRDA:59,10,0,3
BRDA:59,10,1,8
BRDA:68,11,0,0
BRDA:68,11,1,0
BRDA:68,12,0,0
BRDA:68,12,1,0
BRDA:68,12,2,0
BRF:27
BRH:21
end_of_record
