TN:
SF:src\config\database.js
FN:10,(anonymous_0)
FNF:1
FNH:0
FNDA:0,(anonymous_0)
DA:2,0
DA:3,0
DA:5,0
DA:10,0
DA:11,0
DA:14,0
LF:6
LH:0
BRDA:7,0,0,0
BRDA:7,0,1,0
BRF:2
BRH:0
end_of_record
TN:
SF:src\middleware\authMiddleware.js
FN:4,(anonymous_0)
FNF:1
FNH:0
FNDA:0,(anonymous_0)
DA:2,0
DA:4,0
DA:5,0
DA:6,0
DA:8,0
DA:9,0
DA:16,0
DA:18,0
DA:19,0
DA:26,0
DA:28,0
DA:29,0
DA:37,0
DA:38,0
DA:40,0
DA:48,0
LF:16
LH:0
BRDA:8,0,0,0
BRDA:8,0,1,0
BRDA:18,1,0,0
BRDA:18,1,1,0
BRDA:28,2,0,0
BRDA:28,2,1,0
BRF:6
BRH:0
end_of_record
TN:
SF:src\routes\authRoutes.js
FN:17,(anonymous_0)
FN:116,(anonymous_1)
FNF:2
FNH:0
FNDA:0,(anonymous_0)
FNDA:0,(anonymous_1)
DA:2,0
DA:3,0
DA:4,0
DA:5,0
DA:6,0
DA:11,0
DA:14,0
DA:17,0
DA:18,0
DA:19,0
DA:22,0
DA:23,0
DA:31,0
DA:32,0
DA:40,0
DA:41,0
DA:42,0
DA:50,0
DA:51,0
DA:52,0
DA:60,0
DA:65,0
DA:66,0
DA:74,0
DA:77,0
DA:82,0
DA:85,0
DA:96,0
DA:99,0
DA:100,0
DA:107,0
DA:116,0
DA:117,0
DA:118,0
DA:121,0
DA:122,0
DA:130,0
DA:131,0
DA:139,0
DA:144,0
DA:145,0
DA:147,0
DA:149,0
DA:152,0
DA:156,0
DA:157,0
DA:165,0
DA:168,0
DA:181,0
DA:182,0
DA:190,0
LF:51
LH:0
BRDA:22,0,0,0
BRDA:22,0,1,0
BRDA:22,1,0,0
BRDA:22,1,1,0
BRDA:22,1,2,0
BRDA:31,2,0,0
BRDA:31,2,1,0
BRDA:41,3,0,0
BRDA:41,3,1,0
BRDA:51,4,0,0
BRDA:51,4,1,0
BRDA:65,5,0,0
BRDA:65,5,1,0
BRDA:99,6,0,0
BRDA:99,6,1,0
BRDA:121,7,0,0
BRDA:121,7,1,0
BRDA:121,8,0,0
BRDA:121,8,1,0
BRDA:130,9,0,0
BRDA:130,9,1,0
BRDA:147,10,0,0
BRDA:147,10,1,0
BRDA:156,11,0,0
BRDA:156,11,1,0
BRDA:156,12,0,0
BRDA:156,12,1,0
BRF:27
BRH:0
end_of_record
TN:
SF:src\routes\todoRoutes.js
FN:9,(anonymous_0)
FN:67,(anonymous_1)
FN:100,(anonymous_2)
FN:210,(anonymous_3)
FN:250,(anonymous_4)
FN:387,(anonymous_5)
FN:427,(anonymous_6)
FN:487,(anonymous_7)
FN:527,(anonymous_8)
FN:597,(anonymous_9)
FN:637,(anonymous_10)
FN:708,(anonymous_11)
FN:748,(anonymous_12)
FN:866,(anonymous_13)
FN:914,(anonymous_14)
FNF:15
FNH:0
FNDA:0,(anonymous_0)
FNDA:0,(anonymous_1)
FNDA:0,(anonymous_2)
FNDA:0,(anonymous_3)
FNDA:0,(anonymous_4)
FNDA:0,(anonymous_5)
FNDA:0,(anonymous_6)
FNDA:0,(anonymous_7)
FNDA:0,(anonymous_8)
FNDA:0,(anonymous_9)
FNDA:0,(anonymous_10)
FNDA:0,(anonymous_11)
FNDA:0,(anonymous_12)
FNDA:0,(anonymous_13)
FNDA:0,(anonymous_14)
DA:2,0
DA:3,0
DA:4,0
DA:5,0
DA:6,0
DA:9,0
DA:10,0
DA:11,0
DA:12,0
DA:15,0
DA:16,0
DA:17,0
DA:25,0
DA:26,0
DA:28,0
DA:30,0
DA:31,0
DA:32,0
DA:34,0
DA:35,0
DA:36,0
DA:38,0
DA:41,0
DA:44,0
DA:45,0
DA:64,0
DA:67,0
DA:82,0
DA:90,0
DA:91,0
DA:100,0
DA:101,0
DA:103,0
DA:106,0
DA:109,0
DA:110,0
DA:118,0
DA:119,0
DA:120,0
DA:128,0
DA:129,0
DA:130,0
DA:137,0
DA:138,0
DA:139,0
DA:147,0
DA:148,0
DA:149,0
DA:157,0
DA:162,0
DA:163,0
DA:166,0
DA:169,0
DA:197,0
DA:207,0
DA:210,0
DA:211,0
DA:212,0
DA:213,0
DA:214,0
DA:215,0
DA:216,0
DA:219,0
DA:234,0
DA:240,0
DA:241,0
DA:250,0
DA:251,0
DA:252,0
DA:253,0
DA:254,0
DA:257,0
DA:273,0
DA:275,0
DA:276,0
DA:283,0
DA:286,0
DA:287,0
DA:295,0
DA:296,0
DA:304,0
DA:305,0
DA:306,0
DA:308,0
DA:309,0
DA:310,0
DA:311,0
DA:319,0
DA:320,0
DA:321,0
DA:322,0
DA:330,0
DA:331,0
DA:332,0
DA:333,0
DA:342,0
DA:343,0
DA:345,0
DA:346,0
DA:347,0
DA:348,0
DA:357,0
DA:358,0
DA:359,0
DA:361,0
DA:362,0
DA:363,0
DA:364,0
DA:367,0
DA:368,0
DA:369,0
DA:370,0
DA:373,0
DA:374,0
DA:375,0
DA:376,0
DA:379,0
DA:380,0
DA:381,0
DA:383,0
DA:386,0
DA:387,0
DA:388,0
DA:389,0
DA:390,0
DA:391,0
DA:392,0
DA:393,0
DA:396,0
DA:411,0
DA:417,0
DA:418,0
DA:427,0
DA:428,0
DA:429,0
DA:430,0
DA:433,0
DA:440,0
DA:442,0
DA:443,0
DA:450,0
DA:453,0
DA:454,0
DA:462,0
DA:483,0
DA:486,0
DA:487,0
DA:488,0
DA:489,0
DA:490,0
DA:491,0
DA:492,0
DA:493,0
DA:496,0
DA:511,0
DA:517,0
DA:518,0
DA:527,0
DA:528,0
DA:529,0
DA:530,0
DA:533,0
DA:541,0
DA:543,0
DA:544,0
DA:551,0
DA:554,0
DA:555,0
DA:563,0
DA:564,0
DA:572,0
DA:593,0
DA:596,0
DA:597,0
DA:598,0
DA:599,0
DA:600,0
DA:601,0
DA:602,0
DA:603,0
DA:606,0
DA:621,0
DA:627,0
DA:628,0
DA:637,0
DA:638,0
DA:639,0
DA:640,0
DA:643,0
DA:652,0
DA:654,0
DA:655,0
DA:662,0
DA:665,0
DA:666,0
DA:674,0
DA:675,0
DA:683,0
DA:684,0
DA:704,0
DA:707,0
DA:708,0
DA:709,0
DA:710,0
DA:711,0
DA:712,0
DA:713,0
DA:714,0
DA:717,0
DA:732,0
DA:738,0
DA:739,0
DA:748,0
DA:749,0
DA:750,0
DA:751,0
DA:752,0
DA:755,0
DA:756,0
DA:764,0
DA:765,0
DA:772,0
DA:773,0
DA:781,0
DA:790,0
DA:792,0
DA:793,0
DA:800,0
DA:803,0
DA:804,0
DA:812,0
DA:814,0
DA:815,0
DA:817,0
DA:820,0
DA:828,0
DA:831,0
DA:842,0
DA:862,0
DA:865,0
DA:866,0
DA:867,0
DA:868,0
DA:869,0
DA:870,0
DA:871,0
DA:872,0
DA:875,0
DA:889,0
DA:892,0
DA:898,0
DA:899,0
DA:901,0
DA:904,0
DA:905,0
DA:914,0
DA:915,0
DA:916,0
DA:917,0
DA:920,0
DA:928,0
DA:930,0
DA:931,0
DA:938,0
DA:941,0
DA:942,0
DA:950,0
DA:951,0
DA:959,0
DA:964,0
DA:966,0
DA:968,0
DA:976,0
DA:981,0
DA:982,0
DA:990,0
LF:276
LH:0
BRDA:16,0,0,0
BRDA:16,0,1,0
BRDA:16,1,0,0
BRDA:16,1,1,0
BRDA:28,2,0,0
BRDA:28,2,1,0
BRDA:32,3,0,0
BRDA:32,3,1,0
BRDA:36,4,0,0
BRDA:36,4,1,0
BRDA:109,5,0,0
BRDA:109,5,1,0
BRDA:109,6,0,0
BRDA:109,6,1,0
BRDA:109,6,2,0
BRDA:109,6,3,0
BRDA:109,6,4,0
BRDA:109,6,5,0
BRDA:119,7,0,0
BRDA:119,7,1,0
BRDA:129,8,0,0
BRDA:129,8,1,0
BRDA:138,9,0,0
BRDA:138,9,1,0
BRDA:148,10,0,0
BRDA:148,10,1,0
BRDA:166,11,0,0
BRDA:166,11,1,0
BRDA:211,12,0,0
BRDA:211,12,1,0
BRDA:275,13,0,0
BRDA:275,13,1,0
BRDA:286,14,0,0
BRDA:286,14,1,0
BRDA:295,15,0,0
BRDA:295,15,1,0
BRDA:304,16,0,0
BRDA:304,16,1,0
BRDA:305,17,0,0
BRDA:305,17,1,0
BRDA:306,18,0,0
BRDA:306,18,1,0
BRDA:308,19,0,0
BRDA:308,19,1,0
BRDA:310,20,0,0
BRDA:310,20,1,0
BRDA:319,21,0,0
BRDA:319,21,1,0
BRDA:321,22,0,0
BRDA:321,22,1,0
BRDA:330,23,0,0
BRDA:330,23,1,0
BRDA:332,24,0,0
BRDA:332,24,1,0
BRDA:342,25,0,0
BRDA:342,25,1,0
BRDA:343,26,0,0
BRDA:343,26,1,0
BRDA:345,27,0,0
BRDA:345,27,1,0
BRDA:345,28,0,0
BRDA:345,28,1,0
BRDA:347,29,0,0
BRDA:347,29,1,0
BRDA:361,30,0,0
BRDA:361,30,1,0
BRDA:367,31,0,0
BRDA:367,31,1,0
BRDA:373,32,0,0
BRDA:373,32,1,0
BRDA:388,33,0,0
BRDA:388,33,1,0
BRDA:442,34,0,0
BRDA:442,34,1,0
BRDA:453,35,0,0
BRDA:453,35,1,0
BRDA:488,36,0,0
BRDA:488,36,1,0
BRDA:543,37,0,0
BRDA:543,37,1,0
BRDA:554,38,0,0
BRDA:554,38,1,0
BRDA:563,39,0,0
BRDA:563,39,1,0
BRDA:598,40,0,0
BRDA:598,40,1,0
BRDA:654,41,0,0
BRDA:654,41,1,0
BRDA:665,42,0,0
BRDA:665,42,1,0
BRDA:674,43,0,0
BRDA:674,43,1,0
BRDA:709,44,0,0
BRDA:709,44,1,0
BRDA:734,45,0,0
BRDA:734,45,1,0
BRDA:755,46,0,0
BRDA:755,46,1,0
BRDA:755,47,0,0
BRDA:755,47,1,0
BRDA:764,48,0,0
BRDA:764,48,1,0
BRDA:764,49,0,0
BRDA:764,49,1,0
BRDA:772,50,0,0
BRDA:772,50,1,0
BRDA:792,51,0,0
BRDA:792,51,1,0
BRDA:803,52,0,0
BRDA:803,52,1,0
BRDA:817,53,0,0
BRDA:817,53,1,0
BRDA:828,54,0,0
BRDA:828,54,1,0
BRDA:867,55,0,0
BRDA:867,55,1,0
BRDA:930,56,0,0
BRDA:930,56,1,0
BRDA:941,57,0,0
BRDA:941,57,1,0
BRDA:950,58,0,0
BRDA:950,58,1,0
BRDA:966,59,0,0
BRDA:966,59,1,0
BRF:124
BRH:0
end_of_record
TN:
SF:src\utils\bcrypt.js
FN:7,(anonymous_0)
FN:12,(anonymous_1)
FNF:2
FNH:0
FNDA:0,(anonymous_0)
FNDA:0,(anonymous_1)
DA:2,0
DA:4,0
DA:7,0
DA:8,0
DA:12,0
DA:13,0
DA:16,0
LF:7
LH:0
BRF:0
BRH:0
end_of_record
TN:
SF:src\utils\errorHandler.js
FN:20,(anonymous_0)
FN:38,(anonymous_1)
FN:61,(anonymous_2)
FNF:3
FNH:0
FNDA:0,(anonymous_0)
FNDA:0,(anonymous_1)
FNDA:0,(anonymous_2)
DA:13,1
DA:16,1
DA:21,0
DA:22,0
DA:38,1
DA:39,0
DA:46,0
DA:47,0
DA:50,0
DA:61,1
DA:63,0
DA:64,0
DA:65,0
DA:69,0
DA:76,0
DA:80,0
DA:83,0
DA:86,0
DA:87,0
DA:89,0
DA:90,0
DA:92,0
DA:93,0
DA:95,0
DA:96,0
DA:98,0
DA:99,0
DA:101,0
DA:102,0
DA:104,0
DA:109,0
DA:110,0
DA:121,0
DA:125,0
DA:126,0
DA:129,1
LF:36
LH:5
BRDA:21,0,0,0
BRDA:21,0,1,0
BRDA:38,1,0,0
BRDA:46,2,0,0
BRDA:46,2,1,0
BRDA:46,3,0,0
BRDA:46,3,1,0
BRDA:63,4,0,0
BRDA:63,4,1,0
BRDA:63,5,0,0
BRDA:63,5,1,0
BRDA:65,6,0,0
BRDA:65,6,1,0
BRDA:80,7,0,0
BRDA:80,7,1,0
BRDA:80,7,2,0
BRDA:83,8,0,0
BRDA:83,8,1,0
BRDA:86,9,0,0
BRDA:86,9,1,0
BRDA:87,10,0,0
BRDA:87,10,1,0
BRDA:87,10,2,0
BRDA:87,10,3,0
BRDA:87,10,4,0
BRDA:87,10,5,0
BRDA:109,11,0,0
BRDA:109,11,1,0
BRDA:125,12,0,0
BRDA:125,12,1,0
BRF:30
BRH:0
end_of_record
TN:
SF:src\utils\jwt.js
FN:16,(anonymous_0)
FN:25,(anonymous_1)
FN:34,(anonymous_2)
FNF:3
FNH:0
FNDA:0,(anonymous_0)
FNDA:0,(anonymous_1)
FNDA:0,(anonymous_2)
DA:2,0
DA:4,0
DA:5,0
DA:8,0
DA:9,0
DA:16,0
DA:17,0
DA:25,0
DA:26,0
DA:27,0
DA:29,0
DA:34,0
DA:35,0
DA:36,0
DA:37,0
DA:38,0
DA:41,0
LF:17
LH:0
BRDA:5,0,0,0
BRDA:5,0,1,0
BRDA:8,1,0,0
BRDA:8,1,1,0
BRDA:35,2,0,0
BRDA:35,2,1,0
BRDA:37,3,0,0
BRDA:37,3,1,0
BRDA:37,4,0,0
BRDA:37,4,1,0
BRF:10
BRH:0
end_of_record
TN:
SF:src\utils\validation.js
FN:4,(anonymous_0)
FN:10,(anonymous_1)
FN:27,(anonymous_2)
FN:35,(anonymous_3)
FN:43,(anonymous_4)
FN:56,(anonymous_5)
FN:66,(anonymous_6)
FNF:7
FNH:0
FNDA:0,(anonymous_0)
FNDA:0,(anonymous_1)
FNDA:0,(anonymous_2)
FNDA:0,(anonymous_3)
FNDA:0,(anonymous_4)
FNDA:0,(anonymous_5)
FNDA:0,(anonymous_6)
DA:4,0
DA:5,0
DA:6,0
DA:10,0
DA:11,0
DA:12,0
DA:14,0
DA:15,0
DA:17,0
DA:18,0
DA:20,0
DA:21,0
DA:23,0
DA:27,0
DA:28,0
DA:29,0
DA:31,0
DA:35,0
DA:36,0
DA:37,0
DA:39,0
DA:43,0
DA:44,0
DA:45,0
DA:46,0
DA:48,0
DA:49,0
DA:50,0
DA:52,0
DA:56,0
DA:57,0
DA:58,0
DA:59,0
DA:60,0
DA:62,0
DA:66,0
DA:67,0
DA:68,0
DA:69,0
DA:71,0
DA:74,0
LF:41
LH:0
BRDA:11,0,0,0
BRDA:11,0,1,0
BRDA:14,1,0,0
BRDA:14,1,1,0
BRDA:17,2,0,0
BRDA:17,2,1,0
BRDA:20,3,0,0
BRDA:20,3,1,0
BRDA:28,4,0,0
BRDA:28,4,1,0
BRDA:28,5,0,0
BRDA:28,5,1,0
BRDA:36,6,0,0
BRDA:36,6,1,0
BRDA:36,7,0,0
BRDA:36,7,1,0
BRDA:45,8,0,0
BRDA:45,8,1,0
BRDA:49,9,0,0
BRDA:49,9,1,0
BRDA:59,10,0,0
BRDA:59,10,1,0
BRDA:68,11,0,0
BRDA:68,11,1,0
BRDA:68,12,0,0
BRDA:68,12,1,0
BRDA:68,12,2,0
BRF:27
BRH:0
end_of_record
