{"C:\\test\\todotodotodo\\src\\config\\database.js": {"path":"C:\\test\\todotodotodo\\src\\config\\database.js","statementMap":{"0":{"start":{"line":2,"column":17},"end":{"line":2,"column":30}},"1":{"start":{"line":3,"column":0},"end":{"line":3,"column":27}},"2":{"start":{"line":5,"column":13},"end":{"line":8,"column":2}},"3":{"start":{"line":10,"column":0},"end":{"line":12,"column":3}},"4":{"start":{"line":11,"column":2},"end":{"line":11,"column":56}},"5":{"start":{"line":14,"column":0},"end":{"line":14,"column":22}}},"fnMap":{"0":{"name":"(anonymous_0)","decl":{"start":{"line":10,"column":17},"end":{"line":10,"column":18}},"loc":{"start":{"line":10,"column":26},"end":{"line":12,"column":1}},"line":10}},"branchMap":{"0":{"loc":{"start":{"line":7,"column":7},"end":{"line":7,"column":84}},"type":"cond-expr","locations":[{"start":{"line":7,"column":47},"end":{"line":7,"column":76}},{"start":{"line":7,"column":79},"end":{"line":7,"column":84}}],"line":7}},"s":{"0":1,"1":1,"2":1,"3":1,"4":0,"5":1},"f":{"0":0},"b":{"0":[0,1]},"_coverageSchema":"1a1c01bbd47fc00a2c39e90264f33305004495a9","hash":"6989fa7c5b9ed2a698a1a501111d205ef1c495b3"}
,"C:\\test\\todotodotodo\\src\\middleware\\authMiddleware.js": {"path":"C:\\test\\todotodotodo\\src\\middleware\\authMiddleware.js","statementMap":{"0":{"start":{"line":2,"column":48},"end":{"line":2,"column":71}},"1":{"start":{"line":4,"column":23},"end":{"line":46,"column":1}},"2":{"start":{"line":5,"column":2},"end":{"line":45,"column":3}},"3":{"start":{"line":6,"column":23},"end":{"line":6,"column":48}},"4":{"start":{"line":8,"column":4},"end":{"line":14,"column":5}},"5":{"start":{"line":9,"column":6},"end":{"line":13,"column":9}},"6":{"start":{"line":16,"column":18},"end":{"line":16,"column":52}},"7":{"start":{"line":18,"column":4},"end":{"line":24,"column":5}},"8":{"start":{"line":19,"column":6},"end":{"line":23,"column":9}},"9":{"start":{"line":26,"column":20},"end":{"line":26,"column":38}},"10":{"start":{"line":28,"column":4},"end":{"line":34,"column":5}},"11":{"start":{"line":29,"column":6},"end":{"line":33,"column":9}},"12":{"start":{"line":37,"column":4},"end":{"line":37,"column":23}},"13":{"start":{"line":38,"column":4},"end":{"line":38,"column":11}},"14":{"start":{"line":40,"column":4},"end":{"line":44,"column":7}},"15":{"start":{"line":48,"column":0},"end":{"line":48,"column":32}}},"fnMap":{"0":{"name":"(anonymous_0)","decl":{"start":{"line":4,"column":23},"end":{"line":4,"column":24}},"loc":{"start":{"line":4,"column":43},"end":{"line":46,"column":1}},"line":4}},"branchMap":{"0":{"loc":{"start":{"line":8,"column":4},"end":{"line":14,"column":5}},"type":"if","locations":[{"start":{"line":8,"column":4},"end":{"line":14,"column":5}},{"start":{},"end":{}}],"line":8},"1":{"loc":{"start":{"line":18,"column":4},"end":{"line":24,"column":5}},"type":"if","locations":[{"start":{"line":18,"column":4},"end":{"line":24,"column":5}},{"start":{},"end":{}}],"line":18},"2":{"loc":{"start":{"line":28,"column":4},"end":{"line":34,"column":5}},"type":"if","locations":[{"start":{"line":28,"column":4},"end":{"line":34,"column":5}},{"start":{},"end":{}}],"line":28}},"s":{"0":0,"1":0,"2":0,"3":0,"4":0,"5":0,"6":0,"7":0,"8":0,"9":0,"10":0,"11":0,"12":0,"13":0,"14":0,"15":0},"f":{"0":0},"b":{"0":[0,0],"1":[0,0],"2":[0,0]}}
,"C:\\test\\todotodotodo\\src\\routes\\authRoutes.js": {"path":"C:\\test\\todotodotodo\\src\\routes\\authRoutes.js","statementMap":{"0":{"start":{"line":2,"column":16},"end":{"line":2,"column":34}},"1":{"start":{"line":3,"column":15},"end":{"line":3,"column":31}},"2":{"start":{"line":4,"column":13},"end":{"line":4,"column":42}},"3":{"start":{"line":5,"column":26},"end":{"line":5,"column":49}},"4":{"start":{"line":6,"column":42},"end":{"line":6,"column":68}},"5":{"start":{"line":11,"column":4},"end":{"line":11,"column":34}},"6":{"start":{"line":14,"column":19},"end":{"line":14,"column":81}},"7":{"start":{"line":17,"column":0},"end":{"line":113,"column":3}},"8":{"start":{"line":18,"column":2},"end":{"line":112,"column":3}},"9":{"start":{"line":19,"column":38},"end":{"line":19,"column":46}},"10":{"start":{"line":22,"column":4},"end":{"line":28,"column":5}},"11":{"start":{"line":23,"column":6},"end":{"line":27,"column":9}},"12":{"start":{"line":31,"column":4},"end":{"line":37,"column":5}},"13":{"start":{"line":32,"column":6},"end":{"line":36,"column":9}},"14":{"start":{"line":40,"column":31},"end":{"line":40,"column":57}},"15":{"start":{"line":41,"column":4},"end":{"line":47,"column":5}},"16":{"start":{"line":42,"column":6},"end":{"line":46,"column":9}},"17":{"start":{"line":50,"column":27},"end":{"line":50,"column":45}},"18":{"start":{"line":51,"column":4},"end":{"line":57,"column":5}},"19":{"start":{"line":52,"column":6},"end":{"line":56,"column":9}},"20":{"start":{"line":60,"column":25},"end":{"line":63,"column":5}},"21":{"start":{"line":65,"column":4},"end":{"line":71,"column":5}},"22":{"start":{"line":66,"column":6},"end":{"line":70,"column":9}},"23":{"start":{"line":74,"column":25},"end":{"line":74,"column":53}},"24":{"start":{"line":77,"column":19},"end":{"line":80,"column":5}},"25":{"start":{"line":82,"column":20},"end":{"line":82,"column":34}},"26":{"start":{"line":85,"column":4},"end":{"line":94,"column":7}},"27":{"start":{"line":96,"column":4},"end":{"line":96,"column":40}},"28":{"start":{"line":99,"column":4},"end":{"line":105,"column":5}},"29":{"start":{"line":100,"column":6},"end":{"line":104,"column":9}},"30":{"start":{"line":107,"column":4},"end":{"line":111,"column":7}},"31":{"start":{"line":116,"column":0},"end":{"line":188,"column":3}},"32":{"start":{"line":117,"column":2},"end":{"line":187,"column":3}},"33":{"start":{"line":118,"column":32},"end":{"line":118,"column":40}},"34":{"start":{"line":121,"column":4},"end":{"line":127,"column":5}},"35":{"start":{"line":122,"column":6},"end":{"line":126,"column":9}},"36":{"start":{"line":130,"column":4},"end":{"line":136,"column":5}},"37":{"start":{"line":131,"column":6},"end":{"line":135,"column":9}},"38":{"start":{"line":139,"column":19},"end":{"line":142,"column":5}},"39":{"start":{"line":144,"column":15},"end":{"line":144,"column":29}},"40":{"start":{"line":145,"column":26},"end":{"line":145,"column":31}},"41":{"start":{"line":147,"column":4},"end":{"line":153,"column":5}},"42":{"start":{"line":149,"column":6},"end":{"line":149,"column":75}},"43":{"start":{"line":152,"column":6},"end":{"line":152,"column":50}},"44":{"start":{"line":156,"column":4},"end":{"line":162,"column":5}},"45":{"start":{"line":157,"column":6},"end":{"line":161,"column":9}},"46":{"start":{"line":165,"column":18},"end":{"line":165,"column":44}},"47":{"start":{"line":168,"column":4},"end":{"line":179,"column":7}},"48":{"start":{"line":181,"column":4},"end":{"line":181,"column":39}},"49":{"start":{"line":182,"column":4},"end":{"line":186,"column":7}},"50":{"start":{"line":190,"column":0},"end":{"line":190,"column":24}}},"fnMap":{"0":{"name":"(anonymous_0)","decl":{"start":{"line":17,"column":23},"end":{"line":17,"column":24}},"loc":{"start":{"line":17,"column":43},"end":{"line":113,"column":1}},"line":17},"1":{"name":"(anonymous_1)","decl":{"start":{"line":116,"column":22},"end":{"line":116,"column":23}},"loc":{"start":{"line":116,"column":42},"end":{"line":188,"column":1}},"line":116}},"branchMap":{"0":{"loc":{"start":{"line":22,"column":4},"end":{"line":28,"column":5}},"type":"if","locations":[{"start":{"line":22,"column":4},"end":{"line":28,"column":5}},{"start":{},"end":{}}],"line":22},"1":{"loc":{"start":{"line":22,"column":8},"end":{"line":22,"column":36}},"type":"binary-expr","locations":[{"start":{"line":22,"column":8},"end":{"line":22,"column":14}},{"start":{"line":22,"column":18},"end":{"line":22,"column":27}},{"start":{"line":22,"column":31},"end":{"line":22,"column":36}}],"line":22},"2":{"loc":{"start":{"line":31,"column":4},"end":{"line":37,"column":5}},"type":"if","locations":[{"start":{"line":31,"column":4},"end":{"line":37,"column":5}},{"start":{},"end":{}}],"line":31},"3":{"loc":{"start":{"line":41,"column":4},"end":{"line":47,"column":5}},"type":"if","locations":[{"start":{"line":41,"column":4},"end":{"line":47,"column":5}},{"start":{},"end":{}}],"line":41},"4":{"loc":{"start":{"line":51,"column":4},"end":{"line":57,"column":5}},"type":"if","locations":[{"start":{"line":51,"column":4},"end":{"line":57,"column":5}},{"start":{},"end":{}}],"line":51},"5":{"loc":{"start":{"line":65,"column":4},"end":{"line":71,"column":5}},"type":"if","locations":[{"start":{"line":65,"column":4},"end":{"line":71,"column":5}},{"start":{},"end":{}}],"line":65},"6":{"loc":{"start":{"line":99,"column":4},"end":{"line":105,"column":5}},"type":"if","locations":[{"start":{"line":99,"column":4},"end":{"line":105,"column":5}},{"start":{},"end":{}}],"line":99},"7":{"loc":{"start":{"line":121,"column":4},"end":{"line":127,"column":5}},"type":"if","locations":[{"start":{"line":121,"column":4},"end":{"line":127,"column":5}},{"start":{},"end":{}}],"line":121},"8":{"loc":{"start":{"line":121,"column":8},"end":{"line":121,"column":27}},"type":"binary-expr","locations":[{"start":{"line":121,"column":8},"end":{"line":121,"column":14}},{"start":{"line":121,"column":18},"end":{"line":121,"column":27}}],"line":121},"9":{"loc":{"start":{"line":130,"column":4},"end":{"line":136,"column":5}},"type":"if","locations":[{"start":{"line":130,"column":4},"end":{"line":136,"column":5}},{"start":{},"end":{}}],"line":130},"10":{"loc":{"start":{"line":147,"column":4},"end":{"line":153,"column":5}},"type":"if","locations":[{"start":{"line":147,"column":4},"end":{"line":153,"column":5}},{"start":{"line":150,"column":11},"end":{"line":153,"column":5}}],"line":147},"11":{"loc":{"start":{"line":156,"column":4},"end":{"line":162,"column":5}},"type":"if","locations":[{"start":{"line":156,"column":4},"end":{"line":162,"column":5}},{"start":{},"end":{}}],"line":156},"12":{"loc":{"start":{"line":156,"column":8},"end":{"line":156,"column":33}},"type":"binary-expr","locations":[{"start":{"line":156,"column":8},"end":{"line":156,"column":13}},{"start":{"line":156,"column":17},"end":{"line":156,"column":33}}],"line":156}},"s":{"0":1,"1":1,"2":1,"3":1,"4":1,"5":1,"6":1,"7":1,"8":35,"9":35,"10":35,"11":8,"12":27,"13":4,"14":23,"15":23,"16":4,"17":19,"18":19,"19":2,"20":17,"21":17,"22":2,"23":15,"24":15,"25":15,"26":15,"27":0,"28":0,"29":0,"30":0,"31":1,"32":21,"33":21,"34":21,"35":5,"36":16,"37":0,"38":16,"39":16,"40":16,"41":16,"42":11,"43":5,"44":16,"45":9,"46":7,"47":7,"48":0,"49":0,"50":1},"f":{"0":35,"1":21},"b":{"0":[8,27],"1":[35,31,29],"2":[4,23],"3":[4,19],"4":[2,17],"5":[2,15],"6":[0,0],"7":[5,16],"8":[21,18],"9":[0,16],"10":[11,5],"11":[9,7],"12":[16,11]},"_coverageSchema":"1a1c01bbd47fc00a2c39e90264f33305004495a9","hash":"a39739bd020d381e26a4e425dfe73fc9b30fd4e7"}
,"C:\\test\\todotodotodo\\src\\utils\\bcrypt.js": {"path":"C:\\test\\todotodotodo\\src\\utils\\bcrypt.js","statementMap":{"0":{"start":{"line":2,"column":15},"end":{"line":2,"column":32}},"1":{"start":{"line":4,"column":20},"end":{"line":4,"column":22}},"2":{"start":{"line":7,"column":21},"end":{"line":9,"column":1}},"3":{"start":{"line":8,"column":2},"end":{"line":8,"column":44}},"4":{"start":{"line":12,"column":24},"end":{"line":14,"column":1}},"5":{"start":{"line":13,"column":2},"end":{"line":13,"column":40}},"6":{"start":{"line":16,"column":0},"end":{"line":19,"column":2}}},"fnMap":{"0":{"name":"(anonymous_0)","decl":{"start":{"line":7,"column":21},"end":{"line":7,"column":22}},"loc":{"start":{"line":7,"column":41},"end":{"line":9,"column":1}},"line":7},"1":{"name":"(anonymous_1)","decl":{"start":{"line":12,"column":24},"end":{"line":12,"column":25}},"loc":{"start":{"line":12,"column":50},"end":{"line":14,"column":1}},"line":12}},"branchMap":{},"s":{"0":1,"1":1,"2":1,"3":15,"4":1,"5":16,"6":1},"f":{"0":15,"1":16},"b":{},"_coverageSchema":"1a1c01bbd47fc00a2c39e90264f33305004495a9","hash":"5af868a98839eb2ab1924f7e536bc16ebb2288a7"}
,"C:\\test\\todotodotodo\\src\\utils\\jwt.js": {"path":"C:\\test\\todotodotodo\\src\\utils\\jwt.js","statementMap":{"0":{"start":{"line":2,"column":12},"end":{"line":2,"column":35}},"1":{"start":{"line":4,"column":19},"end":{"line":4,"column":41}},"2":{"start":{"line":5,"column":23},"end":{"line":5,"column":58}},"3":{"start":{"line":8,"column":0},"end":{"line":13,"column":1}},"4":{"start":{"line":9,"column":2},"end":{"line":12,"column":4}},"5":{"start":{"line":16,"column":22},"end":{"line":22,"column":1}},"6":{"start":{"line":17,"column":2},"end":{"line":21,"column":4}},"7":{"start":{"line":25,"column":20},"end":{"line":31,"column":1}},"8":{"start":{"line":26,"column":2},"end":{"line":30,"column":3}},"9":{"start":{"line":27,"column":4},"end":{"line":27,"column":41}},"10":{"start":{"line":29,"column":4},"end":{"line":29,"column":16}},"11":{"start":{"line":34,"column":31},"end":{"line":39,"column":1}},"12":{"start":{"line":35,"column":2},"end":{"line":35,"column":31}},"13":{"start":{"line":35,"column":19},"end":{"line":35,"column":31}},"14":{"start":{"line":36,"column":16},"end":{"line":36,"column":37}},"15":{"start":{"line":37,"column":2},"end":{"line":37,"column":63}},"16":{"start":{"line":37,"column":51},"end":{"line":37,"column":63}},"17":{"start":{"line":38,"column":2},"end":{"line":38,"column":18}},"18":{"start":{"line":41,"column":0},"end":{"line":45,"column":2}}},"fnMap":{"0":{"name":"(anonymous_0)","decl":{"start":{"line":16,"column":22},"end":{"line":16,"column":23}},"loc":{"start":{"line":16,"column":34},"end":{"line":22,"column":1}},"line":16},"1":{"name":"(anonymous_1)","decl":{"start":{"line":25,"column":20},"end":{"line":25,"column":21}},"loc":{"start":{"line":25,"column":31},"end":{"line":31,"column":1}},"line":25},"2":{"name":"(anonymous_2)","decl":{"start":{"line":34,"column":31},"end":{"line":34,"column":32}},"loc":{"start":{"line":34,"column":47},"end":{"line":39,"column":1}},"line":34}},"branchMap":{"0":{"loc":{"start":{"line":5,"column":23},"end":{"line":5,"column":58}},"type":"binary-expr","locations":[{"start":{"line":5,"column":23},"end":{"line":5,"column":49}},{"start":{"line":5,"column":53},"end":{"line":5,"column":58}}],"line":5},"1":{"loc":{"start":{"line":8,"column":0},"end":{"line":13,"column":1}},"type":"if","locations":[{"start":{"line":8,"column":0},"end":{"line":13,"column":1}},{"start":{},"end":{}}],"line":8},"2":{"loc":{"start":{"line":35,"column":2},"end":{"line":35,"column":31}},"type":"if","locations":[{"start":{"line":35,"column":2},"end":{"line":35,"column":31}},{"start":{},"end":{}}],"line":35},"3":{"loc":{"start":{"line":37,"column":2},"end":{"line":37,"column":63}},"type":"if","locations":[{"start":{"line":37,"column":2},"end":{"line":37,"column":63}},{"start":{},"end":{}}],"line":37},"4":{"loc":{"start":{"line":37,"column":6},"end":{"line":37,"column":49}},"type":"binary-expr","locations":[{"start":{"line":37,"column":6},"end":{"line":37,"column":24}},{"start":{"line":37,"column":28},"end":{"line":37,"column":49}}],"line":37}},"s":{"0":1,"1":1,"2":1,"3":1,"4":0,"5":1,"6":7,"7":1,"8":0,"9":0,"10":0,"11":1,"12":0,"13":0,"14":0,"15":0,"16":0,"17":0,"18":1},"f":{"0":7,"1":0,"2":0},"b":{"0":[1,0],"1":[0,1],"2":[0,0],"3":[0,0],"4":[0,0]},"_coverageSchema":"1a1c01bbd47fc00a2c39e90264f33305004495a9","hash":"13e08a1bf334a2731c2188a87c0aa3362ac557d7"}
,"C:\\test\\todotodotodo\\src\\utils\\validation.js": {"path":"C:\\test\\todotodotodo\\src\\utils\\validation.js","statementMap":{"0":{"start":{"line":4,"column":22},"end":{"line":7,"column":1}},"1":{"start":{"line":5,"column":21},"end":{"line":5,"column":72}},"2":{"start":{"line":6,"column":2},"end":{"line":6,"column":32}},"3":{"start":{"line":10,"column":25},"end":{"line":24,"column":1}},"4":{"start":{"line":11,"column":2},"end":{"line":13,"column":3}},"5":{"start":{"line":12,"column":4},"end":{"line":12,"column":82}},"6":{"start":{"line":14,"column":2},"end":{"line":16,"column":3}},"7":{"start":{"line":15,"column":4},"end":{"line":15,"column":80}},"8":{"start":{"line":17,"column":2},"end":{"line":19,"column":3}},"9":{"start":{"line":18,"column":4},"end":{"line":18,"column":80}},"10":{"start":{"line":20,"column":2},"end":{"line":22,"column":3}},"11":{"start":{"line":21,"column":4},"end":{"line":21,"column":91}},"12":{"start":{"line":23,"column":2},"end":{"line":23,"column":25}},"13":{"start":{"line":27,"column":21},"end":{"line":32,"column":1}},"14":{"start":{"line":28,"column":2},"end":{"line":30,"column":3}},"15":{"start":{"line":29,"column":4},"end":{"line":29,"column":79}},"16":{"start":{"line":31,"column":2},"end":{"line":31,"column":25}},"17":{"start":{"line":35,"column":22},"end":{"line":40,"column":1}},"18":{"start":{"line":36,"column":2},"end":{"line":38,"column":3}},"19":{"start":{"line":37,"column":4},"end":{"line":37,"column":81}},"20":{"start":{"line":39,"column":2},"end":{"line":39,"column":25}},"21":{"start":{"line":43,"column":21},"end":{"line":53,"column":1}},"22":{"start":{"line":44,"column":20},"end":{"line":44,"column":41}},"23":{"start":{"line":45,"column":2},"end":{"line":47,"column":3}},"24":{"start":{"line":46,"column":4},"end":{"line":46,"column":72}},"25":{"start":{"line":48,"column":15},"end":{"line":48,"column":35}},"26":{"start":{"line":49,"column":2},"end":{"line":51,"column":3}},"27":{"start":{"line":50,"column":4},"end":{"line":50,"column":51}},"28":{"start":{"line":52,"column":2},"end":{"line":52,"column":31}},"29":{"start":{"line":56,"column":26},"end":{"line":63,"column":1}},"30":{"start":{"line":57,"column":16},"end":{"line":57,"column":35}},"31":{"start":{"line":58,"column":14},"end":{"line":58,"column":31}},"32":{"start":{"line":59,"column":2},"end":{"line":61,"column":3}},"33":{"start":{"line":60,"column":4},"end":{"line":60,"column":85}},"34":{"start":{"line":62,"column":2},"end":{"line":62,"column":25}},"35":{"start":{"line":66,"column":25},"end":{"line":72,"column":1}},"36":{"start":{"line":67,"column":14},"end":{"line":67,"column":36}},"37":{"start":{"line":68,"column":2},"end":{"line":70,"column":3}},"38":{"start":{"line":69,"column":4},"end":{"line":69,"column":76}},"39":{"start":{"line":71,"column":2},"end":{"line":71,"column":25}},"40":{"start":{"line":74,"column":0},"end":{"line":82,"column":2}}},"fnMap":{"0":{"name":"(anonymous_0)","decl":{"start":{"line":4,"column":22},"end":{"line":4,"column":23}},"loc":{"start":{"line":4,"column":33},"end":{"line":7,"column":1}},"line":4},"1":{"name":"(anonymous_1)","decl":{"start":{"line":10,"column":25},"end":{"line":10,"column":26}},"loc":{"start":{"line":10,"column":39},"end":{"line":24,"column":1}},"line":10},"2":{"name":"(anonymous_2)","decl":{"start":{"line":27,"column":21},"end":{"line":27,"column":22}},"loc":{"start":{"line":27,"column":31},"end":{"line":32,"column":1}},"line":27},"3":{"name":"(anonymous_3)","decl":{"start":{"line":35,"column":22},"end":{"line":35,"column":23}},"loc":{"start":{"line":35,"column":33},"end":{"line":40,"column":1}},"line":35},"4":{"name":"(anonymous_4)","decl":{"start":{"line":43,"column":21},"end":{"line":43,"column":22}},"loc":{"start":{"line":43,"column":37},"end":{"line":53,"column":1}},"line":43},"5":{"name":"(anonymous_5)","decl":{"start":{"line":56,"column":26},"end":{"line":56,"column":27}},"loc":{"start":{"line":56,"column":50},"end":{"line":63,"column":1}},"line":56},"6":{"name":"(anonymous_6)","decl":{"start":{"line":66,"column":25},"end":{"line":66,"column":26}},"loc":{"start":{"line":66,"column":39},"end":{"line":72,"column":1}},"line":66}},"branchMap":{"0":{"loc":{"start":{"line":11,"column":2},"end":{"line":13,"column":3}},"type":"if","locations":[{"start":{"line":11,"column":2},"end":{"line":13,"column":3}},{"start":{},"end":{}}],"line":11},"1":{"loc":{"start":{"line":14,"column":2},"end":{"line":16,"column":3}},"type":"if","locations":[{"start":{"line":14,"column":2},"end":{"line":16,"column":3}},{"start":{},"end":{}}],"line":14},"2":{"loc":{"start":{"line":17,"column":2},"end":{"line":19,"column":3}},"type":"if","locations":[{"start":{"line":17,"column":2},"end":{"line":19,"column":3}},{"start":{},"end":{}}],"line":17},"3":{"loc":{"start":{"line":20,"column":2},"end":{"line":22,"column":3}},"type":"if","locations":[{"start":{"line":20,"column":2},"end":{"line":22,"column":3}},{"start":{},"end":{}}],"line":20},"4":{"loc":{"start":{"line":28,"column":2},"end":{"line":30,"column":3}},"type":"if","locations":[{"start":{"line":28,"column":2},"end":{"line":30,"column":3}},{"start":{},"end":{}}],"line":28},"5":{"loc":{"start":{"line":28,"column":6},"end":{"line":28,"column":41}},"type":"binary-expr","locations":[{"start":{"line":28,"column":6},"end":{"line":28,"column":21}},{"start":{"line":28,"column":25},"end":{"line":28,"column":41}}],"line":28},"6":{"loc":{"start":{"line":36,"column":2},"end":{"line":38,"column":3}},"type":"if","locations":[{"start":{"line":36,"column":2},"end":{"line":38,"column":3}},{"start":{},"end":{}}],"line":36},"7":{"loc":{"start":{"line":36,"column":6},"end":{"line":36,"column":44}},"type":"binary-expr","locations":[{"start":{"line":36,"column":6},"end":{"line":36,"column":22}},{"start":{"line":36,"column":26},"end":{"line":36,"column":44}}],"line":36},"8":{"loc":{"start":{"line":45,"column":2},"end":{"line":47,"column":3}},"type":"if","locations":[{"start":{"line":45,"column":2},"end":{"line":47,"column":3}},{"start":{},"end":{}}],"line":45},"9":{"loc":{"start":{"line":49,"column":2},"end":{"line":51,"column":3}},"type":"if","locations":[{"start":{"line":49,"column":2},"end":{"line":51,"column":3}},{"start":{},"end":{}}],"line":49},"10":{"loc":{"start":{"line":59,"column":2},"end":{"line":61,"column":3}},"type":"if","locations":[{"start":{"line":59,"column":2},"end":{"line":61,"column":3}},{"start":{},"end":{}}],"line":59},"11":{"loc":{"start":{"line":68,"column":2},"end":{"line":70,"column":3}},"type":"if","locations":[{"start":{"line":68,"column":2},"end":{"line":70,"column":3}},{"start":{},"end":{}}],"line":68},"12":{"loc":{"start":{"line":68,"column":6},"end":{"line":68,"column":43}},"type":"binary-expr","locations":[{"start":{"line":68,"column":6},"end":{"line":68,"column":16}},{"start":{"line":68,"column":20},"end":{"line":68,"column":27}},{"start":{"line":68,"column":31},"end":{"line":68,"column":43}}],"line":68}},"s":{"0":1,"1":43,"2":43,"3":1,"4":23,"5":1,"6":22,"7":1,"8":21,"9":1,"10":20,"11":1,"12":19,"13":1,"14":19,"15":2,"16":17,"17":1,"18":0,"19":0,"20":0,"21":1,"22":0,"23":0,"24":0,"25":0,"26":0,"27":0,"28":0,"29":1,"30":0,"31":0,"32":0,"33":0,"34":0,"35":1,"36":0,"37":0,"38":0,"39":0,"40":1},"f":{"0":43,"1":23,"2":19,"3":0,"4":0,"5":0,"6":0},"b":{"0":[1,22],"1":[1,21],"2":[1,20],"3":[1,19],"4":[2,17],"5":[19,18],"6":[0,0],"7":[0,0],"8":[0,0],"9":[0,0],"10":[0,0],"11":[0,0],"12":[0,0,0]},"_coverageSchema":"1a1c01bbd47fc00a2c39e90264f33305004495a9","hash":"6e1f508b60ead36279ada3d4e7846de543105307"}
}
